#
# A fatal error has been detected by the Java Runtime Environment:
#
#  SIGSEGV (0xb) at pc=0x00007fee951a9880, pid=8163, tid=140663759968000
#
# JRE version: 7.0_21-b11
# Java VM: Java HotSpot(TM) 64-Bit Server VM (23.21-b01 mixed mode linux-amd64 compressed oops)
# Problematic frame:
# C  0x00007fee951a9880
[error occurred during error reporting (printing problematic frame), id 0xb]

# Failed to write core dump. Core dumps have been disabled. To enable core dumping, try "ulimit -c unlimited" before starting Java again
#
# If you would like to submit a bug report, please visit:
#   http://bugreport.sun.com/bugreport/crash.jsp
#

---------------  T H R E A D  ---------------

Current thread is native thread

siginfo:si_signo=SIGSEGV: si_errno=0, si_code=1 (SEGV_MAPERR), si_addr=0x00007fee951a9880

Registers:
RAX=0x00007fee951a9880, RBX=0x00007feed5721a38, RCX=0x0000000000000001, RDX=0x0000000000000001
RSP=0x00007feed5720e68, RBP=0x00007feed5519308, RSI=0x00007feed5721700, RDI=0x00007feecc232e90
R8 =0x0000000000000000, R9 =0x0000000000001fe8, R10=0x0000000000000008, R11=0x0000000000000206
R12=0x000000000000001e, R13=0x0000000000000000, R14=0x00007feed55192e0, R15=0x0000000000000004
RIP=0x00007fee951a9880, EFLAGS=0x0000000000010202, CSGSFS=0x0000000000000033, ERR=0x0000000000000014
  TRAPNO=0x000000000000000e

Top of Stack: (sp=0x00007feed5720e68)
0x00007feed5720e68:   00007feed5308d92 00007feed5721700
0x00007feed5720e78:   0000000000000000 0000000000000000
0x00007feed5720e88:   0000000000000000 00007feed5741060
0x00007feed5720e98:   00007fff59b680a0 0000000000001000
0x00007feed5720ea8:   00007feed5308f9c 0000000000000000
0x00007feed5720eb8:   00007feed5721700 00007feed5721700
0x00007feed5720ec8:   1c7241340da11dbe 0000000000000000
0x00007feed5720ed8:   00007feed5741060 00007fff59b680a0
0x00007feed5720ee8:   0000000000001000 e3afebd010c11dbe
0x00007feed5720ef8:   e3afeb55130f1dbe 0000000000000000
0x00007feed5720f08:   0000000000000000 0000000000000000
0x00007feed5720f18:   0000000000000000 0000000000000000
0x00007feed5720f28:   0000000000000000 0000000000000000
0x00007feed5720f38:   0000000000000000 0000000000000000
0x00007feed5720f48:   0000000000000000 0000000000000000
0x00007feed5720f58:   0000000000000000 0000000000000000
0x00007feed5720f68:   0000000000000000 0000000000000000
0x00007feed5720f78:   0000000000000000 0000000000000000
0x00007feed5720f88:   0000000000000000 0000000000000000
0x00007feed5720f98:   0000000000000000 0000000000000000
0x00007feed5720fa8:   0000000000000000 00007feed5721700
0x00007feed5720fb8:   00007feed4c17e1d 0000000000000000
0x00007feed5720fc8:   0000000000000000 0000000000000000
0x00007feed5720fd8:   0000000000000000 0000000000000000
0x00007feed5720fe8:   0000000000000000 0000000000000000
0x00007feed5720ff8:   0000000000000000 0000000000000000
0x00007feed5721008:   0000000000000000 0000000000000000
0x00007feed5721018:   0000000000000000 0000000000000000
0x00007feed5721028:   0000000000000000 0000000000000000
0x00007feed5721038:   0000000000000000 0000000000000000
0x00007feed5721048:   0000000000000000 0000000000000000
0x00007feed5721058:   0000000000000000 0000000000000000 

Instructions: (pc=0x00007fee951a9880)
0x00007fee951a9860:   
[error occurred during error reporting (printing registers, top of stack, instructions near pc), id 0xb]

Register to memory mapping:

RAX=0x00007fee951a9880 is an unknown value
RBX=0x00007feed5721a38 is an unknown value
RCX=0x0000000000000001 is an unknown value
RDX=0x0000000000000001 is an unknown value
RSP=0x00007feed5720e68 is an unknown value
RBP=0x00007feed5519308: <offset 0x218308> in /lib/x86_64-linux-gnu/libpthread.so.0 at 0x00007feed5301000
RSI=0x00007feed5721700 is an unknown value
RDI=0x00007feecc232e90 is an unknown value
R8 =0x0000000000000000 is an unknown value
R9 =0x0000000000001fe8 is an unknown value
R10=0x0000000000000008 is an unknown value
R11=0x0000000000000206 is an unknown value
R12=0x000000000000001e is an unknown value
R13=0x0000000000000000 is an unknown value
R14=0x00007feed55192e0: <offset 0x2182e0> in /lib/x86_64-linux-gnu/libpthread.so.0 at 0x00007feed5301000
R15=0x0000000000000004 is an unknown value


Stack: [0x00007feed5621000,0x00007feed5722000],  sp=0x00007feed5720e68,  free space=1023k
Native frames: (J=compiled Java code, j=interpreted, Vv=VM code, C=native code)
C  0x00007fee951a9880
[error occurred during error reporting (printing native stack), id 0xb]


---------------  P R O C E S S  ---------------

VM state:at safepoint (shutting down)

VM Mutex/Monitor currently owned by a thread:  ([mutex/lock_event])
[0x00007feecc005490] Threads_lock - owner thread: 0x00007feecc092000

Heap
 PSYoungGen      total 27648K, used 4283K [0x00000000e12b0000, 0x00000000e3180000, 0x0000000100000000)
  eden space 23744K, 18% used [0x00000000e12b0000,0x00000000e16dedf8,0x00000000e29e0000)
  from space 3904K, 0% used [0x00000000e2db0000,0x00000000e2db0000,0x00000000e3180000)
  to   space 3904K, 0% used [0x00000000e29e0000,0x00000000e29e0000,0x00000000e2db0000)
 ParOldGen       total 63168K, used 0K [0x00000000a3800000, 0x00000000a75b0000, 0x00000000e12b0000)
  object space 63168K, 0% used [0x00000000a3800000,0x00000000a3800000,0x00000000a75b0000)
 PSPermGen       total 21248K, used 6384K [0x000000009e600000, 0x000000009fac0000, 0x00000000a3800000)
  object space 21248K, 30% used [0x000000009e600000,0x000000009ec3c390,0x000000009fac0000)

Card table byte_map: [0x00007feed274b000,0x00007feed2a59000] byte_map_base: 0x00007feed2258000

Polling page: 0x00007feed573d000

Code Cache  [0x00007feec9000000, 0x00007feec9270000, 0x00007feecc000000)
 total_blobs=373 nmethods=27 adapters=299 free_code_cache=48628Kb largest_free_block=49773632

Compilation events (10 events):
Event: 0.285 Thread 0x00007feecc0eb000 nmethod 22 0x00007feec9074b10 code [0x00007feec9074cc0, 0x00007feec9075250]
Event: 0.287 Thread 0x00007feecc0eb000   23             sun.security.provider.MD5::implCompress (1508 bytes)
Event: 0.302 Thread 0x00007feecc0ed800 nmethod 21 0x00007feec9081b50 code [0x00007feec9081de0, 0x00007feec9082c68]
Event: 0.302 Thread 0x00007feecc0ed800   24             sun.security.provider.ByteArrayAccess::b2iLittle64 (586 bytes)
Event: 0.304 Thread 0x00007feecc0ed800 nmethod 24 0x00007feec907fed0 code [0x00007feec9080000, 0x00007feec90801b8]
Event: 0.304 Thread 0x00007feecc0ed800    2 % !         org.sqlite.SQLiteJDBCLoader::md5sum @ 25 (104 bytes)
Event: 0.310 Thread 0x00007feecc0ed800 nmethod 2% 0x00007feec907d810 code [0x00007feec907d9e0, 0x00007feec907dda0]
Event: 0.311 Thread 0x00007feecc0eb000 nmethod 23 0x00007feec9080c50 code [0x00007feec9080da0, 0x00007feec90819e8]
Event: 0.323 Thread 0x00007feecc0ed800   25             java.lang.String::lastIndexOf (52 bytes)
Event: 0.325 Thread 0x00007feecc0ed800 nmethod 25 0x00007feec9080890 code [0x00007feec90809e0, 0x00007feec9080b48]

GC Heap History (0 events):
No events

Deoptimization events (2 events):
Event: 0.267 Thread 0x00007feecc220000 Uncommon trap 18 fr.pc 0x00007feec907a88c
Event: 0.267 Thread 0x00007feecc220000 Uncommon trap -83 fr.pc 0x00007feec907b954

Internal exceptions (10 events):
Event: 0.267 Thread 0x00007feecc220000 Implicit null exception at 0x00007feec907b2d2 to 0x00007feec907b931
Event: 0.323 Thread 0x00007feecc220000 Threw 0x00000000e157ba80 at /HUDSON/workspace/jdk7u21-2-build-linux-amd64-product/jdk7u21/hotspot/src/share/vm/prims/jvm.cpp:1166
Event: 0.324 Thread 0x00007feecc220000 Threw 0x00000000e1580500 at /HUDSON/workspace/jdk7u21-2-build-linux-amd64-product/jdk7u21/hotspot/src/share/vm/prims/jvm.cpp:1166
Event: 0.324 Thread 0x00007feecc220000 Threw 0x00000000e1589d28 at /HUDSON/workspace/jdk7u21-2-build-linux-amd64-product/jdk7u21/hotspot/src/share/vm/prims/jvm.cpp:1166
Event: 0.326 Thread 0x00007feecc220000 Threw 0x00000000e1595dc8 at /HUDSON/workspace/jdk7u21-2-build-linux-amd64-product/jdk7u21/hotspot/src/share/vm/prims/jvm.cpp:1166
Event: 0.328 Thread 0x00007feecc220000 Threw 0x00000000e15a2da0 at /HUDSON/workspace/jdk7u21-2-build-linux-amd64-product/jdk7u21/hotspot/src/share/vm/prims/jvm.cpp:1166
Event: 0.330 Thread 0x00007feecc220000 Threw 0x00000000e15ae958 at /HUDSON/workspace/jdk7u21-2-build-linux-amd64-product/jdk7u21/hotspot/src/share/vm/prims/jvm.cpp:1166
Event: 0.331 Thread 0x00007feecc220000 Threw 0x00000000e15b4cb0 at /HUDSON/workspace/jdk7u21-2-build-linux-amd64-product/jdk7u21/hotspot/src/share/vm/prims/jvm.cpp:1166
Event: 0.334 Thread 0x00007feecc220000 Threw 0x00000000e15bf270 at /HUDSON/workspace/jdk7u21-2-build-linux-amd64-product/jdk7u21/hotspot/src/share/vm/interpreter/linkReso
Event: 0.334 Thread 0x00007feecc220000 Threw 0x00000000e15bf270 at /HUDSON/workspace/jdk7u21-2-build-linux-amd64-product/jdk7u21/hotspot/src/share/vm/prims/jvm.cpp:1170

Events (10 events):
Event: 1.339 loading class 0x00007feecc1f8380 done
Event: 1.339 Thread 0x00007feecc224000 Thread added: 0x00007feecc224000
Event: 1.339 loading class 0x00007feecc17a8c0
Event: 1.339 loading class 0x00007fee7808f860
Event: 1.339 loading class 0x00007fee7808f860 done
Event: 1.339 loading class 0x00007fee7808d920
Event: 1.339 loading class 0x00007fee7808d920 done
Event: 1.339 loading class 0x00007feecc17a8c0 done
Event: 1.341 Thread 0x00007feecc224000 Thread exited: 0x00007feecc224000
Event: 1.341 Thread 0x00007feecc009000 Thread exited: 0x00007feecc009000


Dynamic libraries:
00400000-00401000 r-xp 00000000 fc:01 1596442                            /usr/lib/jvm/jdk1.7.0_21/bin/java
00600000-00601000 rw-p 00000000 fc:01 1596442                            /usr/lib/jvm/jdk1.7.0_21/bin/java
0182a000-0184b000 rw-p 00000000 00:00 0                                  [heap]
9e600000-9fac0000 rw-p 00000000 00:00 0 
9fac0000-a3800000 rw-p 00000000 00:00 0 
a3800000-a75b0000 rw-p 00000000 00:00 0 
a75b0000-e12b0000 rw-p 00000000 00:00 0 
e12b0000-e3180000 rw-p 00000000 00:00 0 
e3180000-100000000 rw-p 00000000 00:00 0 
7fee78000000-7fee780b6000 rw-p 00000000 00:00 0 
7fee780b6000-7fee7c000000 ---p 00000000 00:00 0 
7fee80000000-7fee80021000 rw-p 00000000 00:00 0 
7fee80021000-7fee84000000 ---p 00000000 00:00 0 
7fee84000000-7fee84021000 rw-p 00000000 00:00 0 
7fee84021000-7fee88000000 ---p 00000000 00:00 0 
7fee8a1e3000-7fee8a1f7000 r-xp 00000000 fc:01 397302                     /lib/x86_64-linux-gnu/libgcc_s.so.1
7fee8a1f7000-7fee8a3f7000 ---p 00014000 fc:01 397302                     /lib/x86_64-linux-gnu/libgcc_s.so.1
7fee8a3f7000-7fee8a3f8000 r--p 00014000 fc:01 397302                     /lib/x86_64-linux-gnu/libgcc_s.so.1
7fee8a3f8000-7fee8a3f9000 rw-p 00015000 fc:01 397302                     /lib/x86_64-linux-gnu/libgcc_s.so.1
7fee8a3f9000-7fee8a4de000 r-xp 00000000 fc:01 1311072                    /usr/lib/x86_64-linux-gnu/libstdc++.so.6.0.17
7fee8a4de000-7fee8a6dd000 ---p 000e5000 fc:01 1311072                    /usr/lib/x86_64-linux-gnu/libstdc++.so.6.0.17
7fee8a6dd000-7fee8a6e5000 r--p 000e4000 fc:01 1311072                    /usr/lib/x86_64-linux-gnu/libstdc++.so.6.0.17
7fee8a6e5000-7fee8a6e7000 rw-p 000ec000 fc:01 1311072                    /usr/lib/x86_64-linux-gnu/libstdc++.so.6.0.17
7fee8a6e7000-7fee8a6fc000 rw-p 00000000 00:00 0 
7fee8c000000-7fee8c021000 rw-p 00000000 00:00 0 
7fee8c021000-7fee90000000 ---p 00000000 00:00 0 
7fee90000000-7fee90021000 rw-p 00000000 00:00 0 
7fee90021000-7fee94000000 ---p 00000000 00:00 0 
7fee9703c000-7fee970c0000 r-xp 00000000 fc:01 658549                     /tmp/sqlite-3.7.2-libsqlitejdbc.so
7fee970c0000-7fee972c0000 ---p 00084000 fc:01 658549                     /tmp/sqlite-3.7.2-libsqlitejdbc.so
7fee972c0000-7fee972c1000 r--p 00084000 fc:01 658549                     /tmp/sqlite-3.7.2-libsqlitejdbc.so
7fee972c1000-7fee972c4000 rw-p 00085000 fc:01 658549                     /tmp/sqlite-3.7.2-libsqlitejdbc.so
7fee972c4000-7fee972c7000 ---p 00000000 00:00 0 
7fee972c7000-7fee973c5000 rw-p 00000000 00:00 0 
7fee973c5000-7fee973c8000 ---p 00000000 00:00 0 
7fee973c8000-7fee974c6000 rw-p 00000000 00:00 0 
7fee974c6000-7fee974c9000 ---p 00000000 00:00 0 
7fee974c9000-7fee975c7000 rw-p 00000000 00:00 0                          [stack:8182]
7fee975c7000-7fee975cc000 r-xp 00000000 fc:01 1316629                    /usr/lib/x86_64-linux-gnu/libXfixes.so.3.1.0
7fee975cc000-7fee977cb000 ---p 00005000 fc:01 1316629                    /usr/lib/x86_64-linux-gnu/libXfixes.so.3.1.0
7fee977cb000-7fee977cc000 r--p 00004000 fc:01 1316629                    /usr/lib/x86_64-linux-gnu/libXfixes.so.3.1.0
7fee977cc000-7fee977cd000 rw-p 00005000 fc:01 1316629                    /usr/lib/x86_64-linux-gnu/libXfixes.so.3.1.0
7fee977cd000-7fee977d6000 r-xp 00000000 fc:01 1317297                    /usr/lib/x86_64-linux-gnu/libXcursor.so.1.0.2
7fee977d6000-7fee979d6000 ---p 00009000 fc:01 1317297                    /usr/lib/x86_64-linux-gnu/libXcursor.so.1.0.2
7fee979d6000-7fee979d7000 r--p 00009000 fc:01 1317297                    /usr/lib/x86_64-linux-gnu/libXcursor.so.1.0.2
7fee979d7000-7fee979d8000 rw-p 0000a000 fc:01 1317297                    /usr/lib/x86_64-linux-gnu/libXcursor.so.1.0.2
7fee979d8000-7fee979dd000 r-xp 00000000 fc:01 1319211                    /usr/lib/x86_64-linux-gnu/libXdmcp.so.6.0.0
7fee979dd000-7fee97bdc000 ---p 00005000 fc:01 1319211                    /usr/lib/x86_64-linux-gnu/libXdmcp.so.6.0.0
7fee97bdc000-7fee97bdd000 r--p 00004000 fc:01 1319211                    /usr/lib/x86_64-linux-gnu/libXdmcp.so.6.0.0
7fee97bdd000-7fee97bde000 rw-p 00005000 fc:01 1319211                    /usr/lib/x86_64-linux-gnu/libXdmcp.so.6.0.0
7fee97bde000-7fee97be0000 r-xp 00000000 fc:01 1319200                    /usr/lib/x86_64-linux-gnu/libXau.so.6.0.0
7fee97be0000-7fee97de0000 ---p 00002000 fc:01 1319200                    /usr/lib/x86_64-linux-gnu/libXau.so.6.0.0
7fee97de0000-7fee97de1000 r--p 00002000 fc:01 1319200                    /usr/lib/x86_64-linux-gnu/libXau.so.6.0.0
7fee97de1000-7fee97de2000 rw-p 00003000 fc:01 1319200                    /usr/lib/x86_64-linux-gnu/libXau.so.6.0.0
7fee97de2000-7fee97dff000 r-xp 00000000 fc:01 1311174                    /usr/lib/x86_64-linux-gnu/libxcb.so.1.1.0
7fee97dff000-7fee97ffe000 ---p 0001d000 fc:01 1311174                    /usr/lib/x86_64-linux-gnu/libxcb.so.1.1.0
7fee97ffe000-7fee97fff000 r--p 0001c000 fc:01 1311174                    /usr/lib/x86_64-linux-gnu/libxcb.so.1.1.0
7fee97fff000-7fee98000000 rw-p 0001d000 fc:01 1311174                    /usr/lib/x86_64-linux-gnu/libxcb.so.1.1.0
7fee98000000-7fee98242000 rw-p 00000000 00:00 0 
7fee98242000-7fee9c000000 ---p 00000000 00:00 0 
7fee9c000000-7fee9c021000 rw-p 00000000 00:00 0 
7fee9c021000-7feea0000000 ---p 00000000 00:00 0 
7feea0000000-7feea0021000 rw-p 00000000 00:00 0 
7feea0021000-7feea4000000 ---p 00000000 00:00 0 
7feea4000000-7feea42f3000 rw-p 00000000 00:00 0 
7feea42f3000-7feea8000000 ---p 00000000 00:00 0 
7feea8000000-7feea8021000 rw-p 00000000 00:00 0 
7feea8021000-7feeac000000 ---p 00000000 00:00 0 
7feeac000000-7feeac021000 rw-p 00000000 00:00 0 
7feeac021000-7feeb0000000 ---p 00000000 00:00 0 
7feeb0000000-7feeb0021000 rw-p 00000000 00:00 0 
7feeb0021000-7feeb4000000 ---p 00000000 00:00 0 
7feeb4000000-7feeb4021000 rw-p 00000000 00:00 0 
7feeb4021000-7feeb8000000 ---p 00000000 00:00 0 
7feeb806e000-7feeb8071000 ---p 00000000 00:00 0 
7feeb8071000-7feeb816f000 rw-p 00000000 00:00 0                          [stack:8181]
7feeb816f000-7feeb817d000 r-xp 00000000 fc:01 1317264                    /usr/lib/x86_64-linux-gnu/libXi.so.6.1.0
7feeb817d000-7feeb837d000 ---p 0000e000 fc:01 1317264                    /usr/lib/x86_64-linux-gnu/libXi.so.6.1.0
7feeb837d000-7feeb837e000 r--p 0000e000 fc:01 1317264                    /usr/lib/x86_64-linux-gnu/libXi.so.6.1.0
7feeb837e000-7feeb837f000 rw-p 0000f000 fc:01 1317264                    /usr/lib/x86_64-linux-gnu/libXi.so.6.1.0
7feeb837f000-7feeb8384000 r-xp 00000000 fc:01 1319122                    /usr/lib/x86_64-linux-gnu/libXtst.so.6.1.0
7feeb8384000-7feeb8583000 ---p 00005000 fc:01 1319122                    /usr/lib/x86_64-linux-gnu/libXtst.so.6.1.0
7feeb8583000-7feeb8584000 r--p 00004000 fc:01 1319122                    /usr/lib/x86_64-linux-gnu/libXtst.so.6.1.0
7feeb8584000-7feeb8585000 rw-p 00005000 fc:01 1319122                    /usr/lib/x86_64-linux-gnu/libXtst.so.6.1.0
7feeb8585000-7feeb858e000 r-xp 00000000 fc:01 1317295                    /usr/lib/x86_64-linux-gnu/libXrender.so.1.3.0
7feeb858e000-7feeb878d000 ---p 00009000 fc:01 1317295                    /usr/lib/x86_64-linux-gnu/libXrender.so.1.3.0
7feeb878d000-7feeb878e000 r--p 00008000 fc:01 1317295                    /usr/lib/x86_64-linux-gnu/libXrender.so.1.3.0
7feeb878e000-7feeb878f000 rw-p 00009000 fc:01 1317295                    /usr/lib/x86_64-linux-gnu/libXrender.so.1.3.0
7feeb878f000-7feeb88c3000 r-xp 00000000 fc:01 1311898                    /usr/lib/x86_64-linux-gnu/libX11.so.6.3.0
7feeb88c3000-7feeb8ac3000 ---p 00134000 fc:01 1311898                    /usr/lib/x86_64-linux-gnu/libX11.so.6.3.0
7feeb8ac3000-7feeb8ac4000 r--p 00134000 fc:01 1311898                    /usr/lib/x86_64-linux-gnu/libX11.so.6.3.0
7feeb8ac4000-7feeb8ac9000 rw-p 00135000 fc:01 1311898                    /usr/lib/x86_64-linux-gnu/libX11.so.6.3.0
7feeb8ac9000-7feeb8ada000 r-xp 00000000 fc:01 1312230                    /usr/lib/x86_64-linux-gnu/libXext.so.6.4.0
7feeb8ada000-7feeb8cd9000 ---p 00011000 fc:01 1312230                    /usr/lib/x86_64-linux-gnu/libXext.so.6.4.0
7feeb8cd9000-7feeb8cda000 r--p 00010000 fc:01 1312230                    /usr/lib/x86_64-linux-gnu/libXext.so.6.4.0
7feeb8cda000-7feeb8cdb000 rw-p 00011000 fc:01 1312230                    /usr/lib/x86_64-linux-gnu/libXext.so.6.4.0
7feeb8cdb000-7feeb8d2b000 r-xp 00000000 fc:01 286180                     /usr/lib/jvm/jdk1.7.0_21/jre/lib/amd64/xawt/libmawt.so
7feeb8d2b000-7feeb8f2b000 ---p 00050000 fc:01 286180                     /usr/lib/jvm/jdk1.7.0_21/jre/lib/amd64/xawt/libmawt.so
7feeb8f2b000-7feeb8f2f000 rw-p 00050000 fc:01 286180                     /usr/lib/jvm/jdk1.7.0_21/jre/lib/amd64/xawt/libmawt.so
7feeb8f2f000-7feebc000000 rw-p 00000000 00:00 0 
7feebc000000-7feebc021000 rw-p 00000000 00:00 0 
7feebc021000-7feec0000000 ---p 00000000 00:00 0 
7feec0000000-7feec0021000 rw-p 00000000 00:00 0 
7feec0021000-7feec4000000 ---p 00000000 00:00 0 
7feec4000000-7feec4021000 rw-p 00000000 00:00 0 
7feec4021000-7feec8000000 ---p 00000000 00:00 0 
7feec8093000-7feec8135000 r-xp 00000000 fc:01 150350                     /usr/lib/jvm/jdk1.7.0_21/jre/lib/amd64/libawt.so
7feec8135000-7feec8335000 ---p 000a2000 fc:01 150350                     /usr/lib/jvm/jdk1.7.0_21/jre/lib/amd64/libawt.so
7feec8335000-7feec8341000 rw-p 000a2000 fc:01 150350                     /usr/lib/jvm/jdk1.7.0_21/jre/lib/amd64/libawt.so
7feec8341000-7feec8365000 rw-p 00000000 00:00 0 
7feec8365000-7feec8366000 ---p 00000000 00:00 0 
7feec8366000-7feec8466000 rw-p 00000000 00:00 0 
7feec8466000-7feec8469000 ---p 00000000 00:00 0 
7feec8469000-7feec8567000 rw-p 00000000 00:00 0                          [stack:8179]
7feec8567000-7feec856a000 ---p 00000000 00:00 0 
7feec856a000-7feec8668000 rw-p 00000000 00:00 0                          [stack:8178]
7feec8668000-7feec866b000 ---p 00000000 00:00 0 
7feec866b000-7feec8769000 rw-p 00000000 00:00 0                          [stack:8177]
7feec8769000-7feec876c000 ---p 00000000 00:00 0 
7feec876c000-7feec886a000 rw-p 00000000 00:00 0                          [stack:8176]
7feec886a000-7feec8eff000 r--p 00000000 fc:01 1310893                    /usr/lib/locale/locale-archive
7feec8eff000-7feec8f02000 ---p 00000000 00:00 0 
7feec8f02000-7feec9000000 rw-p 00000000 00:00 0                          [stack:8175]
7feec9000000-7feec9270000 rwxp 00000000 00:00 0 
7feec9270000-7feecc23e000 rw-p 00000000 00:00 0 
7feecc23e000-7feed0000000 ---p 00000000 00:00 0 
7feed00f1000-7feed00f4000 ---p 00000000 00:00 0 
7feed00f4000-7feed01f2000 rw-p 00000000 00:00 0                          [stack:8174]
7feed01f2000-7feed01f3000 ---p 00000000 00:00 0 
7feed01f3000-7feed1317000 rw-p 00000000 00:00 0 
7feed1317000-7feed14d4000 r--s 039de000 fc:01 149776                     /usr/lib/jvm/jdk1.7.0_21/jre/lib/rt.jar
7feed14d4000-7feed2130000 rw-p 00000000 00:00 0 
7feed2130000-7feed2131000 ---p 00000000 00:00 0 
7feed2131000-7feed2231000 rw-p 00000000 00:00 0                          [stack:8172]
7feed2231000-7feed2232000 ---p 00000000 00:00 0 
7feed2232000-7feed2332000 rw-p 00000000 00:00 0                          [stack:8171]
7feed2332000-7feed2333000 ---p 00000000 00:00 0 
7feed2333000-7feed2433000 rw-p 00000000 00:00 0                          [stack:8170]
7feed2433000-7feed2434000 ---p 00000000 00:00 0 
7feed2434000-7feed253f000 rw-p 00000000 00:00 0                          [stack:8169]
7feed253f000-7feed255d000 rw-p 00000000 00:00 0 
7feed255d000-7feed257c000 rw-p 00000000 00:00 0 
7feed257c000-7feed274b000 rw-p 00000000 00:00 0 
7feed274b000-7feed2756000 rw-p 00000000 00:00 0 
7feed2756000-7feed2774000 rw-p 00000000 00:00 0 
7feed2774000-7feed2793000 rw-p 00000000 00:00 0 
7feed2793000-7feed2961000 rw-p 00000000 00:00 0 
7feed2961000-7feed2971000 rw-p 00000000 00:00 0 
7feed2971000-7feed2a58000 rw-p 00000000 00:00 0 
7feed2a58000-7feed2a59000 rw-p 00000000 00:00 0 
7feed2a59000-7feed2a73000 r-xp 00000000 fc:01 150311                     /usr/lib/jvm/jdk1.7.0_21/jre/lib/amd64/libzip.so
7feed2a73000-7feed2c73000 ---p 0001a000 fc:01 150311                     /usr/lib/jvm/jdk1.7.0_21/jre/lib/amd64/libzip.so
7feed2c73000-7feed2c74000 rw-p 0001a000 fc:01 150311                     /usr/lib/jvm/jdk1.7.0_21/jre/lib/amd64/libzip.so
7feed2c74000-7feed2c80000 r-xp 00000000 fc:01 393446                     /lib/x86_64-linux-gnu/libnss_files-2.17.so
7feed2c80000-7feed2e7f000 ---p 0000c000 fc:01 393446                     /lib/x86_64-linux-gnu/libnss_files-2.17.so
7feed2e7f000-7feed2e80000 r--p 0000b000 fc:01 393446                     /lib/x86_64-linux-gnu/libnss_files-2.17.so
7feed2e80000-7feed2e81000 rw-p 0000c000 fc:01 393446                     /lib/x86_64-linux-gnu/libnss_files-2.17.so
7feed2e81000-7feed2e8c000 r-xp 00000000 fc:01 393442                     /lib/x86_64-linux-gnu/libnss_nis-2.17.so
7feed2e8c000-7feed308b000 ---p 0000b000 fc:01 393442                     /lib/x86_64-linux-gnu/libnss_nis-2.17.so
7feed308b000-7feed308c000 r--p 0000a000 fc:01 393442                     /lib/x86_64-linux-gnu/libnss_nis-2.17.so
7feed308c000-7feed308d000 rw-p 0000b000 fc:01 393442                     /lib/x86_64-linux-gnu/libnss_nis-2.17.so
7feed308d000-7feed30a4000 r-xp 00000000 fc:01 393427                     /lib/x86_64-linux-gnu/libnsl-2.17.so
7feed30a4000-7feed32a3000 ---p 00017000 fc:01 393427                     /lib/x86_64-linux-gnu/libnsl-2.17.so
7feed32a3000-7feed32a4000 r--p 00016000 fc:01 393427                     /lib/x86_64-linux-gnu/libnsl-2.17.so
7feed32a4000-7feed32a5000 rw-p 00017000 fc:01 393427                     /lib/x86_64-linux-gnu/libnsl-2.17.so
7feed32a5000-7feed32a7000 rw-p 00000000 00:00 0 
7feed32a7000-7feed32af000 r-xp 00000000 fc:01 393437                     /lib/x86_64-linux-gnu/libnss_compat-2.17.so
7feed32af000-7feed34ae000 ---p 00008000 fc:01 393437                     /lib/x86_64-linux-gnu/libnss_compat-2.17.so
7feed34ae000-7feed34af000 r--p 00007000 fc:01 393437                     /lib/x86_64-linux-gnu/libnss_compat-2.17.so
7feed34af000-7feed34b0000 rw-p 00008000 fc:01 393437                     /lib/x86_64-linux-gnu/libnss_compat-2.17.so
7feed34b0000-7feed34d9000 r-xp 00000000 fc:01 150357                     /usr/lib/jvm/jdk1.7.0_21/jre/lib/amd64/libjava.so
7feed34d9000-7feed36d9000 ---p 00029000 fc:01 150357                     /usr/lib/jvm/jdk1.7.0_21/jre/lib/amd64/libjava.so
7feed36d9000-7feed36db000 rw-p 00029000 fc:01 150357                     /usr/lib/jvm/jdk1.7.0_21/jre/lib/amd64/libjava.so
7feed36db000-7feed36e8000 r-xp 00000000 fc:01 150324                     /usr/lib/jvm/jdk1.7.0_21/jre/lib/amd64/libverify.so
7feed36e8000-7feed38e7000 ---p 0000d000 fc:01 150324                     /usr/lib/jvm/jdk1.7.0_21/jre/lib/amd64/libverify.so
7feed38e7000-7feed38e9000 rw-p 0000c000 fc:01 150324                     /usr/lib/jvm/jdk1.7.0_21/jre/lib/amd64/libverify.so
7feed38e9000-7feed38f0000 r-xp 00000000 fc:01 393424                     /lib/x86_64-linux-gnu/librt-2.17.so
7feed38f0000-7feed3aef000 ---p 00007000 fc:01 393424                     /lib/x86_64-linux-gnu/librt-2.17.so
7feed3aef000-7feed3af0000 r--p 00006000 fc:01 393424                     /lib/x86_64-linux-gnu/librt-2.17.so
7feed3af0000-7feed3af1000 rw-p 00007000 fc:01 393424                     /lib/x86_64-linux-gnu/librt-2.17.so
7feed3af1000-7feed3bf4000 r-xp 00000000 fc:01 393440                     /lib/x86_64-linux-gnu/libm-2.17.so
7feed3bf4000-7feed3df4000 ---p 00103000 fc:01 393440                     /lib/x86_64-linux-gnu/libm-2.17.so
7feed3df4000-7feed3df5000 r--p 00103000 fc:01 393440                     /lib/x86_64-linux-gnu/libm-2.17.so
7feed3df5000-7feed3df6000 rw-p 00104000 fc:01 393440                     /lib/x86_64-linux-gnu/libm-2.17.so
7feed3df6000-7feed4840000 r-xp 00000000 fc:01 286183                     /usr/lib/jvm/jdk1.7.0_21/jre/lib/amd64/server/libjvm.so
7feed4840000-7feed4a3f000 ---p 00a4a000 fc:01 286183                     /usr/lib/jvm/jdk1.7.0_21/jre/lib/amd64/server/libjvm.so
7feed4a3f000-7feed4ae3000 rw-p 00a49000 fc:01 286183                     /usr/lib/jvm/jdk1.7.0_21/jre/lib/amd64/server/libjvm.so
7feed4ae3000-7feed4b1e000 rw-p 00000000 00:00 0 
7feed4b1e000-7feed4cdc000 r-xp 00000000 fc:01 393434                     /lib/x86_64-linux-gnu/libc-2.17.so
7feed4cdc000-7feed4edb000 ---p 001be000 fc:01 393434                     /lib/x86_64-linux-gnu/libc-2.17.so
7feed4edb000-7feed4edf000 r--p 001bd000 fc:01 393434                     /lib/x86_64-linux-gnu/libc-2.17.so
7feed4edf000-7feed4ee1000 rw-p 001c1000 fc:01 393434                     /lib/x86_64-linux-gnu/libc-2.17.so
7feed4ee1000-7feed4ee6000 rw-p 00000000 00:00 0 
7feed4ee6000-7feed4ee9000 r-xp 00000000 fc:01 393435                     /lib/x86_64-linux-gnu/libdl-2.17.so
7feed4ee9000-7feed50e8000 ---p 00003000 fc:01 393435                     /lib/x86_64-linux-gnu/libdl-2.17.so
7feed50e8000-7feed50e9000 r--p 00002000 fc:01 393435                     /lib/x86_64-linux-gnu/libdl-2.17.so
7feed50e9000-7feed50ea000 rw-p 00003000 fc:01 393435                     /lib/x86_64-linux-gnu/libdl-2.17.so
7feed50ea000-7feed5100000 r-xp 00000000 fc:01 286186                     /usr/lib/jvm/jdk1.7.0_21/jre/lib/amd64/jli/libjli.so
7feed5100000-7feed5300000 ---p 00016000 fc:01 286186                     /usr/lib/jvm/jdk1.7.0_21/jre/lib/amd64/jli/libjli.so
7feed5300000-7feed5301000 rw-p 00016000 fc:01 286186                     /usr/lib/jvm/jdk1.7.0_21/jre/lib/amd64/jli/libjli.so
7feed5301000-7feed5319000 r-xp 00000000 fc:01 393439                     /lib/x86_64-linux-gnu/libpthread-2.17.so
7feed5319000-7feed5518000 ---p 00018000 fc:01 393439                     /lib/x86_64-linux-gnu/libpthread-2.17.so
7feed5518000-7feed5519000 r--p 00017000 fc:01 393439                     /lib/x86_64-linux-gnu/libpthread-2.17.so
7feed5519000-7feed551a000 rw-p 00018000 fc:01 393439                     /lib/x86_64-linux-gnu/libpthread-2.17.so
7feed551a000-7feed551e000 rw-p 00000000 00:00 0 
7feed551e000-7feed5541000 r-xp 00000000 fc:01 393430                     /lib/x86_64-linux-gnu/ld-2.17.so
7feed554e000-7feed5552000 r--s 0008a000 fc:01 150387                     /usr/lib/jvm/jdk1.7.0_21/jre/lib/jsse.jar
7feed5552000-7feed5557000 r--s 00309000 fc:01 1187824                    /home/hqthao/workspace/FEExamTest/FEExamServer/lib/sqlite-jdbc-3.7.2.jar
7feed5557000-7feed5561000 r--s 00254000 fc:01 149783                     /usr/lib/jvm/jdk1.7.0_21/jre/lib/resources.jar
7feed5561000-7feed556b000 rw-p 00000000 00:00 0 
7feed556b000-7feed5621000 rw-p 00000000 00:00 0 
7feed5621000-7feed5624000 ---p 00000000 00:00 0 
7feed5624000-7feed5726000 rw-p 00000000 00:00 0                          [stack:8168]
7feed5728000-7feed572b000 r--s 0001f000 fc:01 1207325                    /home/hqthao/workspace/FEExamTest/FEExamServer/lib/sqlite-jdbc-3.7.2-javadoc.jar
7feed572b000-7feed5730000 r--s 00309000 fc:01 1207323                    /home/hqthao/workspace/FEExamTest/FEExamDatabase/lib/sqlite-jdbc-3.7.2.jar
7feed5730000-7feed5733000 r--s 0001f000 fc:01 1207324                    /home/hqthao/workspace/FEExamTest/FEExamDatabase/lib/sqlite-jdbc-3.7.2-javadoc.jar
7feed5733000-7feed5734000 r--s 00012000 fc:01 1192709                    /home/hqthao/workspace/FEExamTest/FEExamServer/lib/miglayout-4.0-swing.jar
7feed5734000-7feed573c000 rw-s 00000000 fc:01 657761                     /tmp/hsperfdata_hqthao/8163 (deleted)
7feed573c000-7feed573d000 rw-p 00000000 00:00 0 
7feed573d000-7feed573e000 ---p 00000000 00:00 0 
7feed573e000-7feed5740000 rw-p 00000000 00:00 0 
7feed5740000-7feed5741000 r--p 00022000 fc:01 393430                     /lib/x86_64-linux-gnu/ld-2.17.so
7feed5741000-7feed5743000 rw-p 00023000 fc:01 393430                     /lib/x86_64-linux-gnu/ld-2.17.so
7fff59b4e000-7fff59b6f000 rw-p 00000000 00:00 0                          [stack]
7fff59bfe000-7fff59c00000 r-xp 00000000 00:00 0                          [vdso]
ffffffffff600000-ffffffffff601000 r-xp 00000000 00:00 0                  [vsyscall]

VM Arguments:
jvm_args: -Dfile.encoding=UTF-8 
java_command: com.view.MainGui
Launcher Type: SUN_STANDARD

Environment Variables:
PATH=/usr/lib/lightdm/lightdm:/usr/local/sbin:/usr/local/bin:/usr/sbin:/usr/bin:/sbin:/bin:/usr/games:/usr/local/games
SHELL=/bin/bash
DISPLAY=:0

Signal Handlers:
SIGSEGV: [libjvm.so+0x8a80e0], sa_mask[0]=0x7ffbfeff, sa_flags=0x10000004
SIGBUS: [libjvm.so+0x8a80e0], sa_mask[0]=0x7ffbfeff, sa_flags=0x10000004
SIGFPE: [libjvm.so+0x744170], sa_mask[0]=0x7ffbfeff, sa_flags=0x10000004
SIGPIPE: [libjvm.so+0x744170], sa_mask[0]=0x7ffbfeff, sa_flags=0x10000004
SIGXFSZ: [libjvm.so+0x744170], sa_mask[0]=0x7ffbfeff, sa_flags=0x10000004
SIGILL: [libjvm.so+0x744170], sa_mask[0]=0x7ffbfeff, sa_flags=0x10000004
SIGUSR1: SIG_DFL, sa_mask[0]=0x00000000, sa_flags=0x00000000
SIGUSR2: [libjvm.so+0x743ac0], sa_mask[0]=0x00000004, sa_flags=0x10000004
SIGHUP: [libjvm.so+0x745e50], sa_mask[0]=0x7ffbfeff, sa_flags=0x10000004
SIGINT: [libjvm.so+0x745e50], sa_mask[0]=0x7ffbfeff, sa_flags=0x10000004
SIGTERM: [libjvm.so+0x745e50], sa_mask[0]=0x7ffbfeff, sa_flags=0x10000004
SIGQUIT: [libjvm.so+0x745e50], sa_mask[0]=0x7ffbfeff, sa_flags=0x10000004


---------------  S Y S T E M  ---------------

OS:wheezy/sid

uname:Linux 3.8.0-30-generic #44-Ubuntu SMP Thu Aug 22 20:52:24 UTC 2013 x86_64
libc:glibc 2.17 NPTL 2.17 
rlimit: STACK 8192k, CORE 0k, NPROC 47186, NOFILE 4096, AS infinity
load average:0.37 0.33 0.35

/proc/meminfo:
MemTotal:        6059612 kB
MemFree:         1647880 kB
Buffers:          736356 kB
Cached:          1766860 kB
SwapCached:            0 kB
Active:          2100124 kB
Inactive:        2062268 kB
Active(anon):    1636212 kB
Inactive(anon):   680012 kB
Active(file):     463912 kB
Inactive(file):  1382256 kB
Unevictable:         264 kB
Mlocked:             264 kB
SwapTotal:       4095996 kB
SwapFree:        4095996 kB
Dirty:               172 kB
Writeback:             0 kB
AnonPages:       1659560 kB
Mapped:           332368 kB
Shmem:            657048 kB
Slab:             126832 kB
SReclaimable:      81208 kB
SUnreclaim:        45624 kB
KernelStack:        5040 kB
PageTables:        46004 kB
NFS_Unstable:          0 kB
Bounce:                0 kB
WritebackTmp:          0 kB
CommitLimit:     7125800 kB
Committed_AS:    6781912 kB
VmallocTotal:   34359738367 kB
VmallocUsed:      551964 kB
VmallocChunk:   34359181276 kB
HardwareCorrupted:     0 kB
AnonHugePages:         0 kB
HugePages_Total:       0
HugePages_Free:        0
HugePages_Rsvd:        0
HugePages_Surp:        0
Hugepagesize:       2048 kB
DirectMap4k:       69632 kB
DirectMap2M:     6170624 kB


CPU:total 4 (2 cores per cpu, 2 threads per core) family 6 model 42 stepping 7, cmov, cx8, fxsr, mmx, sse, sse2, sse3, ssse3, sse4.1, sse4.2, popcnt, avx, ht, tsc, tscinvbit

/proc/cpuinfo:
processor	: 0
vendor_id	: GenuineIntel
cpu family	: 6
model		: 42
model name	: Intel(R) Core(TM) i5-2430M CPU @ 2.40GHz
stepping	: 7
microcode	: 0x1a
cpu MHz		: 2401.000
cache size	: 3072 KB
physical id	: 0
siblings	: 4
core id		: 0
cpu cores	: 2
apicid		: 0
initial apicid	: 0
fpu		: yes
fpu_exception	: yes
cpuid level	: 13
wp		: yes
flags		: fpu vme de pse tsc msr pae mce cx8 apic sep mtrr pge mca cmov pat pse36 clflush dts acpi mmx fxsr sse sse2 ss ht tm pbe syscall nx rdtscp lm constant_tsc arch_perfmon pebs bts rep_good nopl xtopology nonstop_tsc aperfmperf eagerfpu pni pclmulqdq dtes64 monitor ds_cpl vmx est tm2 ssse3 cx16 xtpr pdcm pcid sse4_1 sse4_2 x2apic popcnt tsc_deadline_timer aes xsave avx lahf_lm ida arat epb xsaveopt pln pts dtherm tpr_shadow vnmi flexpriority ept vpid
bogomips	: 4789.08
clflush size	: 64
cache_alignment	: 64
address sizes	: 36 bits physical, 48 bits virtual
power management:

processor	: 1
vendor_id	: GenuineIntel
cpu family	: 6
model		: 42
model name	: Intel(R) Core(TM) i5-2430M CPU @ 2.40GHz
stepping	: 7
microcode	: 0x1a
cpu MHz		: 2401.000
cache size	: 3072 KB
physical id	: 0
siblings	: 4
core id		: 0
cpu cores	: 2
apicid		: 1
initial apicid	: 1
fpu		: yes
fpu_exception	: yes
cpuid level	: 13
wp		: yes
flags		: fpu vme de pse tsc msr pae mce cx8 apic sep mtrr pge mca cmov pat pse36 clflush dts acpi mmx fxsr sse sse2 ss ht tm pbe syscall nx rdtscp lm constant_tsc arch_perfmon pebs bts rep_good nopl xtopology nonstop_tsc aperfmperf eagerfpu pni pclmulqdq dtes64 monitor ds_cpl vmx est tm2 ssse3 cx16 xtpr pdcm pcid sse4_1 sse4_2 x2apic popcnt tsc_deadline_timer aes xsave avx lahf_lm ida arat epb xsaveopt pln pts dtherm tpr_shadow vnmi flexpriority ept vpid
bogomips	: 4789.08
clflush size	: 64
cache_alignment	: 64
address sizes	: 36 bits physical, 48 bits virtual
power management:

processor	: 2
vendor_id	: GenuineIntel
cpu family	: 6
model		: 42
model name	: Intel(R) Core(TM) i5-2430M CPU @ 2.40GHz
stepping	: 7
microcode	: 0x1a
cpu MHz		: 2401.000
cache size	: 3072 KB
physical id	: 0
siblings	: 4
core id		: 1
cpu cores	: 2
apicid		: 2
initial apicid	: 2
fpu		: yes
fpu_exception	: yes
cpuid level	: 13
wp		: yes
flags		: fpu vme de pse tsc msr pae mce cx8 apic sep mtrr pge mca cmov pat pse36 clflush dts acpi mmx fxsr sse sse2 ss ht tm pbe syscall nx rdtscp lm constant_tsc arch_perfmon pebs bts rep_good nopl xtopology nonstop_tsc aperfmperf eagerfpu pni pclmulqdq dtes64 monitor ds_cpl vmx est tm2 ssse3 cx16 xtpr pdcm pcid sse4_1 sse4_2 x2apic popcnt tsc_deadline_timer aes xsave avx lahf_lm ida arat epb xsaveopt pln pts dtherm tpr_shadow vnmi flexpriority ept vpid
bogomips	: 4789.08
clflush size	: 64
cache_alignment	: 64
address sizes	: 36 bits physical, 48 bits virtual
power management:

processor	: 3
vendor_id	: GenuineIntel
cpu family	: 6
model		: 42
model name	: Intel(R) Core(TM) i5-2430M CPU @ 2.40GHz
stepping	: 7
microcode	: 0x1a
cpu MHz		: 800.000
cache size	: 3072 KB
physical id	: 0
siblings	: 4
core id		: 1
cpu cores	: 2
apicid		: 3
initial apicid	: 3
fpu		: yes
fpu_exception	: yes
cpuid level	: 13
wp		: yes
flags		: fpu vme de pse tsc msr pae mce cx8 apic sep mtrr pge mca cmov pat pse36 clflush dts acpi mmx fxsr sse sse2 ss ht tm pbe syscall nx rdtscp lm constant_tsc arch_perfmon pebs bts rep_good nopl xtopology nonstop_tsc aperfmperf eagerfpu pni pclmulqdq dtes64 monitor ds_cpl vmx est tm2 ssse3 cx16 xtpr pdcm pcid sse4_1 sse4_2 x2apic popcnt tsc_deadline_timer aes xsave avx lahf_lm ida arat epb xsaveopt pln pts dtherm tpr_shadow vnmi flexpriority ept vpid
bogomips	: 4789.08
clflush size	: 64
cache_alignment	: 64
address sizes	: 36 bits physical, 48 bits virtual
power management:



Memory: 4k page, physical 6059612k(1647880k free), swap 4095996k(4095996k free)

vm_info: Java HotSpot(TM) 64-Bit Server VM (23.21-b01) for linux-amd64 JRE (1.7.0_21-b11), built on Apr  4 2013 04:03:29 by "java_re" with gcc 4.3.0 20080428 (Red Hat 4.3.0-8)

time: Tue Sep 10 11:03:48 2013
elapsed time: 1 seconds

