#
# A fatal error has been detected by the Java Runtime Environment:
#
#  SIGSEGV (0xb) at pc=0x00007f26f10a8880, pid=7626, tid=139805838698240
#
# JRE version: 7.0_21-b11
# Java VM: Java HotSpot(TM) 64-Bit Server VM (23.21-b01 mixed mode linux-amd64 compressed oops)
# Problematic frame:
# C  0x00007f26f10a8880
[error occurred during error reporting (printing problematic frame), id 0xb]

# Failed to write core dump. Core dumps have been disabled. To enable core dumping, try "ulimit -c unlimited" before starting Java again
#
# If you would like to submit a bug report, please visit:
#   http://bugreport.sun.com/bugreport/crash.jsp
#

---------------  T H R E A D  ---------------

Current thread is native thread

siginfo:si_signo=SIGSEGV: si_errno=0, si_code=1 (SEGV_MAPERR), si_addr=0x00007f26f10a8880

Registers:
RAX=0x00007f26f10a8880, RBX=0x00007f27155a6a38, RCX=0x0000000000000001, RDX=0x0000000000000001
RSP=0x00007f27155a5e68, RBP=0x00007f271539e308, RSI=0x00007f27155a6700, RDI=0x00007f270c22aed0
R8 =0x0000000000000000, R9 =0x0000000000001dcf, R10=0x0000000000000008, R11=0x0000000000000206
R12=0x000000000000001e, R13=0x0000000000000000, R14=0x00007f271539e2e0, R15=0x0000000000000004
RIP=0x00007f26f10a8880, EFLAGS=0x0000000000010202, CSGSFS=0x0000000000000033, ERR=0x0000000000000014
  TRAPNO=0x000000000000000e

Top of Stack: (sp=0x00007f27155a5e68)
0x00007f27155a5e68:   00007f271518dd92 00007f27155a6700
0x00007f27155a5e78:   0000000000000000 0000000000000000
0x00007f27155a5e88:   0000000000000000 00007f27155c6060
0x00007f27155a5e98:   00007fffee3bc8b0 0000000000001000
0x00007f27155a5ea8:   00007f271518df9c 0000000000000000
0x00007f27155a5eb8:   00007f27155a6700 00007f27155a6700
0x00007f27155a5ec8:   b7e7b005e28f679e 0000000000000000
0x00007f27155a5ed8:   00007f27155c6060 00007fffee3bc8b0
0x00007f27155a5ee8:   0000000000001000 49a99ab15fef679e
0x00007f27155a5ef8:   49a99a345c21679e 0000000000000000
0x00007f27155a5f08:   0000000000000000 0000000000000000
0x00007f27155a5f18:   0000000000000000 0000000000000000
0x00007f27155a5f28:   0000000000000000 0000000000000000
0x00007f27155a5f38:   0000000000000000 0000000000000000
0x00007f27155a5f48:   0000000000000000 0000000000000000
0x00007f27155a5f58:   0000000000000000 0000000000000000
0x00007f27155a5f68:   0000000000000000 0000000000000000
0x00007f27155a5f78:   0000000000000000 0000000000000000
0x00007f27155a5f88:   0000000000000000 0000000000000000
0x00007f27155a5f98:   0000000000000000 0000000000000000
0x00007f27155a5fa8:   0000000000000000 00007f27155a6700
0x00007f27155a5fb8:   00007f2714a9ce1d 0000000000000000
0x00007f27155a5fc8:   0000000000000000 0000000000000000
0x00007f27155a5fd8:   0000000000000000 0000000000000000
0x00007f27155a5fe8:   0000000000000000 0000000000000000
0x00007f27155a5ff8:   0000000000000000 0000000000000000
0x00007f27155a6008:   0000000000000000 0000000000000000
0x00007f27155a6018:   0000000000000000 0000000000000000
0x00007f27155a6028:   0000000000000000 0000000000000000
0x00007f27155a6038:   0000000000000000 0000000000000000
0x00007f27155a6048:   0000000000000000 0000000000000000
0x00007f27155a6058:   0000000000000000 0000000000000000 

Instructions: (pc=0x00007f26f10a8880)
0x00007f26f10a8860:   
[error occurred during error reporting (printing registers, top of stack, instructions near pc), id 0xb]

Register to memory mapping:

RAX=0x00007f26f10a8880 is an unknown value
RBX=0x00007f27155a6a38 is an unknown value
RCX=0x0000000000000001 is an unknown value
RDX=0x0000000000000001 is an unknown value
RSP=0x00007f27155a5e68 is an unknown value
RBP=0x00007f271539e308: <offset 0x218308> in /lib/x86_64-linux-gnu/libpthread.so.0 at 0x00007f2715186000
RSI=0x00007f27155a6700 is an unknown value
RDI=0x00007f270c22aed0 is an unknown value
R8 =0x0000000000000000 is an unknown value
R9 =0x0000000000001dcf is an unknown value
R10=0x0000000000000008 is an unknown value
R11=0x0000000000000206 is an unknown value
R12=0x000000000000001e is an unknown value
R13=0x0000000000000000 is an unknown value
R14=0x00007f271539e2e0: <offset 0x2182e0> in /lib/x86_64-linux-gnu/libpthread.so.0 at 0x00007f2715186000
R15=0x0000000000000004 is an unknown value


Stack: [0x00007f27154a6000,0x00007f27155a7000],  sp=0x00007f27155a5e68,  free space=1023k
Native frames: (J=compiled Java code, j=interpreted, Vv=VM code, C=native code)
C  0x00007f26f10a8880
[error occurred during error reporting (printing native stack), id 0xb]


---------------  P R O C E S S  ---------------

VM state:at safepoint (shutting down)

VM Mutex/Monitor currently owned by a thread:  ([mutex/lock_event])
[0x00007f270c005490] Threads_lock - owner thread: 0x00007f270c092000

Heap
 PSYoungGen      total 27648K, used 4283K [0x00000000e12b0000, 0x00000000e3180000, 0x0000000100000000)
  eden space 23744K, 18% used [0x00000000e12b0000,0x00000000e16dedf8,0x00000000e29e0000)
  from space 3904K, 0% used [0x00000000e2db0000,0x00000000e2db0000,0x00000000e3180000)
  to   space 3904K, 0% used [0x00000000e29e0000,0x00000000e29e0000,0x00000000e2db0000)
 ParOldGen       total 63168K, used 0K [0x00000000a3800000, 0x00000000a75b0000, 0x00000000e12b0000)
  object space 63168K, 0% used [0x00000000a3800000,0x00000000a3800000,0x00000000a75b0000)
 PSPermGen       total 21248K, used 6384K [0x000000009e600000, 0x000000009fac0000, 0x00000000a3800000)
  object space 21248K, 30% used [0x000000009e600000,0x000000009ec3c3e0,0x000000009fac0000)

Card table byte_map: [0x00007f27125d0000,0x00007f27128de000] byte_map_base: 0x00007f27120dd000

Polling page: 0x00007f27155c2000

Code Cache  [0x00007f2709000000, 0x00007f2709270000, 0x00007f270c000000)
 total_blobs=373 nmethods=27 adapters=299 free_code_cache=48629Kb largest_free_block=49781248

Compilation events (10 events):
Event: 0.272 Thread 0x00007f270c0ed800 nmethod 22 0x00007f2709078690 code [0x00007f2709078840, 0x00007f2709078dd0]
Event: 0.277 Thread 0x00007f270c0ed800   23             sun.security.provider.MD5::implCompress (1508 bytes)
Event: 0.292 Thread 0x00007f270c0eb000 nmethod 21 0x00007f2709081850 code [0x00007f2709081ae0, 0x00007f2709082968]
Event: 0.292 Thread 0x00007f270c0eb000   24             sun.security.provider.ByteArrayAccess::b2iLittle64 (586 bytes)
Event: 0.294 Thread 0x00007f270c0eb000 nmethod 24 0x00007f270907fbd0 code [0x00007f270907fd00, 0x00007f270907feb8]
Event: 0.294 Thread 0x00007f270c0eb000    2 % !         org.sqlite.SQLiteJDBCLoader::md5sum @ 25 (104 bytes)
Event: 0.299 Thread 0x00007f270c0ed800 nmethod 23 0x00007f270907ecd0 code [0x00007f270907ee20, 0x00007f270907fa68]
Event: 0.299 Thread 0x00007f270c0eb000 nmethod 2% 0x00007f2709080e90 code [0x00007f2709081060, 0x00007f2709081420]
Event: 0.312 Thread 0x00007f270c0ed800   25             java.lang.String::lastIndexOf (52 bytes)
Event: 0.314 Thread 0x00007f270c0ed800 nmethod 25 0x00007f270907e910 code [0x00007f270907ea60, 0x00007f270907ebc8]

GC Heap History (0 events):
No events

Deoptimization events (2 events):
Event: 0.258 Thread 0x00007f270c218000 Uncommon trap 18 fr.pc 0x00007f2709077f8c
Event: 0.258 Thread 0x00007f270c218000 Uncommon trap -83 fr.pc 0x00007f270907cb10

Internal exceptions (10 events):
Event: 0.258 Thread 0x00007f270c218000 Implicit null exception at 0x00007f270907c492 to 0x00007f270907caed
Event: 0.312 Thread 0x00007f270c218000 Threw 0x00000000e157ba80 at /HUDSON/workspace/jdk7u21-2-build-linux-amd64-product/jdk7u21/hotspot/src/share/vm/prims/jvm.cpp:1166
Event: 0.313 Thread 0x00007f270c218000 Threw 0x00000000e1580500 at /HUDSON/workspace/jdk7u21-2-build-linux-amd64-product/jdk7u21/hotspot/src/share/vm/prims/jvm.cpp:1166
Event: 0.313 Thread 0x00007f270c218000 Threw 0x00000000e1589d28 at /HUDSON/workspace/jdk7u21-2-build-linux-amd64-product/jdk7u21/hotspot/src/share/vm/prims/jvm.cpp:1166
Event: 0.315 Thread 0x00007f270c218000 Threw 0x00000000e1595dc8 at /HUDSON/workspace/jdk7u21-2-build-linux-amd64-product/jdk7u21/hotspot/src/share/vm/prims/jvm.cpp:1166
Event: 0.317 Thread 0x00007f270c218000 Threw 0x00000000e15a2da0 at /HUDSON/workspace/jdk7u21-2-build-linux-amd64-product/jdk7u21/hotspot/src/share/vm/prims/jvm.cpp:1166
Event: 0.320 Thread 0x00007f270c218000 Threw 0x00000000e15aed40 at /HUDSON/workspace/jdk7u21-2-build-linux-amd64-product/jdk7u21/hotspot/src/share/vm/prims/jvm.cpp:1166
Event: 0.321 Thread 0x00007f270c218000 Threw 0x00000000e15b5098 at /HUDSON/workspace/jdk7u21-2-build-linux-amd64-product/jdk7u21/hotspot/src/share/vm/prims/jvm.cpp:1166
Event: 0.324 Thread 0x00007f270c218000 Threw 0x00000000e15bf488 at /HUDSON/workspace/jdk7u21-2-build-linux-amd64-product/jdk7u21/hotspot/src/share/vm/interpreter/linkReso
Event: 0.324 Thread 0x00007f270c218000 Threw 0x00000000e15bf488 at /HUDSON/workspace/jdk7u21-2-build-linux-amd64-product/jdk7u21/hotspot/src/share/vm/prims/jvm.cpp:1170

Events (10 events):
Event: 1.328 loading class 0x00007f270c1f0400 done
Event: 1.328 Thread 0x00007f270c21c000 Thread added: 0x00007f270c21c000
Event: 1.328 loading class 0x00007f270c17a910
Event: 1.328 loading class 0x00007f26b8085a40
Event: 1.328 loading class 0x00007f26b8085a40 done
Event: 1.328 loading class 0x00007f26b8085be0
Event: 1.328 loading class 0x00007f26b8085be0 done
Event: 1.329 loading class 0x00007f270c17a910 done
Event: 1.331 Thread 0x00007f270c21c000 Thread exited: 0x00007f270c21c000
Event: 1.331 Thread 0x00007f270c009000 Thread exited: 0x00007f270c009000


Dynamic libraries:
00400000-00401000 r-xp 00000000 fc:01 1596442                            /usr/lib/jvm/jdk1.7.0_21/bin/java
00600000-00601000 rw-p 00000000 fc:01 1596442                            /usr/lib/jvm/jdk1.7.0_21/bin/java
00fef000-01010000 rw-p 00000000 00:00 0                                  [heap]
9e600000-9fac0000 rw-p 00000000 00:00 0 
9fac0000-a3800000 rw-p 00000000 00:00 0 
a3800000-a75b0000 rw-p 00000000 00:00 0 
a75b0000-e12b0000 rw-p 00000000 00:00 0 
e12b0000-e3180000 rw-p 00000000 00:00 0 
e3180000-100000000 rw-p 00000000 00:00 0 
7f26b8000000-7f26b80ae000 rw-p 00000000 00:00 0 
7f26b80ae000-7f26bc000000 ---p 00000000 00:00 0 
7f26c0000000-7f26c0021000 rw-p 00000000 00:00 0 
7f26c0021000-7f26c4000000 ---p 00000000 00:00 0 
7f26c4000000-7f26c4021000 rw-p 00000000 00:00 0 
7f26c4021000-7f26c8000000 ---p 00000000 00:00 0 
7f26ca1e3000-7f26ca1f7000 r-xp 00000000 fc:01 397302                     /lib/x86_64-linux-gnu/libgcc_s.so.1
7f26ca1f7000-7f26ca3f7000 ---p 00014000 fc:01 397302                     /lib/x86_64-linux-gnu/libgcc_s.so.1
7f26ca3f7000-7f26ca3f8000 r--p 00014000 fc:01 397302                     /lib/x86_64-linux-gnu/libgcc_s.so.1
7f26ca3f8000-7f26ca3f9000 rw-p 00015000 fc:01 397302                     /lib/x86_64-linux-gnu/libgcc_s.so.1
7f26ca3f9000-7f26ca4de000 r-xp 00000000 fc:01 1311072                    /usr/lib/x86_64-linux-gnu/libstdc++.so.6.0.17
7f26ca4de000-7f26ca6dd000 ---p 000e5000 fc:01 1311072                    /usr/lib/x86_64-linux-gnu/libstdc++.so.6.0.17
7f26ca6dd000-7f26ca6e5000 r--p 000e4000 fc:01 1311072                    /usr/lib/x86_64-linux-gnu/libstdc++.so.6.0.17
7f26ca6e5000-7f26ca6e7000 rw-p 000ec000 fc:01 1311072                    /usr/lib/x86_64-linux-gnu/libstdc++.so.6.0.17
7f26ca6e7000-7f26ca6fc000 rw-p 00000000 00:00 0 
7f26cc000000-7f26cc021000 rw-p 00000000 00:00 0 
7f26cc021000-7f26d0000000 ---p 00000000 00:00 0 
7f26d0000000-7f26d0021000 rw-p 00000000 00:00 0 
7f26d0021000-7f26d4000000 ---p 00000000 00:00 0 
7f26d4000000-7f26d4247000 rw-p 00000000 00:00 0 
7f26d4247000-7f26d8000000 ---p 00000000 00:00 0 
7f26d8000000-7f26d8307000 rw-p 00000000 00:00 0 
7f26d8307000-7f26dc000000 ---p 00000000 00:00 0 
7f26dc000000-7f26dc021000 rw-p 00000000 00:00 0 
7f26dc021000-7f26e0000000 ---p 00000000 00:00 0 
7f26e0000000-7f26e0021000 rw-p 00000000 00:00 0 
7f26e0021000-7f26e4000000 ---p 00000000 00:00 0 
7f26e4000000-7f26e4021000 rw-p 00000000 00:00 0 
7f26e4021000-7f26e8000000 ---p 00000000 00:00 0 
7f26e8000000-7f26e8021000 rw-p 00000000 00:00 0 
7f26e8021000-7f26ec000000 ---p 00000000 00:00 0 
7f26ec000000-7f26ec021000 rw-p 00000000 00:00 0 
7f26ec021000-7f26f0000000 ---p 00000000 00:00 0 
7f26f2f3b000-7f26f2fbf000 r-xp 00000000 fc:01 658549                     /tmp/sqlite-3.7.2-libsqlitejdbc.so
7f26f2fbf000-7f26f31bf000 ---p 00084000 fc:01 658549                     /tmp/sqlite-3.7.2-libsqlitejdbc.so
7f26f31bf000-7f26f31c0000 r--p 00084000 fc:01 658549                     /tmp/sqlite-3.7.2-libsqlitejdbc.so
7f26f31c0000-7f26f31c3000 rw-p 00085000 fc:01 658549                     /tmp/sqlite-3.7.2-libsqlitejdbc.so
7f26f31c3000-7f26f31c6000 ---p 00000000 00:00 0 
7f26f31c6000-7f26f32c4000 rw-p 00000000 00:00 0 
7f26f32c4000-7f26f32c7000 ---p 00000000 00:00 0 
7f26f32c7000-7f26f33c5000 rw-p 00000000 00:00 0 
7f26f33c5000-7f26f33c8000 ---p 00000000 00:00 0 
7f26f33c8000-7f26f34c6000 rw-p 00000000 00:00 0                          [stack:7645]
7f26f34c6000-7f26f34cb000 r-xp 00000000 fc:01 1316629                    /usr/lib/x86_64-linux-gnu/libXfixes.so.3.1.0
7f26f34cb000-7f26f36ca000 ---p 00005000 fc:01 1316629                    /usr/lib/x86_64-linux-gnu/libXfixes.so.3.1.0
7f26f36ca000-7f26f36cb000 r--p 00004000 fc:01 1316629                    /usr/lib/x86_64-linux-gnu/libXfixes.so.3.1.0
7f26f36cb000-7f26f36cc000 rw-p 00005000 fc:01 1316629                    /usr/lib/x86_64-linux-gnu/libXfixes.so.3.1.0
7f26f36cc000-7f26f36d5000 r-xp 00000000 fc:01 1317297                    /usr/lib/x86_64-linux-gnu/libXcursor.so.1.0.2
7f26f36d5000-7f26f38d5000 ---p 00009000 fc:01 1317297                    /usr/lib/x86_64-linux-gnu/libXcursor.so.1.0.2
7f26f38d5000-7f26f38d6000 r--p 00009000 fc:01 1317297                    /usr/lib/x86_64-linux-gnu/libXcursor.so.1.0.2
7f26f38d6000-7f26f38d7000 rw-p 0000a000 fc:01 1317297                    /usr/lib/x86_64-linux-gnu/libXcursor.so.1.0.2
7f26f38d7000-7f26f38da000 ---p 00000000 00:00 0 
7f26f38da000-7f26f39d8000 rw-p 00000000 00:00 0                          [stack:7644]
7f26f39d8000-7f26f39dd000 r-xp 00000000 fc:01 1319211                    /usr/lib/x86_64-linux-gnu/libXdmcp.so.6.0.0
7f26f39dd000-7f26f3bdc000 ---p 00005000 fc:01 1319211                    /usr/lib/x86_64-linux-gnu/libXdmcp.so.6.0.0
7f26f3bdc000-7f26f3bdd000 r--p 00004000 fc:01 1319211                    /usr/lib/x86_64-linux-gnu/libXdmcp.so.6.0.0
7f26f3bdd000-7f26f3bde000 rw-p 00005000 fc:01 1319211                    /usr/lib/x86_64-linux-gnu/libXdmcp.so.6.0.0
7f26f3bde000-7f26f3be0000 r-xp 00000000 fc:01 1319200                    /usr/lib/x86_64-linux-gnu/libXau.so.6.0.0
7f26f3be0000-7f26f3de0000 ---p 00002000 fc:01 1319200                    /usr/lib/x86_64-linux-gnu/libXau.so.6.0.0
7f26f3de0000-7f26f3de1000 r--p 00002000 fc:01 1319200                    /usr/lib/x86_64-linux-gnu/libXau.so.6.0.0
7f26f3de1000-7f26f3de2000 rw-p 00003000 fc:01 1319200                    /usr/lib/x86_64-linux-gnu/libXau.so.6.0.0
7f26f3de2000-7f26f3dff000 r-xp 00000000 fc:01 1311174                    /usr/lib/x86_64-linux-gnu/libxcb.so.1.1.0
7f26f3dff000-7f26f3ffe000 ---p 0001d000 fc:01 1311174                    /usr/lib/x86_64-linux-gnu/libxcb.so.1.1.0
7f26f3ffe000-7f26f3fff000 r--p 0001c000 fc:01 1311174                    /usr/lib/x86_64-linux-gnu/libxcb.so.1.1.0
7f26f3fff000-7f26f4000000 rw-p 0001d000 fc:01 1311174                    /usr/lib/x86_64-linux-gnu/libxcb.so.1.1.0
7f26f4000000-7f26f4021000 rw-p 00000000 00:00 0 
7f26f4021000-7f26f8000000 ---p 00000000 00:00 0 
7f26f8000000-7f26f8021000 rw-p 00000000 00:00 0 
7f26f8021000-7f26fc000000 ---p 00000000 00:00 0 
7f26fc000000-7f26fc021000 rw-p 00000000 00:00 0 
7f26fc021000-7f2700000000 ---p 00000000 00:00 0 
7f27000f2000-7f2700100000 r-xp 00000000 fc:01 1317264                    /usr/lib/x86_64-linux-gnu/libXi.so.6.1.0
7f2700100000-7f2700300000 ---p 0000e000 fc:01 1317264                    /usr/lib/x86_64-linux-gnu/libXi.so.6.1.0
7f2700300000-7f2700301000 r--p 0000e000 fc:01 1317264                    /usr/lib/x86_64-linux-gnu/libXi.so.6.1.0
7f2700301000-7f2700302000 rw-p 0000f000 fc:01 1317264                    /usr/lib/x86_64-linux-gnu/libXi.so.6.1.0
7f2700302000-7f2700307000 r-xp 00000000 fc:01 1319122                    /usr/lib/x86_64-linux-gnu/libXtst.so.6.1.0
7f2700307000-7f2700506000 ---p 00005000 fc:01 1319122                    /usr/lib/x86_64-linux-gnu/libXtst.so.6.1.0
7f2700506000-7f2700507000 r--p 00004000 fc:01 1319122                    /usr/lib/x86_64-linux-gnu/libXtst.so.6.1.0
7f2700507000-7f2700508000 rw-p 00005000 fc:01 1319122                    /usr/lib/x86_64-linux-gnu/libXtst.so.6.1.0
7f2700508000-7f2700511000 r-xp 00000000 fc:01 1317295                    /usr/lib/x86_64-linux-gnu/libXrender.so.1.3.0
7f2700511000-7f2700710000 ---p 00009000 fc:01 1317295                    /usr/lib/x86_64-linux-gnu/libXrender.so.1.3.0
7f2700710000-7f2700711000 r--p 00008000 fc:01 1317295                    /usr/lib/x86_64-linux-gnu/libXrender.so.1.3.0
7f2700711000-7f2700712000 rw-p 00009000 fc:01 1317295                    /usr/lib/x86_64-linux-gnu/libXrender.so.1.3.0
7f2700712000-7f2700846000 r-xp 00000000 fc:01 1311898                    /usr/lib/x86_64-linux-gnu/libX11.so.6.3.0
7f2700846000-7f2700a46000 ---p 00134000 fc:01 1311898                    /usr/lib/x86_64-linux-gnu/libX11.so.6.3.0
7f2700a46000-7f2700a47000 r--p 00134000 fc:01 1311898                    /usr/lib/x86_64-linux-gnu/libX11.so.6.3.0
7f2700a47000-7f2700a4c000 rw-p 00135000 fc:01 1311898                    /usr/lib/x86_64-linux-gnu/libX11.so.6.3.0
7f2700a4c000-7f2700a5d000 r-xp 00000000 fc:01 1312230                    /usr/lib/x86_64-linux-gnu/libXext.so.6.4.0
7f2700a5d000-7f2700c5c000 ---p 00011000 fc:01 1312230                    /usr/lib/x86_64-linux-gnu/libXext.so.6.4.0
7f2700c5c000-7f2700c5d000 r--p 00010000 fc:01 1312230                    /usr/lib/x86_64-linux-gnu/libXext.so.6.4.0
7f2700c5d000-7f2700c5e000 rw-p 00011000 fc:01 1312230                    /usr/lib/x86_64-linux-gnu/libXext.so.6.4.0
7f2700c5e000-7f2700d00000 r-xp 00000000 fc:01 150350                     /usr/lib/jvm/jdk1.7.0_21/jre/lib/amd64/libawt.so
7f2700d00000-7f2700f00000 ---p 000a2000 fc:01 150350                     /usr/lib/jvm/jdk1.7.0_21/jre/lib/amd64/libawt.so
7f2700f00000-7f2700f0c000 rw-p 000a2000 fc:01 150350                     /usr/lib/jvm/jdk1.7.0_21/jre/lib/amd64/libawt.so
7f2700f0c000-7f2704000000 rw-p 00000000 00:00 0 
7f2704000000-7f2704021000 rw-p 00000000 00:00 0 
7f2704021000-7f2708000000 ---p 00000000 00:00 0 
7f270800f000-7f270805f000 r-xp 00000000 fc:01 286180                     /usr/lib/jvm/jdk1.7.0_21/jre/lib/amd64/xawt/libmawt.so
7f270805f000-7f270825f000 ---p 00050000 fc:01 286180                     /usr/lib/jvm/jdk1.7.0_21/jre/lib/amd64/xawt/libmawt.so
7f270825f000-7f2708263000 rw-p 00050000 fc:01 286180                     /usr/lib/jvm/jdk1.7.0_21/jre/lib/amd64/xawt/libmawt.so
7f2708263000-7f2708264000 rw-p 00000000 00:00 0 
7f2708264000-7f2708265000 ---p 00000000 00:00 0 
7f2708265000-7f2708365000 rw-p 00000000 00:00 0 
7f2708365000-7f2708368000 ---p 00000000 00:00 0 
7f2708368000-7f2708466000 rw-p 00000000 00:00 0                          [stack:7642]
7f2708466000-7f2708469000 ---p 00000000 00:00 0 
7f2708469000-7f2708567000 rw-p 00000000 00:00 0                          [stack:7641]
7f2708567000-7f270856a000 ---p 00000000 00:00 0 
7f270856a000-7f2708668000 rw-p 00000000 00:00 0                          [stack:7640]
7f2708668000-7f270866b000 ---p 00000000 00:00 0 
7f270866b000-7f2708769000 rw-p 00000000 00:00 0                          [stack:7639]
7f2708769000-7f2708dfe000 r--p 00000000 fc:01 1310893                    /usr/lib/locale/locale-archive
7f2708dfe000-7f2708e01000 ---p 00000000 00:00 0 
7f2708e01000-7f2708eff000 rw-p 00000000 00:00 0                          [stack:7638]
7f2708eff000-7f2708f02000 ---p 00000000 00:00 0 
7f2708f02000-7f2709000000 rw-p 00000000 00:00 0                          [stack:7637]
7f2709000000-7f2709270000 rwxp 00000000 00:00 0 
7f2709270000-7f270c236000 rw-p 00000000 00:00 0 
7f270c236000-7f2710000000 ---p 00000000 00:00 0 
7f2710077000-7f2710078000 ---p 00000000 00:00 0 
7f2710078000-7f271119c000 rw-p 00000000 00:00 0 
7f271119c000-7f2711359000 r--s 039de000 fc:01 149776                     /usr/lib/jvm/jdk1.7.0_21/jre/lib/rt.jar
7f2711359000-7f2711fb5000 rw-p 00000000 00:00 0 
7f2711fb5000-7f2711fb6000 ---p 00000000 00:00 0 
7f2711fb6000-7f27120b6000 rw-p 00000000 00:00 0                          [stack:7635]
7f27120b6000-7f27120b7000 ---p 00000000 00:00 0 
7f27120b7000-7f27121b7000 rw-p 00000000 00:00 0                          [stack:7634]
7f27121b7000-7f27121b8000 ---p 00000000 00:00 0 
7f27121b8000-7f27122b8000 rw-p 00000000 00:00 0                          [stack:7633]
7f27122b8000-7f27122b9000 ---p 00000000 00:00 0 
7f27122b9000-7f27123c4000 rw-p 00000000 00:00 0                          [stack:7632]
7f27123c4000-7f27123e2000 rw-p 00000000 00:00 0 
7f27123e2000-7f2712401000 rw-p 00000000 00:00 0 
7f2712401000-7f27125d0000 rw-p 00000000 00:00 0 
7f27125d0000-7f27125db000 rw-p 00000000 00:00 0 
7f27125db000-7f27125f9000 rw-p 00000000 00:00 0 
7f27125f9000-7f2712618000 rw-p 00000000 00:00 0 
7f2712618000-7f27127e6000 rw-p 00000000 00:00 0 
7f27127e6000-7f27127f6000 rw-p 00000000 00:00 0 
7f27127f6000-7f27128dd000 rw-p 00000000 00:00 0 
7f27128dd000-7f27128de000 rw-p 00000000 00:00 0 
7f27128de000-7f27128f8000 r-xp 00000000 fc:01 150311                     /usr/lib/jvm/jdk1.7.0_21/jre/lib/amd64/libzip.so
7f27128f8000-7f2712af8000 ---p 0001a000 fc:01 150311                     /usr/lib/jvm/jdk1.7.0_21/jre/lib/amd64/libzip.so
7f2712af8000-7f2712af9000 rw-p 0001a000 fc:01 150311                     /usr/lib/jvm/jdk1.7.0_21/jre/lib/amd64/libzip.so
7f2712af9000-7f2712b05000 r-xp 00000000 fc:01 393446                     /lib/x86_64-linux-gnu/libnss_files-2.17.so
7f2712b05000-7f2712d04000 ---p 0000c000 fc:01 393446                     /lib/x86_64-linux-gnu/libnss_files-2.17.so
7f2712d04000-7f2712d05000 r--p 0000b000 fc:01 393446                     /lib/x86_64-linux-gnu/libnss_files-2.17.so
7f2712d05000-7f2712d06000 rw-p 0000c000 fc:01 393446                     /lib/x86_64-linux-gnu/libnss_files-2.17.so
7f2712d06000-7f2712d11000 r-xp 00000000 fc:01 393442                     /lib/x86_64-linux-gnu/libnss_nis-2.17.so
7f2712d11000-7f2712f10000 ---p 0000b000 fc:01 393442                     /lib/x86_64-linux-gnu/libnss_nis-2.17.so
7f2712f10000-7f2712f11000 r--p 0000a000 fc:01 393442                     /lib/x86_64-linux-gnu/libnss_nis-2.17.so
7f2712f11000-7f2712f12000 rw-p 0000b000 fc:01 393442                     /lib/x86_64-linux-gnu/libnss_nis-2.17.so
7f2712f12000-7f2712f29000 r-xp 00000000 fc:01 393427                     /lib/x86_64-linux-gnu/libnsl-2.17.so
7f2712f29000-7f2713128000 ---p 00017000 fc:01 393427                     /lib/x86_64-linux-gnu/libnsl-2.17.so
7f2713128000-7f2713129000 r--p 00016000 fc:01 393427                     /lib/x86_64-linux-gnu/libnsl-2.17.so
7f2713129000-7f271312a000 rw-p 00017000 fc:01 393427                     /lib/x86_64-linux-gnu/libnsl-2.17.so
7f271312a000-7f271312c000 rw-p 00000000 00:00 0 
7f271312c000-7f2713134000 r-xp 00000000 fc:01 393437                     /lib/x86_64-linux-gnu/libnss_compat-2.17.so
7f2713134000-7f2713333000 ---p 00008000 fc:01 393437                     /lib/x86_64-linux-gnu/libnss_compat-2.17.so
7f2713333000-7f2713334000 r--p 00007000 fc:01 393437                     /lib/x86_64-linux-gnu/libnss_compat-2.17.so
7f2713334000-7f2713335000 rw-p 00008000 fc:01 393437                     /lib/x86_64-linux-gnu/libnss_compat-2.17.so
7f2713335000-7f271335e000 r-xp 00000000 fc:01 150357                     /usr/lib/jvm/jdk1.7.0_21/jre/lib/amd64/libjava.so
7f271335e000-7f271355e000 ---p 00029000 fc:01 150357                     /usr/lib/jvm/jdk1.7.0_21/jre/lib/amd64/libjava.so
7f271355e000-7f2713560000 rw-p 00029000 fc:01 150357                     /usr/lib/jvm/jdk1.7.0_21/jre/lib/amd64/libjava.so
7f2713560000-7f271356d000 r-xp 00000000 fc:01 150324                     /usr/lib/jvm/jdk1.7.0_21/jre/lib/amd64/libverify.so
7f271356d000-7f271376c000 ---p 0000d000 fc:01 150324                     /usr/lib/jvm/jdk1.7.0_21/jre/lib/amd64/libverify.so
7f271376c000-7f271376e000 rw-p 0000c000 fc:01 150324                     /usr/lib/jvm/jdk1.7.0_21/jre/lib/amd64/libverify.so
7f271376e000-7f2713775000 r-xp 00000000 fc:01 393424                     /lib/x86_64-linux-gnu/librt-2.17.so
7f2713775000-7f2713974000 ---p 00007000 fc:01 393424                     /lib/x86_64-linux-gnu/librt-2.17.so
7f2713974000-7f2713975000 r--p 00006000 fc:01 393424                     /lib/x86_64-linux-gnu/librt-2.17.so
7f2713975000-7f2713976000 rw-p 00007000 fc:01 393424                     /lib/x86_64-linux-gnu/librt-2.17.so
7f2713976000-7f2713a79000 r-xp 00000000 fc:01 393440                     /lib/x86_64-linux-gnu/libm-2.17.so
7f2713a79000-7f2713c79000 ---p 00103000 fc:01 393440                     /lib/x86_64-linux-gnu/libm-2.17.so
7f2713c79000-7f2713c7a000 r--p 00103000 fc:01 393440                     /lib/x86_64-linux-gnu/libm-2.17.so
7f2713c7a000-7f2713c7b000 rw-p 00104000 fc:01 393440                     /lib/x86_64-linux-gnu/libm-2.17.so
7f2713c7b000-7f27146c5000 r-xp 00000000 fc:01 286183                     /usr/lib/jvm/jdk1.7.0_21/jre/lib/amd64/server/libjvm.so
7f27146c5000-7f27148c4000 ---p 00a4a000 fc:01 286183                     /usr/lib/jvm/jdk1.7.0_21/jre/lib/amd64/server/libjvm.so
7f27148c4000-7f2714968000 rw-p 00a49000 fc:01 286183                     /usr/lib/jvm/jdk1.7.0_21/jre/lib/amd64/server/libjvm.so
7f2714968000-7f27149a3000 rw-p 00000000 00:00 0 
7f27149a3000-7f2714b61000 r-xp 00000000 fc:01 393434                     /lib/x86_64-linux-gnu/libc-2.17.so
7f2714b61000-7f2714d60000 ---p 001be000 fc:01 393434                     /lib/x86_64-linux-gnu/libc-2.17.so
7f2714d60000-7f2714d64000 r--p 001bd000 fc:01 393434                     /lib/x86_64-linux-gnu/libc-2.17.so
7f2714d64000-7f2714d66000 rw-p 001c1000 fc:01 393434                     /lib/x86_64-linux-gnu/libc-2.17.so
7f2714d66000-7f2714d6b000 rw-p 00000000 00:00 0 
7f2714d6b000-7f2714d6e000 r-xp 00000000 fc:01 393435                     /lib/x86_64-linux-gnu/libdl-2.17.so
7f2714d6e000-7f2714f6d000 ---p 00003000 fc:01 393435                     /lib/x86_64-linux-gnu/libdl-2.17.so
7f2714f6d000-7f2714f6e000 r--p 00002000 fc:01 393435                     /lib/x86_64-linux-gnu/libdl-2.17.so
7f2714f6e000-7f2714f6f000 rw-p 00003000 fc:01 393435                     /lib/x86_64-linux-gnu/libdl-2.17.so
7f2714f6f000-7f2714f85000 r-xp 00000000 fc:01 286186                     /usr/lib/jvm/jdk1.7.0_21/jre/lib/amd64/jli/libjli.so
7f2714f85000-7f2715185000 ---p 00016000 fc:01 286186                     /usr/lib/jvm/jdk1.7.0_21/jre/lib/amd64/jli/libjli.so
7f2715185000-7f2715186000 rw-p 00016000 fc:01 286186                     /usr/lib/jvm/jdk1.7.0_21/jre/lib/amd64/jli/libjli.so
7f2715186000-7f271519e000 r-xp 00000000 fc:01 393439                     /lib/x86_64-linux-gnu/libpthread-2.17.so
7f271519e000-7f271539d000 ---p 00018000 fc:01 393439                     /lib/x86_64-linux-gnu/libpthread-2.17.so
7f271539d000-7f271539e000 r--p 00017000 fc:01 393439                     /lib/x86_64-linux-gnu/libpthread-2.17.so
7f271539e000-7f271539f000 rw-p 00018000 fc:01 393439                     /lib/x86_64-linux-gnu/libpthread-2.17.so
7f271539f000-7f27153a3000 rw-p 00000000 00:00 0 
7f27153a3000-7f27153c6000 r-xp 00000000 fc:01 393430                     /lib/x86_64-linux-gnu/ld-2.17.so
7f27153d3000-7f27153d7000 r--s 0008a000 fc:01 150387                     /usr/lib/jvm/jdk1.7.0_21/jre/lib/jsse.jar
7f27153d7000-7f27153dc000 r--s 00309000 fc:01 1187824                    /home/hqthao/workspace/FEExamTest/FEExamServer/lib/sqlite-jdbc-3.7.2.jar
7f27153dc000-7f27153e6000 r--s 00254000 fc:01 149783                     /usr/lib/jvm/jdk1.7.0_21/jre/lib/resources.jar
7f27153e6000-7f27153f0000 rw-p 00000000 00:00 0 
7f27153f0000-7f27154a6000 rw-p 00000000 00:00 0 
7f27154a6000-7f27154a9000 ---p 00000000 00:00 0 
7f27154a9000-7f27155ab000 rw-p 00000000 00:00 0                          [stack:7631]
7f27155ad000-7f27155b0000 r--s 0001f000 fc:01 1207325                    /home/hqthao/workspace/FEExamTest/FEExamServer/lib/sqlite-jdbc-3.7.2-javadoc.jar
7f27155b0000-7f27155b5000 r--s 00309000 fc:01 1207323                    /home/hqthao/workspace/FEExamTest/FEExamDatabase/lib/sqlite-jdbc-3.7.2.jar
7f27155b5000-7f27155b8000 r--s 0001f000 fc:01 1207324                    /home/hqthao/workspace/FEExamTest/FEExamDatabase/lib/sqlite-jdbc-3.7.2-javadoc.jar
7f27155b8000-7f27155b9000 r--s 00012000 fc:01 1192709                    /home/hqthao/workspace/FEExamTest/FEExamServer/lib/miglayout-4.0-swing.jar
7f27155b9000-7f27155c1000 rw-s 00000000 fc:01 657126                     /tmp/hsperfdata_hqthao/7626 (deleted)
7f27155c1000-7f27155c2000 rw-p 00000000 00:00 0 
7f27155c2000-7f27155c3000 ---p 00000000 00:00 0 
7f27155c3000-7f27155c5000 rw-p 00000000 00:00 0 
7f27155c5000-7f27155c6000 r--p 00022000 fc:01 393430                     /lib/x86_64-linux-gnu/ld-2.17.so
7f27155c6000-7f27155c8000 rw-p 00023000 fc:01 393430                     /lib/x86_64-linux-gnu/ld-2.17.so
7fffee3a1000-7fffee3c2000 rw-p 00000000 00:00 0                          [stack]
7fffee3fe000-7fffee400000 r-xp 00000000 00:00 0                          [vdso]
ffffffffff600000-ffffffffff601000 r-xp 00000000 00:00 0                  [vsyscall]

VM Arguments:
jvm_args: -Dfile.encoding=UTF-8 
java_command: com.view.MainGui
Launcher Type: SUN_STANDARD

Environment Variables:
PATH=/usr/lib/lightdm/lightdm:/usr/local/sbin:/usr/local/bin:/usr/sbin:/usr/bin:/sbin:/bin:/usr/games:/usr/local/games
SHELL=/bin/bash
DISPLAY=:0

Signal Handlers:
SIGSEGV: [libjvm.so+0x8a80e0], sa_mask[0]=0x7ffbfeff, sa_flags=0x10000004
SIGBUS: [libjvm.so+0x8a80e0], sa_mask[0]=0x7ffbfeff, sa_flags=0x10000004
SIGFPE: [libjvm.so+0x744170], sa_mask[0]=0x7ffbfeff, sa_flags=0x10000004
SIGPIPE: [libjvm.so+0x744170], sa_mask[0]=0x7ffbfeff, sa_flags=0x10000004
SIGXFSZ: [libjvm.so+0x744170], sa_mask[0]=0x7ffbfeff, sa_flags=0x10000004
SIGILL: [libjvm.so+0x744170], sa_mask[0]=0x7ffbfeff, sa_flags=0x10000004
SIGUSR1: SIG_DFL, sa_mask[0]=0x00000000, sa_flags=0x00000000
SIGUSR2: [libjvm.so+0x743ac0], sa_mask[0]=0x00000004, sa_flags=0x10000004
SIGHUP: [libjvm.so+0x745e50], sa_mask[0]=0x7ffbfeff, sa_flags=0x10000004
SIGINT: [libjvm.so+0x745e50], sa_mask[0]=0x7ffbfeff, sa_flags=0x10000004
SIGTERM: [libjvm.so+0x745e50], sa_mask[0]=0x7ffbfeff, sa_flags=0x10000004
SIGQUIT: [libjvm.so+0x745e50], sa_mask[0]=0x7ffbfeff, sa_flags=0x10000004


---------------  S Y S T E M  ---------------

OS:wheezy/sid

uname:Linux 3.8.0-30-generic #44-Ubuntu SMP Thu Aug 22 20:52:24 UTC 2013 x86_64
libc:glibc 2.17 NPTL 2.17 
rlimit: STACK 8192k, CORE 0k, NPROC 47186, NOFILE 4096, AS infinity
load average:0.22 0.25 0.28

/proc/meminfo:
MemTotal:        6059612 kB
MemFree:         1629488 kB
Buffers:          733500 kB
Cached:          1755228 kB
SwapCached:            0 kB
Active:          2163920 kB
Inactive:        2013480 kB
Active(anon):    1673220 kB
Inactive(anon):   652612 kB
Active(file):     490700 kB
Inactive(file):  1360868 kB
Unevictable:         264 kB
Mlocked:             264 kB
SwapTotal:       4095996 kB
SwapFree:        4095996 kB
Dirty:               192 kB
Writeback:             0 kB
AnonPages:       1688808 kB
Mapped:           335932 kB
Shmem:            637160 kB
Slab:             128292 kB
SReclaimable:      81932 kB
SUnreclaim:        46360 kB
KernelStack:        5520 kB
PageTables:        47528 kB
NFS_Unstable:          0 kB
Bounce:                0 kB
WritebackTmp:          0 kB
CommitLimit:     7125800 kB
Committed_AS:    7152896 kB
VmallocTotal:   34359738367 kB
VmallocUsed:      551964 kB
VmallocChunk:   34359181276 kB
HardwareCorrupted:     0 kB
AnonHugePages:         0 kB
HugePages_Total:       0
HugePages_Free:        0
HugePages_Rsvd:        0
HugePages_Surp:        0
Hugepagesize:       2048 kB
DirectMap4k:       69632 kB
DirectMap2M:     6170624 kB


CPU:total 4 (2 cores per cpu, 2 threads per core) family 6 model 42 stepping 7, cmov, cx8, fxsr, mmx, sse, sse2, sse3, ssse3, sse4.1, sse4.2, popcnt, avx, ht, tsc, tscinvbit

/proc/cpuinfo:
processor	: 0
vendor_id	: GenuineIntel
cpu family	: 6
model		: 42
model name	: Intel(R) Core(TM) i5-2430M CPU @ 2.40GHz
stepping	: 7
microcode	: 0x1a
cpu MHz		: 2200.000
cache size	: 3072 KB
physical id	: 0
siblings	: 4
core id		: 0
cpu cores	: 2
apicid		: 0
initial apicid	: 0
fpu		: yes
fpu_exception	: yes
cpuid level	: 13
wp		: yes
flags		: fpu vme de pse tsc msr pae mce cx8 apic sep mtrr pge mca cmov pat pse36 clflush dts acpi mmx fxsr sse sse2 ss ht tm pbe syscall nx rdtscp lm constant_tsc arch_perfmon pebs bts rep_good nopl xtopology nonstop_tsc aperfmperf eagerfpu pni pclmulqdq dtes64 monitor ds_cpl vmx est tm2 ssse3 cx16 xtpr pdcm pcid sse4_1 sse4_2 x2apic popcnt tsc_deadline_timer aes xsave avx lahf_lm ida arat epb xsaveopt pln pts dtherm tpr_shadow vnmi flexpriority ept vpid
bogomips	: 4789.08
clflush size	: 64
cache_alignment	: 64
address sizes	: 36 bits physical, 48 bits virtual
power management:

processor	: 1
vendor_id	: GenuineIntel
cpu family	: 6
model		: 42
model name	: Intel(R) Core(TM) i5-2430M CPU @ 2.40GHz
stepping	: 7
microcode	: 0x1a
cpu MHz		: 800.000
cache size	: 3072 KB
physical id	: 0
siblings	: 4
core id		: 0
cpu cores	: 2
apicid		: 1
initial apicid	: 1
fpu		: yes
fpu_exception	: yes
cpuid level	: 13
wp		: yes
flags		: fpu vme de pse tsc msr pae mce cx8 apic sep mtrr pge mca cmov pat pse36 clflush dts acpi mmx fxsr sse sse2 ss ht tm pbe syscall nx rdtscp lm constant_tsc arch_perfmon pebs bts rep_good nopl xtopology nonstop_tsc aperfmperf eagerfpu pni pclmulqdq dtes64 monitor ds_cpl vmx est tm2 ssse3 cx16 xtpr pdcm pcid sse4_1 sse4_2 x2apic popcnt tsc_deadline_timer aes xsave avx lahf_lm ida arat epb xsaveopt pln pts dtherm tpr_shadow vnmi flexpriority ept vpid
bogomips	: 4789.08
clflush size	: 64
cache_alignment	: 64
address sizes	: 36 bits physical, 48 bits virtual
power management:

processor	: 2
vendor_id	: GenuineIntel
cpu family	: 6
model		: 42
model name	: Intel(R) Core(TM) i5-2430M CPU @ 2.40GHz
stepping	: 7
microcode	: 0x1a
cpu MHz		: 800.000
cache size	: 3072 KB
physical id	: 0
siblings	: 4
core id		: 1
cpu cores	: 2
apicid		: 2
initial apicid	: 2
fpu		: yes
fpu_exception	: yes
cpuid level	: 13
wp		: yes
flags		: fpu vme de pse tsc msr pae mce cx8 apic sep mtrr pge mca cmov pat pse36 clflush dts acpi mmx fxsr sse sse2 ss ht tm pbe syscall nx rdtscp lm constant_tsc arch_perfmon pebs bts rep_good nopl xtopology nonstop_tsc aperfmperf eagerfpu pni pclmulqdq dtes64 monitor ds_cpl vmx est tm2 ssse3 cx16 xtpr pdcm pcid sse4_1 sse4_2 x2apic popcnt tsc_deadline_timer aes xsave avx lahf_lm ida arat epb xsaveopt pln pts dtherm tpr_shadow vnmi flexpriority ept vpid
bogomips	: 4789.08
clflush size	: 64
cache_alignment	: 64
address sizes	: 36 bits physical, 48 bits virtual
power management:

processor	: 3
vendor_id	: GenuineIntel
cpu family	: 6
model		: 42
model name	: Intel(R) Core(TM) i5-2430M CPU @ 2.40GHz
stepping	: 7
microcode	: 0x1a
cpu MHz		: 800.000
cache size	: 3072 KB
physical id	: 0
siblings	: 4
core id		: 1
cpu cores	: 2
apicid		: 3
initial apicid	: 3
fpu		: yes
fpu_exception	: yes
cpuid level	: 13
wp		: yes
flags		: fpu vme de pse tsc msr pae mce cx8 apic sep mtrr pge mca cmov pat pse36 clflush dts acpi mmx fxsr sse sse2 ss ht tm pbe syscall nx rdtscp lm constant_tsc arch_perfmon pebs bts rep_good nopl xtopology nonstop_tsc aperfmperf eagerfpu pni pclmulqdq dtes64 monitor ds_cpl vmx est tm2 ssse3 cx16 xtpr pdcm pcid sse4_1 sse4_2 x2apic popcnt tsc_deadline_timer aes xsave avx lahf_lm ida arat epb xsaveopt pln pts dtherm tpr_shadow vnmi flexpriority ept vpid
bogomips	: 4789.08
clflush size	: 64
cache_alignment	: 64
address sizes	: 36 bits physical, 48 bits virtual
power management:



Memory: 4k page, physical 6059612k(1629488k free), swap 4095996k(4095996k free)

vm_info: Java HotSpot(TM) 64-Bit Server VM (23.21-b01) for linux-amd64 JRE (1.7.0_21-b11), built on Apr  4 2013 04:03:29 by "java_re" with gcc 4.3.0 20080428 (Red Hat 4.3.0-8)

time: Tue Sep 10 10:53:49 2013
elapsed time: 1 seconds

