#
# A fatal error has been detected by the Java Runtime Environment:
#
#  SIGSEGV (0xb) at pc=0x00007f3435f95880, pid=7805, tid=139862696081152
#
# JRE version: 7.0_21-b11
# Java VM: Java HotSpot(TM) 64-Bit Server VM (23.21-b01 mixed mode linux-amd64 compressed oops)
# Problematic frame:
# C  0x00007f3435f95880
[error occurred during error reporting (printing problematic frame), id 0xb]

# Failed to write core dump. Core dumps have been disabled. To enable core dumping, try "ulimit -c unlimited" before starting Java again
#
# If you would like to submit a bug report, please visit:
#   http://bugreport.sun.com/bugreport/crash.jsp
#

---------------  T H R E A D  ---------------

Current thread is native thread

siginfo:si_signo=SIGSEGV: si_errno=0, si_code=2 (SEGV_ACCERR), si_addr=0x00007f3435f95880

Registers:
RAX=0x00007f3435f95880, RBX=0x00007f3452513a38, RCX=0x0000000000000001, RDX=0x0000000000000001
RSP=0x00007f3452512e68, RBP=0x00007f345230b308, RSI=0x00007f3452513700, RDI=0x00007f344c22aec0
R8 =0x0000000000000000, R9 =0x0000000000001e7f, R10=0x0000000000000008, R11=0x0000000000000206
R12=0x000000000000001e, R13=0x0000000000000000, R14=0x00007f345230b2e0, R15=0x0000000000000004
RIP=0x00007f3435f95880, EFLAGS=0x0000000000010202, CSGSFS=0x0000000000000033, ERR=0x0000000000000014
  TRAPNO=0x000000000000000e

Top of Stack: (sp=0x00007f3452512e68)
0x00007f3452512e68:   00007f34520fad92 00007f3452513700
0x00007f3452512e78:   0000000000000000 0000000000000000
0x00007f3452512e88:   0000000000000000 00007f3452533060
0x00007f3452512e98:   00007fff5a95d9c0 0000000000001000
0x00007f3452512ea8:   00007f34520faf9c 0000000000000000
0x00007f3452512eb8:   00007f3452513700 00007f3452513700
0x00007f3452512ec8:   556be144042d044d 0000000000000000
0x00007f3452512ed8:   00007f3452533060 00007fff5a95d9c0
0x00007f3452512ee8:   0000000000001000 ab0345e6594d044d
0x00007f3452512ef8:   ab03455b5a83044d 0000000000000000
0x00007f3452512f08:   0000000000000000 0000000000000000
0x00007f3452512f18:   0000000000000000 0000000000000000
0x00007f3452512f28:   0000000000000000 0000000000000000
0x00007f3452512f38:   0000000000000000 0000000000000000
0x00007f3452512f48:   0000000000000000 0000000000000000
0x00007f3452512f58:   0000000000000000 0000000000000000
0x00007f3452512f68:   0000000000000000 0000000000000000
0x00007f3452512f78:   0000000000000000 0000000000000000
0x00007f3452512f88:   0000000000000000 0000000000000000
0x00007f3452512f98:   0000000000000000 0000000000000000
0x00007f3452512fa8:   0000000000000000 00007f3452513700
0x00007f3452512fb8:   00007f3451a09e1d 0000000000000000
0x00007f3452512fc8:   0000000000000000 0000000000000000
0x00007f3452512fd8:   0000000000000000 0000000000000000
0x00007f3452512fe8:   0000000000000000 0000000000000000
0x00007f3452512ff8:   0000000000000000 0000000000000000
0x00007f3452513008:   0000000000000000 0000000000000000
0x00007f3452513018:   0000000000000000 0000000000000000
0x00007f3452513028:   0000000000000000 0000000000000000
0x00007f3452513038:   0000000000000000 0000000000000000
0x00007f3452513048:   0000000000000000 0000000000000000
0x00007f3452513058:   0000000000000000 0000000000000000 

Instructions: (pc=0x00007f3435f95880)
0x00007f3435f95860:   
[error occurred during error reporting (printing registers, top of stack, instructions near pc), id 0xb]

Register to memory mapping:

RAX=0x00007f3435f95880 is an unknown value
RBX=0x00007f3452513a38 is an unknown value
RCX=0x0000000000000001 is an unknown value
RDX=0x0000000000000001 is an unknown value
RSP=0x00007f3452512e68 is an unknown value
RBP=0x00007f345230b308: <offset 0x218308> in /lib/x86_64-linux-gnu/libpthread.so.0 at 0x00007f34520f3000
RSI=0x00007f3452513700 is an unknown value
RDI=0x00007f344c22aec0 is an unknown value
R8 =0x0000000000000000 is an unknown value
R9 =0x0000000000001e7f is an unknown value
R10=0x0000000000000008 is an unknown value
R11=0x0000000000000206 is an unknown value
R12=0x000000000000001e is an unknown value
R13=0x0000000000000000 is an unknown value
R14=0x00007f345230b2e0: <offset 0x2182e0> in /lib/x86_64-linux-gnu/libpthread.so.0 at 0x00007f34520f3000
R15=0x0000000000000004 is an unknown value


Stack: [0x00007f3452413000,0x00007f3452514000],  sp=0x00007f3452512e68,  free space=1023k
Native frames: (J=compiled Java code, j=interpreted, Vv=VM code, C=native code)
C  0x00007f3435f95880
[error occurred during error reporting (printing native stack), id 0xb]


---------------  P R O C E S S  ---------------

VM state:at safepoint (shutting down)

VM Mutex/Monitor currently owned by a thread:  ([mutex/lock_event])
[0x00007f344c005490] Threads_lock - owner thread: 0x00007f344c092000

Heap
 PSYoungGen      total 27648K, used 4274K [0x00000000e12b0000, 0x00000000e3180000, 0x0000000100000000)
  eden space 23744K, 18% used [0x00000000e12b0000,0x00000000e16dcb48,0x00000000e29e0000)
  from space 3904K, 0% used [0x00000000e2db0000,0x00000000e2db0000,0x00000000e3180000)
  to   space 3904K, 0% used [0x00000000e29e0000,0x00000000e29e0000,0x00000000e2db0000)
 ParOldGen       total 63168K, used 0K [0x00000000a3800000, 0x00000000a75b0000, 0x00000000e12b0000)
  object space 63168K, 0% used [0x00000000a3800000,0x00000000a3800000,0x00000000a75b0000)
 PSPermGen       total 21248K, used 6384K [0x000000009e600000, 0x000000009fac0000, 0x00000000a3800000)
  object space 21248K, 30% used [0x000000009e600000,0x000000009ec3c3e0,0x000000009fac0000)

Card table byte_map: [0x00007f34484a4000,0x00007f34487b2000] byte_map_base: 0x00007f3447fb1000

Polling page: 0x00007f345252f000

Code Cache  [0x00007f34487b2000, 0x00007f3448a22000, 0x00007f344b7b2000)
 total_blobs=373 nmethods=27 adapters=299 free_code_cache=48628Kb largest_free_block=49786496

Compilation events (10 events):
Event: 0.310 Thread 0x00007f344c0eb000 nmethod 22 0x00007f344882ee50 code [0x00007f344882f000, 0x00007f344882f590]
Event: 0.319 Thread 0x00007f344c0eb000   23             sun.security.provider.MD5::implCompress (1508 bytes)
Event: 0.338 Thread 0x00007f344c0ed800 nmethod 21 0x00007f3448833d50 code [0x00007f3448833fe0, 0x00007f3448834e68]
Event: 0.338 Thread 0x00007f344c0ed800   24             sun.security.provider.ByteArrayAccess::b2iLittle64 (586 bytes)
Event: 0.340 Thread 0x00007f344c0ed800 nmethod 24 0x00007f344882e410 code [0x00007f344882e540, 0x00007f344882e6f8]
Event: 0.340 Thread 0x00007f344c0ed800    2 % !         org.sqlite.SQLiteJDBCLoader::md5sum @ 25 (104 bytes)
Event: 0.343 Thread 0x00007f344c0eb000 nmethod 23 0x00007f3448830b10 code [0x00007f3448830c60, 0x00007f34488318a8]
Event: 0.346 Thread 0x00007f344c0ed800 nmethod 2% 0x00007f34488367d0 code [0x00007f34488369a0, 0x00007f3448836d60]
Event: 0.360 Thread 0x00007f344c0eb000   25             java.lang.String::lastIndexOf (52 bytes)
Event: 0.363 Thread 0x00007f344c0eb000 nmethod 25 0x00007f3448832110 code [0x00007f3448832260, 0x00007f34488323c8]

GC Heap History (0 events):
No events

Deoptimization events (2 events):
Event: 0.295 Thread 0x00007f344c218000 Uncommon trap 18 fr.pc 0x00007f344882b68c
Event: 0.295 Thread 0x00007f344c218000 Uncommon trap -83 fr.pc 0x00007f344882dad0

Internal exceptions (10 events):
Event: 0.295 Thread 0x00007f344c218000 Implicit null exception at 0x00007f344882d452 to 0x00007f344882daad
Event: 0.360 Thread 0x00007f344c218000 Threw 0x00000000e157c1a8 at /HUDSON/workspace/jdk7u21-2-build-linux-amd64-product/jdk7u21/hotspot/src/share/vm/prims/jvm.cpp:1166
Event: 0.361 Thread 0x00007f344c218000 Threw 0x00000000e1580c28 at /HUDSON/workspace/jdk7u21-2-build-linux-amd64-product/jdk7u21/hotspot/src/share/vm/prims/jvm.cpp:1166
Event: 0.362 Thread 0x00007f344c218000 Threw 0x00000000e158a450 at /HUDSON/workspace/jdk7u21-2-build-linux-amd64-product/jdk7u21/hotspot/src/share/vm/prims/jvm.cpp:1166
Event: 0.364 Thread 0x00007f344c218000 Threw 0x00000000e15964f0 at /HUDSON/workspace/jdk7u21-2-build-linux-amd64-product/jdk7u21/hotspot/src/share/vm/prims/jvm.cpp:1166
Event: 0.367 Thread 0x00007f344c218000 Threw 0x00000000e15a34c8 at /HUDSON/workspace/jdk7u21-2-build-linux-amd64-product/jdk7u21/hotspot/src/share/vm/prims/jvm.cpp:1166
Event: 0.369 Thread 0x00007f344c218000 Threw 0x00000000e15af468 at /HUDSON/workspace/jdk7u21-2-build-linux-amd64-product/jdk7u21/hotspot/src/share/vm/prims/jvm.cpp:1166
Event: 0.371 Thread 0x00007f344c218000 Threw 0x00000000e15b57c0 at /HUDSON/workspace/jdk7u21-2-build-linux-amd64-product/jdk7u21/hotspot/src/share/vm/prims/jvm.cpp:1166
Event: 0.375 Thread 0x00007f344c218000 Threw 0x00000000e15bfbb0 at /HUDSON/workspace/jdk7u21-2-build-linux-amd64-product/jdk7u21/hotspot/src/share/vm/interpreter/linkReso
Event: 0.375 Thread 0x00007f344c218000 Threw 0x00000000e15bfbb0 at /HUDSON/workspace/jdk7u21-2-build-linux-amd64-product/jdk7u21/hotspot/src/share/vm/prims/jvm.cpp:1170

Events (10 events):
Event: 1.378 loading class 0x00007f344c1f0390 done
Event: 1.378 Thread 0x00007f344c21c000 Thread added: 0x00007f344c21c000
Event: 1.378 loading class 0x00007f344c17a8c0
Event: 1.378 loading class 0x00007f33f8077b20
Event: 1.378 loading class 0x00007f33f8077b20 done
Event: 1.378 loading class 0x00007f33f8077cc0
Event: 1.378 loading class 0x00007f33f8077cc0 done
Event: 1.378 loading class 0x00007f344c17a8c0 done
Event: 1.380 Thread 0x00007f344c21c000 Thread exited: 0x00007f344c21c000
Event: 1.380 Thread 0x00007f344c009000 Thread exited: 0x00007f344c009000


Dynamic libraries:
00400000-00401000 r-xp 00000000 fc:01 1596442                            /usr/lib/jvm/jdk1.7.0_21/bin/java
00600000-00601000 rw-p 00000000 fc:01 1596442                            /usr/lib/jvm/jdk1.7.0_21/bin/java
0197d000-0199e000 rw-p 00000000 00:00 0                                  [heap]
9e600000-9fac0000 rw-p 00000000 00:00 0 
9fac0000-a3800000 rw-p 00000000 00:00 0 
a3800000-a75b0000 rw-p 00000000 00:00 0 
a75b0000-e12b0000 rw-p 00000000 00:00 0 
e12b0000-e3180000 rw-p 00000000 00:00 0 
e3180000-100000000 rw-p 00000000 00:00 0 
7f33f8000000-7f33f80a0000 rw-p 00000000 00:00 0 
7f33f80a0000-7f33fc000000 ---p 00000000 00:00 0 
7f3400000000-7f3400021000 rw-p 00000000 00:00 0 
7f3400021000-7f3404000000 ---p 00000000 00:00 0 
7f3407100000-7f3407114000 r-xp 00000000 fc:01 397302                     /lib/x86_64-linux-gnu/libgcc_s.so.1
7f3407114000-7f3407314000 ---p 00014000 fc:01 397302                     /lib/x86_64-linux-gnu/libgcc_s.so.1
7f3407314000-7f3407315000 r--p 00014000 fc:01 397302                     /lib/x86_64-linux-gnu/libgcc_s.so.1
7f3407315000-7f3407316000 rw-p 00015000 fc:01 397302                     /lib/x86_64-linux-gnu/libgcc_s.so.1
7f3407316000-7f34073fb000 r-xp 00000000 fc:01 1311072                    /usr/lib/x86_64-linux-gnu/libstdc++.so.6.0.17
7f34073fb000-7f34075fa000 ---p 000e5000 fc:01 1311072                    /usr/lib/x86_64-linux-gnu/libstdc++.so.6.0.17
7f34075fa000-7f3407602000 r--p 000e4000 fc:01 1311072                    /usr/lib/x86_64-linux-gnu/libstdc++.so.6.0.17
7f3407602000-7f3407604000 rw-p 000ec000 fc:01 1311072                    /usr/lib/x86_64-linux-gnu/libstdc++.so.6.0.17
7f3407604000-7f3407619000 rw-p 00000000 00:00 0 
7f3407d78000-7f3407dfc000 r-xp 00000000 fc:01 658549                     /tmp/sqlite-3.7.2-libsqlitejdbc.so
7f3407dfc000-7f3407ffc000 ---p 00084000 fc:01 658549                     /tmp/sqlite-3.7.2-libsqlitejdbc.so
7f3407ffc000-7f3407ffd000 r--p 00084000 fc:01 658549                     /tmp/sqlite-3.7.2-libsqlitejdbc.so
7f3407ffd000-7f3408000000 rw-p 00085000 fc:01 658549                     /tmp/sqlite-3.7.2-libsqlitejdbc.so
7f3408000000-7f3408021000 rw-p 00000000 00:00 0 
7f3408021000-7f340c000000 ---p 00000000 00:00 0 
7f340c000000-7f340c021000 rw-p 00000000 00:00 0 
7f340c021000-7f3410000000 ---p 00000000 00:00 0 
7f3410000000-7f341020a000 rw-p 00000000 00:00 0 
7f341020a000-7f3414000000 ---p 00000000 00:00 0 
7f3414000000-7f3414021000 rw-p 00000000 00:00 0 
7f3414021000-7f3418000000 ---p 00000000 00:00 0 
7f3418000000-7f3418021000 rw-p 00000000 00:00 0 
7f3418021000-7f341c000000 ---p 00000000 00:00 0 
7f341c000000-7f341c34e000 rw-p 00000000 00:00 0 
7f341c34e000-7f3420000000 ---p 00000000 00:00 0 
7f3420000000-7f3420021000 rw-p 00000000 00:00 0 
7f3420021000-7f3424000000 ---p 00000000 00:00 0 
7f3424000000-7f3424021000 rw-p 00000000 00:00 0 
7f3424021000-7f3428000000 ---p 00000000 00:00 0 
7f3428000000-7f3428021000 rw-p 00000000 00:00 0 
7f3428021000-7f342c000000 ---p 00000000 00:00 0 
7f342c000000-7f342c021000 rw-p 00000000 00:00 0 
7f342c021000-7f3430000000 ---p 00000000 00:00 0 
7f3430000000-7f3430021000 rw-p 00000000 00:00 0 
7f3430021000-7f3434000000 ---p 00000000 00:00 0 
7f3434000000-7f3434021000 rw-p 00000000 00:00 0 
7f3434021000-7f3438000000 ---p 00000000 00:00 0 
7f3438000000-7f3438021000 rw-p 00000000 00:00 0 
7f3438021000-7f343c000000 ---p 00000000 00:00 0 
7f343c286000-7f343c289000 ---p 00000000 00:00 0 
7f343c289000-7f343c387000 rw-p 00000000 00:00 0 
7f343c387000-7f343c38a000 ---p 00000000 00:00 0 
7f343c38a000-7f343c488000 rw-p 00000000 00:00 0 
7f343c488000-7f343c48b000 ---p 00000000 00:00 0 
7f343c48b000-7f343c589000 rw-p 00000000 00:00 0                          [stack:7825]
7f343c589000-7f343c58e000 r-xp 00000000 fc:01 1316629                    /usr/lib/x86_64-linux-gnu/libXfixes.so.3.1.0
7f343c58e000-7f343c78d000 ---p 00005000 fc:01 1316629                    /usr/lib/x86_64-linux-gnu/libXfixes.so.3.1.0
7f343c78d000-7f343c78e000 r--p 00004000 fc:01 1316629                    /usr/lib/x86_64-linux-gnu/libXfixes.so.3.1.0
7f343c78e000-7f343c78f000 rw-p 00005000 fc:01 1316629                    /usr/lib/x86_64-linux-gnu/libXfixes.so.3.1.0
7f343c78f000-7f343c798000 r-xp 00000000 fc:01 1317297                    /usr/lib/x86_64-linux-gnu/libXcursor.so.1.0.2
7f343c798000-7f343c998000 ---p 00009000 fc:01 1317297                    /usr/lib/x86_64-linux-gnu/libXcursor.so.1.0.2
7f343c998000-7f343c999000 r--p 00009000 fc:01 1317297                    /usr/lib/x86_64-linux-gnu/libXcursor.so.1.0.2
7f343c999000-7f343c99a000 rw-p 0000a000 fc:01 1317297                    /usr/lib/x86_64-linux-gnu/libXcursor.so.1.0.2
7f343c99a000-7f343c99d000 ---p 00000000 00:00 0 
7f343c99d000-7f343ca9b000 rw-p 00000000 00:00 0                          [stack:7824]
7f343ca9b000-7f343caa0000 r-xp 00000000 fc:01 1319211                    /usr/lib/x86_64-linux-gnu/libXdmcp.so.6.0.0
7f343caa0000-7f343cc9f000 ---p 00005000 fc:01 1319211                    /usr/lib/x86_64-linux-gnu/libXdmcp.so.6.0.0
7f343cc9f000-7f343cca0000 r--p 00004000 fc:01 1319211                    /usr/lib/x86_64-linux-gnu/libXdmcp.so.6.0.0
7f343cca0000-7f343cca1000 rw-p 00005000 fc:01 1319211                    /usr/lib/x86_64-linux-gnu/libXdmcp.so.6.0.0
7f343cca1000-7f343cca3000 r-xp 00000000 fc:01 1319200                    /usr/lib/x86_64-linux-gnu/libXau.so.6.0.0
7f343cca3000-7f343cea3000 ---p 00002000 fc:01 1319200                    /usr/lib/x86_64-linux-gnu/libXau.so.6.0.0
7f343cea3000-7f343cea4000 r--p 00002000 fc:01 1319200                    /usr/lib/x86_64-linux-gnu/libXau.so.6.0.0
7f343cea4000-7f343cea5000 rw-p 00003000 fc:01 1319200                    /usr/lib/x86_64-linux-gnu/libXau.so.6.0.0
7f343cea5000-7f343cec2000 r-xp 00000000 fc:01 1311174                    /usr/lib/x86_64-linux-gnu/libxcb.so.1.1.0
7f343cec2000-7f343d0c1000 ---p 0001d000 fc:01 1311174                    /usr/lib/x86_64-linux-gnu/libxcb.so.1.1.0
7f343d0c1000-7f343d0c2000 r--p 0001c000 fc:01 1311174                    /usr/lib/x86_64-linux-gnu/libxcb.so.1.1.0
7f343d0c2000-7f343d0c3000 rw-p 0001d000 fc:01 1311174                    /usr/lib/x86_64-linux-gnu/libxcb.so.1.1.0
7f343d0c3000-7f343d0d1000 r-xp 00000000 fc:01 1317264                    /usr/lib/x86_64-linux-gnu/libXi.so.6.1.0
7f343d0d1000-7f343d2d1000 ---p 0000e000 fc:01 1317264                    /usr/lib/x86_64-linux-gnu/libXi.so.6.1.0
7f343d2d1000-7f343d2d2000 r--p 0000e000 fc:01 1317264                    /usr/lib/x86_64-linux-gnu/libXi.so.6.1.0
7f343d2d2000-7f343d2d3000 rw-p 0000f000 fc:01 1317264                    /usr/lib/x86_64-linux-gnu/libXi.so.6.1.0
7f343d2d3000-7f343d2d8000 r-xp 00000000 fc:01 1319122                    /usr/lib/x86_64-linux-gnu/libXtst.so.6.1.0
7f343d2d8000-7f343d4d7000 ---p 00005000 fc:01 1319122                    /usr/lib/x86_64-linux-gnu/libXtst.so.6.1.0
7f343d4d7000-7f343d4d8000 r--p 00004000 fc:01 1319122                    /usr/lib/x86_64-linux-gnu/libXtst.so.6.1.0
7f343d4d8000-7f343d4d9000 rw-p 00005000 fc:01 1319122                    /usr/lib/x86_64-linux-gnu/libXtst.so.6.1.0
7f343d4d9000-7f343d4e2000 r-xp 00000000 fc:01 1317295                    /usr/lib/x86_64-linux-gnu/libXrender.so.1.3.0
7f343d4e2000-7f343d6e1000 ---p 00009000 fc:01 1317295                    /usr/lib/x86_64-linux-gnu/libXrender.so.1.3.0
7f343d6e1000-7f343d6e2000 r--p 00008000 fc:01 1317295                    /usr/lib/x86_64-linux-gnu/libXrender.so.1.3.0
7f343d6e2000-7f343d6e3000 rw-p 00009000 fc:01 1317295                    /usr/lib/x86_64-linux-gnu/libXrender.so.1.3.0
7f343d6e3000-7f343d817000 r-xp 00000000 fc:01 1311898                    /usr/lib/x86_64-linux-gnu/libX11.so.6.3.0
7f343d817000-7f343da17000 ---p 00134000 fc:01 1311898                    /usr/lib/x86_64-linux-gnu/libX11.so.6.3.0
7f343da17000-7f343da18000 r--p 00134000 fc:01 1311898                    /usr/lib/x86_64-linux-gnu/libX11.so.6.3.0
7f343da18000-7f343da1d000 rw-p 00135000 fc:01 1311898                    /usr/lib/x86_64-linux-gnu/libX11.so.6.3.0
7f343da1d000-7f343da2e000 r-xp 00000000 fc:01 1312230                    /usr/lib/x86_64-linux-gnu/libXext.so.6.4.0
7f343da2e000-7f343dc2d000 ---p 00011000 fc:01 1312230                    /usr/lib/x86_64-linux-gnu/libXext.so.6.4.0
7f343dc2d000-7f343dc2e000 r--p 00010000 fc:01 1312230                    /usr/lib/x86_64-linux-gnu/libXext.so.6.4.0
7f343dc2e000-7f343dc2f000 rw-p 00011000 fc:01 1312230                    /usr/lib/x86_64-linux-gnu/libXext.so.6.4.0
7f343dc2f000-7f343dc7f000 r-xp 00000000 fc:01 286180                     /usr/lib/jvm/jdk1.7.0_21/jre/lib/amd64/xawt/libmawt.so
7f343dc7f000-7f343de7f000 ---p 00050000 fc:01 286180                     /usr/lib/jvm/jdk1.7.0_21/jre/lib/amd64/xawt/libmawt.so
7f343de7f000-7f343de83000 rw-p 00050000 fc:01 286180                     /usr/lib/jvm/jdk1.7.0_21/jre/lib/amd64/xawt/libmawt.so
7f343de83000-7f343de84000 rw-p 00000000 00:00 0 
7f343de84000-7f343df26000 r-xp 00000000 fc:01 150350                     /usr/lib/jvm/jdk1.7.0_21/jre/lib/amd64/libawt.so
7f343df26000-7f343e126000 ---p 000a2000 fc:01 150350                     /usr/lib/jvm/jdk1.7.0_21/jre/lib/amd64/libawt.so
7f343e126000-7f343e132000 rw-p 000a2000 fc:01 150350                     /usr/lib/jvm/jdk1.7.0_21/jre/lib/amd64/libawt.so
7f343e132000-7f343e156000 rw-p 00000000 00:00 0 
7f343e156000-7f343e157000 ---p 00000000 00:00 0 
7f343e157000-7f343e257000 rw-p 00000000 00:00 0 
7f343e257000-7f343e25a000 ---p 00000000 00:00 0 
7f343e25a000-7f343e358000 rw-p 00000000 00:00 0                          [stack:7822]
7f343e358000-7f343e35b000 ---p 00000000 00:00 0 
7f343e35b000-7f343e459000 rw-p 00000000 00:00 0                          [stack:7821]
7f343e459000-7f343e45c000 ---p 00000000 00:00 0 
7f343e45c000-7f343e55a000 rw-p 00000000 00:00 0                          [stack:7820]
7f343e55a000-7f343e55d000 ---p 00000000 00:00 0 
7f343e55d000-7f343e65b000 rw-p 00000000 00:00 0                          [stack:7819]
7f343e65b000-7f343ecf0000 r--p 00000000 fc:01 1310893                    /usr/lib/locale/locale-archive
7f343ecf0000-7f343ecf3000 ---p 00000000 00:00 0 
7f343ecf3000-7f343edf1000 rw-p 00000000 00:00 0                          [stack:7818]
7f343edf1000-7f343edf4000 ---p 00000000 00:00 0 
7f343edf4000-7f343eef2000 rw-p 00000000 00:00 0                          [stack:7817]
7f343eef2000-7f343eef3000 ---p 00000000 00:00 0 
7f343eef3000-7f343fe43000 rw-p 00000000 00:00 0 
7f343fe43000-7f3440000000 r--s 039de000 fc:01 149776                     /usr/lib/jvm/jdk1.7.0_21/jre/lib/rt.jar
7f3440000000-7f3440021000 rw-p 00000000 00:00 0 
7f3440021000-7f3444000000 ---p 00000000 00:00 0 
7f344401c000-7f3447eb2000 rw-p 00000000 00:00 0 
7f3447eb2000-7f3447eb3000 ---p 00000000 00:00 0 
7f3447eb3000-7f3447fb3000 rw-p 00000000 00:00 0                          [stack:7811]
7f3447fb3000-7f3447fb4000 ---p 00000000 00:00 0 
7f3447fb4000-7f34480b4000 rw-p 00000000 00:00 0                          [stack:7810]
7f34480b4000-7f34480b5000 ---p 00000000 00:00 0 
7f34480b5000-7f34481b5000 rw-p 00000000 00:00 0                          [stack:7809]
7f34481b5000-7f34481b6000 ---p 00000000 00:00 0 
7f34481b6000-7f34482d5000 rw-p 00000000 00:00 0                          [stack:7808]
7f34482d5000-7f34484a4000 rw-p 00000000 00:00 0 
7f34484a4000-7f34484af000 rw-p 00000000 00:00 0 
7f34484af000-7f34484cd000 rw-p 00000000 00:00 0 
7f34484cd000-7f34484ec000 rw-p 00000000 00:00 0 
7f34484ec000-7f34486ba000 rw-p 00000000 00:00 0 
7f34486ba000-7f34486ca000 rw-p 00000000 00:00 0 
7f34486ca000-7f34487b1000 rw-p 00000000 00:00 0 
7f34487b1000-7f34487b2000 rw-p 00000000 00:00 0 
7f34487b2000-7f3448a22000 rwxp 00000000 00:00 0 
7f3448a22000-7f344b7b2000 rw-p 00000000 00:00 0 
7f344b7b2000-7f344b7cc000 r-xp 00000000 fc:01 150311                     /usr/lib/jvm/jdk1.7.0_21/jre/lib/amd64/libzip.so
7f344b7cc000-7f344b9cc000 ---p 0001a000 fc:01 150311                     /usr/lib/jvm/jdk1.7.0_21/jre/lib/amd64/libzip.so
7f344b9cc000-7f344b9cd000 rw-p 0001a000 fc:01 150311                     /usr/lib/jvm/jdk1.7.0_21/jre/lib/amd64/libzip.so
7f344b9cd000-7f344b9d9000 r-xp 00000000 fc:01 393446                     /lib/x86_64-linux-gnu/libnss_files-2.17.so
7f344b9d9000-7f344bbd8000 ---p 0000c000 fc:01 393446                     /lib/x86_64-linux-gnu/libnss_files-2.17.so
7f344bbd8000-7f344bbd9000 r--p 0000b000 fc:01 393446                     /lib/x86_64-linux-gnu/libnss_files-2.17.so
7f344bbd9000-7f344bbda000 rw-p 0000c000 fc:01 393446                     /lib/x86_64-linux-gnu/libnss_files-2.17.so
7f344bbda000-7f344bbe5000 r-xp 00000000 fc:01 393442                     /lib/x86_64-linux-gnu/libnss_nis-2.17.so
7f344bbe5000-7f344bde4000 ---p 0000b000 fc:01 393442                     /lib/x86_64-linux-gnu/libnss_nis-2.17.so
7f344bde4000-7f344bde5000 r--p 0000a000 fc:01 393442                     /lib/x86_64-linux-gnu/libnss_nis-2.17.so
7f344bde5000-7f344bde6000 rw-p 0000b000 fc:01 393442                     /lib/x86_64-linux-gnu/libnss_nis-2.17.so
7f344bde6000-7f344bdfd000 r-xp 00000000 fc:01 393427                     /lib/x86_64-linux-gnu/libnsl-2.17.so
7f344bdfd000-7f344bffc000 ---p 00017000 fc:01 393427                     /lib/x86_64-linux-gnu/libnsl-2.17.so
7f344bffc000-7f344bffd000 r--p 00016000 fc:01 393427                     /lib/x86_64-linux-gnu/libnsl-2.17.so
7f344bffd000-7f344bffe000 rw-p 00017000 fc:01 393427                     /lib/x86_64-linux-gnu/libnsl-2.17.so
7f344bffe000-7f344c000000 rw-p 00000000 00:00 0 
7f344c000000-7f344c236000 rw-p 00000000 00:00 0 
7f344c236000-7f3450000000 ---p 00000000 00:00 0 
7f3450006000-7f345007b000 rw-p 00000000 00:00 0 
7f345007b000-7f3450099000 rw-p 00000000 00:00 0 
7f3450099000-7f34500a1000 r-xp 00000000 fc:01 393437                     /lib/x86_64-linux-gnu/libnss_compat-2.17.so
7f34500a1000-7f34502a0000 ---p 00008000 fc:01 393437                     /lib/x86_64-linux-gnu/libnss_compat-2.17.so
7f34502a0000-7f34502a1000 r--p 00007000 fc:01 393437                     /lib/x86_64-linux-gnu/libnss_compat-2.17.so
7f34502a1000-7f34502a2000 rw-p 00008000 fc:01 393437                     /lib/x86_64-linux-gnu/libnss_compat-2.17.so
7f34502a2000-7f34502cb000 r-xp 00000000 fc:01 150357                     /usr/lib/jvm/jdk1.7.0_21/jre/lib/amd64/libjava.so
7f34502cb000-7f34504cb000 ---p 00029000 fc:01 150357                     /usr/lib/jvm/jdk1.7.0_21/jre/lib/amd64/libjava.so
7f34504cb000-7f34504cd000 rw-p 00029000 fc:01 150357                     /usr/lib/jvm/jdk1.7.0_21/jre/lib/amd64/libjava.so
7f34504cd000-7f34504da000 r-xp 00000000 fc:01 150324                     /usr/lib/jvm/jdk1.7.0_21/jre/lib/amd64/libverify.so
7f34504da000-7f34506d9000 ---p 0000d000 fc:01 150324                     /usr/lib/jvm/jdk1.7.0_21/jre/lib/amd64/libverify.so
7f34506d9000-7f34506db000 rw-p 0000c000 fc:01 150324                     /usr/lib/jvm/jdk1.7.0_21/jre/lib/amd64/libverify.so
7f34506db000-7f34506e2000 r-xp 00000000 fc:01 393424                     /lib/x86_64-linux-gnu/librt-2.17.so
7f34506e2000-7f34508e1000 ---p 00007000 fc:01 393424                     /lib/x86_64-linux-gnu/librt-2.17.so
7f34508e1000-7f34508e2000 r--p 00006000 fc:01 393424                     /lib/x86_64-linux-gnu/librt-2.17.so
7f34508e2000-7f34508e3000 rw-p 00007000 fc:01 393424                     /lib/x86_64-linux-gnu/librt-2.17.so
7f34508e3000-7f34509e6000 r-xp 00000000 fc:01 393440                     /lib/x86_64-linux-gnu/libm-2.17.so
7f34509e6000-7f3450be6000 ---p 00103000 fc:01 393440                     /lib/x86_64-linux-gnu/libm-2.17.so
7f3450be6000-7f3450be7000 r--p 00103000 fc:01 393440                     /lib/x86_64-linux-gnu/libm-2.17.so
7f3450be7000-7f3450be8000 rw-p 00104000 fc:01 393440                     /lib/x86_64-linux-gnu/libm-2.17.so
7f3450be8000-7f3451632000 r-xp 00000000 fc:01 286183                     /usr/lib/jvm/jdk1.7.0_21/jre/lib/amd64/server/libjvm.so
7f3451632000-7f3451831000 ---p 00a4a000 fc:01 286183                     /usr/lib/jvm/jdk1.7.0_21/jre/lib/amd64/server/libjvm.so
7f3451831000-7f34518d5000 rw-p 00a49000 fc:01 286183                     /usr/lib/jvm/jdk1.7.0_21/jre/lib/amd64/server/libjvm.so
7f34518d5000-7f3451910000 rw-p 00000000 00:00 0 
7f3451910000-7f3451ace000 r-xp 00000000 fc:01 393434                     /lib/x86_64-linux-gnu/libc-2.17.so
7f3451ace000-7f3451ccd000 ---p 001be000 fc:01 393434                     /lib/x86_64-linux-gnu/libc-2.17.so
7f3451ccd000-7f3451cd1000 r--p 001bd000 fc:01 393434                     /lib/x86_64-linux-gnu/libc-2.17.so
7f3451cd1000-7f3451cd3000 rw-p 001c1000 fc:01 393434                     /lib/x86_64-linux-gnu/libc-2.17.so
7f3451cd3000-7f3451cd8000 rw-p 00000000 00:00 0 
7f3451cd8000-7f3451cdb000 r-xp 00000000 fc:01 393435                     /lib/x86_64-linux-gnu/libdl-2.17.so
7f3451cdb000-7f3451eda000 ---p 00003000 fc:01 393435                     /lib/x86_64-linux-gnu/libdl-2.17.so
7f3451eda000-7f3451edb000 r--p 00002000 fc:01 393435                     /lib/x86_64-linux-gnu/libdl-2.17.so
7f3451edb000-7f3451edc000 rw-p 00003000 fc:01 393435                     /lib/x86_64-linux-gnu/libdl-2.17.so
7f3451edc000-7f3451ef2000 r-xp 00000000 fc:01 286186                     /usr/lib/jvm/jdk1.7.0_21/jre/lib/amd64/jli/libjli.so
7f3451ef2000-7f34520f2000 ---p 00016000 fc:01 286186                     /usr/lib/jvm/jdk1.7.0_21/jre/lib/amd64/jli/libjli.so
7f34520f2000-7f34520f3000 rw-p 00016000 fc:01 286186                     /usr/lib/jvm/jdk1.7.0_21/jre/lib/amd64/jli/libjli.so
7f34520f3000-7f345210b000 r-xp 00000000 fc:01 393439                     /lib/x86_64-linux-gnu/libpthread-2.17.so
7f345210b000-7f345230a000 ---p 00018000 fc:01 393439                     /lib/x86_64-linux-gnu/libpthread-2.17.so
7f345230a000-7f345230b000 r--p 00017000 fc:01 393439                     /lib/x86_64-linux-gnu/libpthread-2.17.so
7f345230b000-7f345230c000 rw-p 00018000 fc:01 393439                     /lib/x86_64-linux-gnu/libpthread-2.17.so
7f345230c000-7f3452310000 rw-p 00000000 00:00 0 
7f3452310000-7f3452333000 r-xp 00000000 fc:01 393430                     /lib/x86_64-linux-gnu/ld-2.17.so
7f3452340000-7f3452344000 r--s 0008a000 fc:01 150387                     /usr/lib/jvm/jdk1.7.0_21/jre/lib/jsse.jar
7f3452344000-7f3452349000 r--s 00309000 fc:01 1187824                    /home/hqthao/workspace/FEExamTest/FEExamServer/lib/sqlite-jdbc-3.7.2.jar
7f3452349000-7f3452353000 r--s 00254000 fc:01 149783                     /usr/lib/jvm/jdk1.7.0_21/jre/lib/resources.jar
7f3452353000-7f345235d000 rw-p 00000000 00:00 0 
7f345235d000-7f3452413000 rw-p 00000000 00:00 0 
7f3452413000-7f3452416000 ---p 00000000 00:00 0 
7f3452416000-7f3452518000 rw-p 00000000 00:00 0                          [stack:7807]
7f345251a000-7f345251d000 r--s 0001f000 fc:01 1207325                    /home/hqthao/workspace/FEExamTest/FEExamServer/lib/sqlite-jdbc-3.7.2-javadoc.jar
7f345251d000-7f3452522000 r--s 00309000 fc:01 1207323                    /home/hqthao/workspace/FEExamTest/FEExamDatabase/lib/sqlite-jdbc-3.7.2.jar
7f3452522000-7f3452525000 r--s 0001f000 fc:01 1207324                    /home/hqthao/workspace/FEExamTest/FEExamDatabase/lib/sqlite-jdbc-3.7.2-javadoc.jar
7f3452525000-7f3452526000 r--s 00012000 fc:01 1192709                    /home/hqthao/workspace/FEExamTest/FEExamServer/lib/miglayout-4.0-swing.jar
7f3452526000-7f345252e000 rw-s 00000000 fc:01 657761                     /tmp/hsperfdata_hqthao/7805 (deleted)
7f345252e000-7f345252f000 rw-p 00000000 00:00 0 
7f345252f000-7f3452530000 ---p 00000000 00:00 0 
7f3452530000-7f3452532000 rw-p 00000000 00:00 0 
7f3452532000-7f3452533000 r--p 00022000 fc:01 393430                     /lib/x86_64-linux-gnu/ld-2.17.so
7f3452533000-7f3452535000 rw-p 00023000 fc:01 393430                     /lib/x86_64-linux-gnu/ld-2.17.so
7fff5a942000-7fff5a963000 rw-p 00000000 00:00 0                          [stack]
7fff5a9fe000-7fff5aa00000 r-xp 00000000 00:00 0                          [vdso]
ffffffffff600000-ffffffffff601000 r-xp 00000000 00:00 0                  [vsyscall]

VM Arguments:
jvm_args: -Dfile.encoding=UTF-8 
java_command: com.view.MainGui
Launcher Type: SUN_STANDARD

Environment Variables:
PATH=/usr/lib/lightdm/lightdm:/usr/local/sbin:/usr/local/bin:/usr/sbin:/usr/bin:/sbin:/bin:/usr/games:/usr/local/games
SHELL=/bin/bash
DISPLAY=:0

Signal Handlers:
SIGSEGV: [libjvm.so+0x8a80e0], sa_mask[0]=0x7ffbfeff, sa_flags=0x10000004
SIGBUS: [libjvm.so+0x8a80e0], sa_mask[0]=0x7ffbfeff, sa_flags=0x10000004
SIGFPE: [libjvm.so+0x744170], sa_mask[0]=0x7ffbfeff, sa_flags=0x10000004
SIGPIPE: [libjvm.so+0x744170], sa_mask[0]=0x7ffbfeff, sa_flags=0x10000004
SIGXFSZ: [libjvm.so+0x744170], sa_mask[0]=0x7ffbfeff, sa_flags=0x10000004
SIGILL: [libjvm.so+0x744170], sa_mask[0]=0x7ffbfeff, sa_flags=0x10000004
SIGUSR1: SIG_DFL, sa_mask[0]=0x00000000, sa_flags=0x00000000
SIGUSR2: [libjvm.so+0x743ac0], sa_mask[0]=0x00000004, sa_flags=0x10000004
SIGHUP: [libjvm.so+0x745e50], sa_mask[0]=0x7ffbfeff, sa_flags=0x10000004
SIGINT: [libjvm.so+0x745e50], sa_mask[0]=0x7ffbfeff, sa_flags=0x10000004
SIGTERM: [libjvm.so+0x745e50], sa_mask[0]=0x7ffbfeff, sa_flags=0x10000004
SIGQUIT: [libjvm.so+0x745e50], sa_mask[0]=0x7ffbfeff, sa_flags=0x10000004


---------------  S Y S T E M  ---------------

OS:wheezy/sid

uname:Linux 3.8.0-30-generic #44-Ubuntu SMP Thu Aug 22 20:52:24 UTC 2013 x86_64
libc:glibc 2.17 NPTL 2.17 
rlimit: STACK 8192k, CORE 0k, NPROC 47186, NOFILE 4096, AS infinity
load average:1.54 0.77 0.46

/proc/meminfo:
MemTotal:        6059612 kB
MemFree:         1680408 kB
Buffers:          734992 kB
Cached:          1753224 kB
SwapCached:            0 kB
Active:          2081768 kB
Inactive:        2048104 kB
Active(anon):    1621084 kB
Inactive(anon):   677096 kB
Active(file):     460684 kB
Inactive(file):  1371008 kB
Unevictable:         264 kB
Mlocked:             264 kB
SwapTotal:       4095996 kB
SwapFree:        4095996 kB
Dirty:               220 kB
Writeback:             0 kB
AnonPages:       1642052 kB
Mapped:           332368 kB
Shmem:            656524 kB
Slab:             126824 kB
SReclaimable:      81180 kB
SUnreclaim:        45644 kB
KernelStack:        4912 kB
PageTables:        46392 kB
NFS_Unstable:          0 kB
Bounce:                0 kB
WritebackTmp:          0 kB
CommitLimit:     7125800 kB
Committed_AS:    6765708 kB
VmallocTotal:   34359738367 kB
VmallocUsed:      551964 kB
VmallocChunk:   34359181276 kB
HardwareCorrupted:     0 kB
AnonHugePages:         0 kB
HugePages_Total:       0
HugePages_Free:        0
HugePages_Rsvd:        0
HugePages_Surp:        0
Hugepagesize:       2048 kB
DirectMap4k:       69632 kB
DirectMap2M:     6170624 kB


CPU:total 4 (2 cores per cpu, 2 threads per core) family 6 model 42 stepping 7, cmov, cx8, fxsr, mmx, sse, sse2, sse3, ssse3, sse4.1, sse4.2, popcnt, avx, ht, tsc, tscinvbit

/proc/cpuinfo:
processor	: 0
vendor_id	: GenuineIntel
cpu family	: 6
model		: 42
model name	: Intel(R) Core(TM) i5-2430M CPU @ 2.40GHz
stepping	: 7
microcode	: 0x1a
cpu MHz		: 800.000
cache size	: 3072 KB
physical id	: 0
siblings	: 4
core id		: 0
cpu cores	: 2
apicid		: 0
initial apicid	: 0
fpu		: yes
fpu_exception	: yes
cpuid level	: 13
wp		: yes
flags		: fpu vme de pse tsc msr pae mce cx8 apic sep mtrr pge mca cmov pat pse36 clflush dts acpi mmx fxsr sse sse2 ss ht tm pbe syscall nx rdtscp lm constant_tsc arch_perfmon pebs bts rep_good nopl xtopology nonstop_tsc aperfmperf eagerfpu pni pclmulqdq dtes64 monitor ds_cpl vmx est tm2 ssse3 cx16 xtpr pdcm pcid sse4_1 sse4_2 x2apic popcnt tsc_deadline_timer aes xsave avx lahf_lm ida arat epb xsaveopt pln pts dtherm tpr_shadow vnmi flexpriority ept vpid
bogomips	: 4789.08
clflush size	: 64
cache_alignment	: 64
address sizes	: 36 bits physical, 48 bits virtual
power management:

processor	: 1
vendor_id	: GenuineIntel
cpu family	: 6
model		: 42
model name	: Intel(R) Core(TM) i5-2430M CPU @ 2.40GHz
stepping	: 7
microcode	: 0x1a
cpu MHz		: 800.000
cache size	: 3072 KB
physical id	: 0
siblings	: 4
core id		: 0
cpu cores	: 2
apicid		: 1
initial apicid	: 1
fpu		: yes
fpu_exception	: yes
cpuid level	: 13
wp		: yes
flags		: fpu vme de pse tsc msr pae mce cx8 apic sep mtrr pge mca cmov pat pse36 clflush dts acpi mmx fxsr sse sse2 ss ht tm pbe syscall nx rdtscp lm constant_tsc arch_perfmon pebs bts rep_good nopl xtopology nonstop_tsc aperfmperf eagerfpu pni pclmulqdq dtes64 monitor ds_cpl vmx est tm2 ssse3 cx16 xtpr pdcm pcid sse4_1 sse4_2 x2apic popcnt tsc_deadline_timer aes xsave avx lahf_lm ida arat epb xsaveopt pln pts dtherm tpr_shadow vnmi flexpriority ept vpid
bogomips	: 4789.08
clflush size	: 64
cache_alignment	: 64
address sizes	: 36 bits physical, 48 bits virtual
power management:

processor	: 2
vendor_id	: GenuineIntel
cpu family	: 6
model		: 42
model name	: Intel(R) Core(TM) i5-2430M CPU @ 2.40GHz
stepping	: 7
microcode	: 0x1a
cpu MHz		: 2401.000
cache size	: 3072 KB
physical id	: 0
siblings	: 4
core id		: 1
cpu cores	: 2
apicid		: 2
initial apicid	: 2
fpu		: yes
fpu_exception	: yes
cpuid level	: 13
wp		: yes
flags		: fpu vme de pse tsc msr pae mce cx8 apic sep mtrr pge mca cmov pat pse36 clflush dts acpi mmx fxsr sse sse2 ss ht tm pbe syscall nx rdtscp lm constant_tsc arch_perfmon pebs bts rep_good nopl xtopology nonstop_tsc aperfmperf eagerfpu pni pclmulqdq dtes64 monitor ds_cpl vmx est tm2 ssse3 cx16 xtpr pdcm pcid sse4_1 sse4_2 x2apic popcnt tsc_deadline_timer aes xsave avx lahf_lm ida arat epb xsaveopt pln pts dtherm tpr_shadow vnmi flexpriority ept vpid
bogomips	: 4789.08
clflush size	: 64
cache_alignment	: 64
address sizes	: 36 bits physical, 48 bits virtual
power management:

processor	: 3
vendor_id	: GenuineIntel
cpu family	: 6
model		: 42
model name	: Intel(R) Core(TM) i5-2430M CPU @ 2.40GHz
stepping	: 7
microcode	: 0x1a
cpu MHz		: 800.000
cache size	: 3072 KB
physical id	: 0
siblings	: 4
core id		: 1
cpu cores	: 2
apicid		: 3
initial apicid	: 3
fpu		: yes
fpu_exception	: yes
cpuid level	: 13
wp		: yes
flags		: fpu vme de pse tsc msr pae mce cx8 apic sep mtrr pge mca cmov pat pse36 clflush dts acpi mmx fxsr sse sse2 ss ht tm pbe syscall nx rdtscp lm constant_tsc arch_perfmon pebs bts rep_good nopl xtopology nonstop_tsc aperfmperf eagerfpu pni pclmulqdq dtes64 monitor ds_cpl vmx est tm2 ssse3 cx16 xtpr pdcm pcid sse4_1 sse4_2 x2apic popcnt tsc_deadline_timer aes xsave avx lahf_lm ida arat epb xsaveopt pln pts dtherm tpr_shadow vnmi flexpriority ept vpid
bogomips	: 4789.08
clflush size	: 64
cache_alignment	: 64
address sizes	: 36 bits physical, 48 bits virtual
power management:



Memory: 4k page, physical 6059612k(1680408k free), swap 4095996k(4095996k free)

vm_info: Java HotSpot(TM) 64-Bit Server VM (23.21-b01) for linux-amd64 JRE (1.7.0_21-b11), built on Apr  4 2013 04:03:29 by "java_re" with gcc 4.3.0 20080428 (Red Hat 4.3.0-8)

time: Tue Sep 10 10:55:00 2013
elapsed time: 1 seconds

