#
# A fatal error has been detected by the Java Runtime Environment:
#
#  SIGSEGV (0xb) at pc=0x00007ffd3b47f880, pid=7878, tid=140726812108544
#
# JRE version: 7.0_21-b11
# Java VM: Java HotSpot(TM) 64-Bit Server VM (23.21-b01 mixed mode linux-amd64 compressed oops)
# Problematic frame:
# C  0x00007ffd3b47f880
[error occurred during error reporting (printing problematic frame), id 0xb]

# Failed to write core dump. Core dumps have been disabled. To enable core dumping, try "ulimit -c unlimited" before starting Java again
#
# If you would like to submit a bug report, please visit:
#   http://bugreport.sun.com/bugreport/crash.jsp
#

---------------  T H R E A D  ---------------

Current thread is native thread

siginfo:si_signo=SIGSEGV: si_errno=0, si_code=1 (SEGV_MAPERR), si_addr=0x00007ffd3b47f880

Registers:
RAX=0x00007ffd3b47f880, RBX=0x00007ffd83a56a38, RCX=0x0000000000000001, RDX=0x0000000000000001
RSP=0x00007ffd83a55e68, RBP=0x00007ffd8384e308, RSI=0x00007ffd83a56700, RDI=0x00007ffd7c22a6e0
R8 =0x0000000000000000, R9 =0x0000000000001ecc, R10=0x0000000000000008, R11=0x0000000000000206
R12=0x000000000000001e, R13=0x0000000000000000, R14=0x00007ffd8384e2e0, R15=0x0000000000000004
RIP=0x00007ffd3b47f880, EFLAGS=0x0000000000010202, CSGSFS=0x0000000000000033, ERR=0x0000000000000014
  TRAPNO=0x000000000000000e

Top of Stack: (sp=0x00007ffd83a55e68)
0x00007ffd83a55e68:   00007ffd8363dd92 00007ffd83a56700
0x00007ffd83a55e78:   0000000000000000 0000000000000000
0x00007ffd83a55e88:   0000000000000000 00007ffd83a76060
0x00007ffd83a55e98:   00007fff37334b30 0000000000001000
0x00007ffd83a55ea8:   00007ffd8363df9c 0000000000000000
0x00007ffd83a55eb8:   00007ffd83a56700 00007ffd83a56700
0x00007ffd83a55ec8:   1dc264ffe5d8753a 0000000000000000
0x00007ffd83a55ed8:   00007ffd83a76060 00007fff37334b30
0x00007ffd83a55ee8:   0000000000001000 e23963b558b8753a
0x00007ffd83a55ef8:   e23962385b76753a 0000000000000000
0x00007ffd83a55f08:   0000000000000000 0000000000000000
0x00007ffd83a55f18:   0000000000000000 0000000000000000
0x00007ffd83a55f28:   0000000000000000 0000000000000000
0x00007ffd83a55f38:   0000000000000000 0000000000000000
0x00007ffd83a55f48:   0000000000000000 0000000000000000
0x00007ffd83a55f58:   0000000000000000 0000000000000000
0x00007ffd83a55f68:   0000000000000000 0000000000000000
0x00007ffd83a55f78:   0000000000000000 0000000000000000
0x00007ffd83a55f88:   0000000000000000 0000000000000000
0x00007ffd83a55f98:   0000000000000000 0000000000000000
0x00007ffd83a55fa8:   0000000000000000 00007ffd83a56700
0x00007ffd83a55fb8:   00007ffd82f4ce1d 0000000000000000
0x00007ffd83a55fc8:   0000000000000000 0000000000000000
0x00007ffd83a55fd8:   0000000000000000 0000000000000000
0x00007ffd83a55fe8:   0000000000000000 0000000000000000
0x00007ffd83a55ff8:   0000000000000000 0000000000000000
0x00007ffd83a56008:   0000000000000000 0000000000000000
0x00007ffd83a56018:   0000000000000000 0000000000000000
0x00007ffd83a56028:   0000000000000000 0000000000000000
0x00007ffd83a56038:   0000000000000000 0000000000000000
0x00007ffd83a56048:   0000000000000000 0000000000000000
0x00007ffd83a56058:   0000000000000000 0000000000000000 

Instructions: (pc=0x00007ffd3b47f880)
0x00007ffd3b47f860:   
[error occurred during error reporting (printing registers, top of stack, instructions near pc), id 0xb]

Register to memory mapping:

RAX=0x00007ffd3b47f880 is an unknown value
RBX=0x00007ffd83a56a38 is an unknown value
RCX=0x0000000000000001 is an unknown value
RDX=0x0000000000000001 is an unknown value
RSP=0x00007ffd83a55e68 is an unknown value
RBP=0x00007ffd8384e308: <offset 0x218308> in /lib/x86_64-linux-gnu/libpthread.so.0 at 0x00007ffd83636000
RSI=0x00007ffd83a56700 is an unknown value
RDI=0x00007ffd7c22a6e0 is an unknown value
R8 =0x0000000000000000 is an unknown value
R9 =0x0000000000001ecc is an unknown value
R10=0x0000000000000008 is an unknown value
R11=0x0000000000000206 is an unknown value
R12=0x000000000000001e is an unknown value
R13=0x0000000000000000 is an unknown value
R14=0x00007ffd8384e2e0: <offset 0x2182e0> in /lib/x86_64-linux-gnu/libpthread.so.0 at 0x00007ffd83636000
R15=0x0000000000000004 is an unknown value


Stack: [0x00007ffd83956000,0x00007ffd83a57000],  sp=0x00007ffd83a55e68,  free space=1023k
Native frames: (J=compiled Java code, j=interpreted, Vv=VM code, C=native code)
C  0x00007ffd3b47f880
[error occurred during error reporting (printing native stack), id 0xb]


---------------  P R O C E S S  ---------------

VM state:at safepoint (shutting down)

VM Mutex/Monitor currently owned by a thread:  ([mutex/lock_event])
[0x00007ffd7c005490] Threads_lock - owner thread: 0x00007ffd7c092000

Heap
 PSYoungGen      total 27648K, used 4274K [0x00000000e12b0000, 0x00000000e3180000, 0x0000000100000000)
  eden space 23744K, 18% used [0x00000000e12b0000,0x00000000e16dcb48,0x00000000e29e0000)
  from space 3904K, 0% used [0x00000000e2db0000,0x00000000e2db0000,0x00000000e3180000)
  to   space 3904K, 0% used [0x00000000e29e0000,0x00000000e29e0000,0x00000000e2db0000)
 ParOldGen       total 63168K, used 0K [0x00000000a3800000, 0x00000000a75b0000, 0x00000000e12b0000)
  object space 63168K, 0% used [0x00000000a3800000,0x00000000a3800000,0x00000000a75b0000)
 PSPermGen       total 21248K, used 6384K [0x000000009e600000, 0x000000009fac0000, 0x00000000a3800000)
  object space 21248K, 30% used [0x000000009e600000,0x000000009ec3c390,0x000000009fac0000)

Card table byte_map: [0x00007ffd80a80000,0x00007ffd80d8e000] byte_map_base: 0x00007ffd8058d000

Polling page: 0x00007ffd83a72000

Code Cache  [0x00007ffd79000000, 0x00007ffd79270000, 0x00007ffd7c000000)
 total_blobs=373 nmethods=27 adapters=299 free_code_cache=48629Kb largest_free_block=49777408

Compilation events (10 events):
Event: 0.291 Thread 0x00007ffd7c0eb000 nmethod 22 0x00007ffd7907a310 code [0x00007ffd7907a4c0, 0x00007ffd7907aa50]
Event: 0.296 Thread 0x00007ffd7c0eb000   23             sun.security.provider.MD5::implCompress (1508 bytes)
Event: 0.305 Thread 0x00007ffd7c0ed800 nmethod 21 0x00007ffd79082750 code [0x00007ffd790829e0, 0x00007ffd79083868]
Event: 0.305 Thread 0x00007ffd7c0ed800   24             sun.security.provider.ByteArrayAccess::b2iLittle64 (586 bytes)
Event: 0.307 Thread 0x00007ffd7c0ed800 nmethod 24 0x00007ffd79079f50 code [0x00007ffd7907a080, 0x00007ffd7907a238]
Event: 0.307 Thread 0x00007ffd7c0ed800    2 % !         org.sqlite.SQLiteJDBCLoader::md5sum @ 25 (104 bytes)
Event: 0.310 Thread 0x00007ffd7c0ed800 nmethod 2% 0x00007ffd790802d0 code [0x00007ffd790804a0, 0x00007ffd79080860]
Event: 0.317 Thread 0x00007ffd7c0eb000 nmethod 23 0x00007ffd7907f3d0 code [0x00007ffd7907f520, 0x00007ffd79080168]
Event: 0.331 Thread 0x00007ffd7c0ed800   25             java.lang.String::lastIndexOf (52 bytes)
Event: 0.333 Thread 0x00007ffd7c0ed800 nmethod 25 0x00007ffd7907efd0 code [0x00007ffd7907f120, 0x00007ffd7907f288]

GC Heap History (0 events):
No events

Deoptimization events (2 events):
Event: 0.276 Thread 0x00007ffd7c217800 Uncommon trap 18 fr.pc 0x00007ffd7907894c
Event: 0.276 Thread 0x00007ffd7c217800 Uncommon trap -83 fr.pc 0x00007ffd7907cad4

Internal exceptions (10 events):
Event: 0.276 Thread 0x00007ffd7c217800 Implicit null exception at 0x00007ffd7907c452 to 0x00007ffd7907cab1
Event: 0.331 Thread 0x00007ffd7c217800 Threw 0x00000000e157c1a8 at /HUDSON/workspace/jdk7u21-2-build-linux-amd64-product/jdk7u21/hotspot/src/share/vm/prims/jvm.cpp:1166
Event: 0.332 Thread 0x00007ffd7c217800 Threw 0x00000000e1580c28 at /HUDSON/workspace/jdk7u21-2-build-linux-amd64-product/jdk7u21/hotspot/src/share/vm/prims/jvm.cpp:1166
Event: 0.332 Thread 0x00007ffd7c217800 Threw 0x00000000e158a450 at /HUDSON/workspace/jdk7u21-2-build-linux-amd64-product/jdk7u21/hotspot/src/share/vm/prims/jvm.cpp:1166
Event: 0.334 Thread 0x00007ffd7c217800 Threw 0x00000000e15964f0 at /HUDSON/workspace/jdk7u21-2-build-linux-amd64-product/jdk7u21/hotspot/src/share/vm/prims/jvm.cpp:1166
Event: 0.336 Thread 0x00007ffd7c217800 Threw 0x00000000e15a34c8 at /HUDSON/workspace/jdk7u21-2-build-linux-amd64-product/jdk7u21/hotspot/src/share/vm/prims/jvm.cpp:1166
Event: 0.338 Thread 0x00007ffd7c217800 Threw 0x00000000e15af080 at /HUDSON/workspace/jdk7u21-2-build-linux-amd64-product/jdk7u21/hotspot/src/share/vm/prims/jvm.cpp:1166
Event: 0.339 Thread 0x00007ffd7c217800 Threw 0x00000000e15b53d8 at /HUDSON/workspace/jdk7u21-2-build-linux-amd64-product/jdk7u21/hotspot/src/share/vm/prims/jvm.cpp:1166
Event: 0.342 Thread 0x00007ffd7c217800 Threw 0x00000000e15bf998 at /HUDSON/workspace/jdk7u21-2-build-linux-amd64-product/jdk7u21/hotspot/src/share/vm/interpreter/linkReso
Event: 0.342 Thread 0x00007ffd7c217800 Threw 0x00000000e15bf998 at /HUDSON/workspace/jdk7u21-2-build-linux-amd64-product/jdk7u21/hotspot/src/share/vm/prims/jvm.cpp:1170

Events (10 events):
Event: 1.344 loading class 0x00007ffd7c1efc20 done
Event: 1.345 Thread 0x00007ffd7c217800 Thread added: 0x00007ffd7c217800
Event: 1.345 loading class 0x00007ffd7c17a910
Event: 1.345 loading class 0x00007ffd28087a70
Event: 1.345 loading class 0x00007ffd28087a70 done
Event: 1.345 loading class 0x00007ffd28087c10
Event: 1.345 loading class 0x00007ffd28087c10 done
Event: 1.345 loading class 0x00007ffd7c17a910 done
Event: 1.346 Thread 0x00007ffd7c217800 Thread exited: 0x00007ffd7c217800
Event: 1.347 Thread 0x00007ffd7c009000 Thread exited: 0x00007ffd7c009000


Dynamic libraries:
00400000-00401000 r-xp 00000000 fc:01 1596442                            /usr/lib/jvm/jdk1.7.0_21/bin/java
00600000-00601000 rw-p 00000000 fc:01 1596442                            /usr/lib/jvm/jdk1.7.0_21/bin/java
0086d000-0088e000 rw-p 00000000 00:00 0                                  [heap]
9e600000-9fac0000 rw-p 00000000 00:00 0 
9fac0000-a3800000 rw-p 00000000 00:00 0 
a3800000-a75b0000 rw-p 00000000 00:00 0 
a75b0000-e12b0000 rw-p 00000000 00:00 0 
e12b0000-e3180000 rw-p 00000000 00:00 0 
e3180000-100000000 rw-p 00000000 00:00 0 
7ffd28000000-7ffd280b0000 rw-p 00000000 00:00 0 
7ffd280b0000-7ffd2c000000 ---p 00000000 00:00 0 
7ffd30000000-7ffd30021000 rw-p 00000000 00:00 0 
7ffd30021000-7ffd34000000 ---p 00000000 00:00 0 
7ffd34000000-7ffd34021000 rw-p 00000000 00:00 0 
7ffd34021000-7ffd38000000 ---p 00000000 00:00 0 
7ffd38692000-7ffd386a6000 r-xp 00000000 fc:01 397302                     /lib/x86_64-linux-gnu/libgcc_s.so.1
7ffd386a6000-7ffd388a6000 ---p 00014000 fc:01 397302                     /lib/x86_64-linux-gnu/libgcc_s.so.1
7ffd388a6000-7ffd388a7000 r--p 00014000 fc:01 397302                     /lib/x86_64-linux-gnu/libgcc_s.so.1
7ffd388a7000-7ffd388a8000 rw-p 00015000 fc:01 397302                     /lib/x86_64-linux-gnu/libgcc_s.so.1
7ffd388a8000-7ffd3898d000 r-xp 00000000 fc:01 1311072                    /usr/lib/x86_64-linux-gnu/libstdc++.so.6.0.17
7ffd3898d000-7ffd38b8c000 ---p 000e5000 fc:01 1311072                    /usr/lib/x86_64-linux-gnu/libstdc++.so.6.0.17
7ffd38b8c000-7ffd38b94000 r--p 000e4000 fc:01 1311072                    /usr/lib/x86_64-linux-gnu/libstdc++.so.6.0.17
7ffd38b94000-7ffd38b96000 rw-p 000ec000 fc:01 1311072                    /usr/lib/x86_64-linux-gnu/libstdc++.so.6.0.17
7ffd38b96000-7ffd38bab000 rw-p 00000000 00:00 0 
7ffd3c000000-7ffd3c021000 rw-p 00000000 00:00 0 
7ffd3c021000-7ffd40000000 ---p 00000000 00:00 0 
7ffd40000000-7ffd40021000 rw-p 00000000 00:00 0 
7ffd40021000-7ffd44000000 ---p 00000000 00:00 0 
7ffd44000000-7ffd4423b000 rw-p 00000000 00:00 0 
7ffd4423b000-7ffd48000000 ---p 00000000 00:00 0 
7ffd48000000-7ffd48021000 rw-p 00000000 00:00 0 
7ffd48021000-7ffd4c000000 ---p 00000000 00:00 0 
7ffd4c000000-7ffd4c021000 rw-p 00000000 00:00 0 
7ffd4c021000-7ffd50000000 ---p 00000000 00:00 0 
7ffd50000000-7ffd502d6000 rw-p 00000000 00:00 0 
7ffd502d6000-7ffd54000000 ---p 00000000 00:00 0 
7ffd54000000-7ffd54021000 rw-p 00000000 00:00 0 
7ffd54021000-7ffd58000000 ---p 00000000 00:00 0 
7ffd58000000-7ffd58021000 rw-p 00000000 00:00 0 
7ffd58021000-7ffd5c000000 ---p 00000000 00:00 0 
7ffd5c000000-7ffd5c021000 rw-p 00000000 00:00 0 
7ffd5c021000-7ffd60000000 ---p 00000000 00:00 0 
7ffd60000000-7ffd60021000 rw-p 00000000 00:00 0 
7ffd60021000-7ffd64000000 ---p 00000000 00:00 0 
7ffd64000000-7ffd64021000 rw-p 00000000 00:00 0 
7ffd64021000-7ffd68000000 ---p 00000000 00:00 0 
7ffd69510000-7ffd69594000 r-xp 00000000 fc:01 658549                     /tmp/sqlite-3.7.2-libsqlitejdbc.so
7ffd69594000-7ffd69794000 ---p 00084000 fc:01 658549                     /tmp/sqlite-3.7.2-libsqlitejdbc.so
7ffd69794000-7ffd69795000 r--p 00084000 fc:01 658549                     /tmp/sqlite-3.7.2-libsqlitejdbc.so
7ffd69795000-7ffd69798000 rw-p 00085000 fc:01 658549                     /tmp/sqlite-3.7.2-libsqlitejdbc.so
7ffd69798000-7ffd6979b000 ---p 00000000 00:00 0 
7ffd6979b000-7ffd69899000 rw-p 00000000 00:00 0 
7ffd69899000-7ffd6989c000 ---p 00000000 00:00 0 
7ffd6989c000-7ffd6999a000 rw-p 00000000 00:00 0 
7ffd6999a000-7ffd6999d000 ---p 00000000 00:00 0 
7ffd6999d000-7ffd69a9b000 rw-p 00000000 00:00 0                          [stack:7898]
7ffd69a9b000-7ffd69aa0000 r-xp 00000000 fc:01 1316629                    /usr/lib/x86_64-linux-gnu/libXfixes.so.3.1.0
7ffd69aa0000-7ffd69c9f000 ---p 00005000 fc:01 1316629                    /usr/lib/x86_64-linux-gnu/libXfixes.so.3.1.0
7ffd69c9f000-7ffd69ca0000 r--p 00004000 fc:01 1316629                    /usr/lib/x86_64-linux-gnu/libXfixes.so.3.1.0
7ffd69ca0000-7ffd69ca1000 rw-p 00005000 fc:01 1316629                    /usr/lib/x86_64-linux-gnu/libXfixes.so.3.1.0
7ffd69ca1000-7ffd69caa000 r-xp 00000000 fc:01 1317297                    /usr/lib/x86_64-linux-gnu/libXcursor.so.1.0.2
7ffd69caa000-7ffd69eaa000 ---p 00009000 fc:01 1317297                    /usr/lib/x86_64-linux-gnu/libXcursor.so.1.0.2
7ffd69eaa000-7ffd69eab000 r--p 00009000 fc:01 1317297                    /usr/lib/x86_64-linux-gnu/libXcursor.so.1.0.2
7ffd69eab000-7ffd69eac000 rw-p 0000a000 fc:01 1317297                    /usr/lib/x86_64-linux-gnu/libXcursor.so.1.0.2
7ffd69eac000-7ffd69eaf000 ---p 00000000 00:00 0 
7ffd69eaf000-7ffd69fad000 rw-p 00000000 00:00 0                          [stack:7897]
7ffd69fad000-7ffd69fb2000 r-xp 00000000 fc:01 1319211                    /usr/lib/x86_64-linux-gnu/libXdmcp.so.6.0.0
7ffd69fb2000-7ffd6a1b1000 ---p 00005000 fc:01 1319211                    /usr/lib/x86_64-linux-gnu/libXdmcp.so.6.0.0
7ffd6a1b1000-7ffd6a1b2000 r--p 00004000 fc:01 1319211                    /usr/lib/x86_64-linux-gnu/libXdmcp.so.6.0.0
7ffd6a1b2000-7ffd6a1b3000 rw-p 00005000 fc:01 1319211                    /usr/lib/x86_64-linux-gnu/libXdmcp.so.6.0.0
7ffd6a1b3000-7ffd6a1b5000 r-xp 00000000 fc:01 1319200                    /usr/lib/x86_64-linux-gnu/libXau.so.6.0.0
7ffd6a1b5000-7ffd6a3b5000 ---p 00002000 fc:01 1319200                    /usr/lib/x86_64-linux-gnu/libXau.so.6.0.0
7ffd6a3b5000-7ffd6a3b6000 r--p 00002000 fc:01 1319200                    /usr/lib/x86_64-linux-gnu/libXau.so.6.0.0
7ffd6a3b6000-7ffd6a3b7000 rw-p 00003000 fc:01 1319200                    /usr/lib/x86_64-linux-gnu/libXau.so.6.0.0
7ffd6a3b7000-7ffd6a3d4000 r-xp 00000000 fc:01 1311174                    /usr/lib/x86_64-linux-gnu/libxcb.so.1.1.0
7ffd6a3d4000-7ffd6a5d3000 ---p 0001d000 fc:01 1311174                    /usr/lib/x86_64-linux-gnu/libxcb.so.1.1.0
7ffd6a5d3000-7ffd6a5d4000 r--p 0001c000 fc:01 1311174                    /usr/lib/x86_64-linux-gnu/libxcb.so.1.1.0
7ffd6a5d4000-7ffd6a5d5000 rw-p 0001d000 fc:01 1311174                    /usr/lib/x86_64-linux-gnu/libxcb.so.1.1.0
7ffd6a5d5000-7ffd6a5e3000 r-xp 00000000 fc:01 1317264                    /usr/lib/x86_64-linux-gnu/libXi.so.6.1.0
7ffd6a5e3000-7ffd6a7e3000 ---p 0000e000 fc:01 1317264                    /usr/lib/x86_64-linux-gnu/libXi.so.6.1.0
7ffd6a7e3000-7ffd6a7e4000 r--p 0000e000 fc:01 1317264                    /usr/lib/x86_64-linux-gnu/libXi.so.6.1.0
7ffd6a7e4000-7ffd6a7e5000 rw-p 0000f000 fc:01 1317264                    /usr/lib/x86_64-linux-gnu/libXi.so.6.1.0
7ffd6a7e5000-7ffd6a7ea000 r-xp 00000000 fc:01 1319122                    /usr/lib/x86_64-linux-gnu/libXtst.so.6.1.0
7ffd6a7ea000-7ffd6a9e9000 ---p 00005000 fc:01 1319122                    /usr/lib/x86_64-linux-gnu/libXtst.so.6.1.0
7ffd6a9e9000-7ffd6a9ea000 r--p 00004000 fc:01 1319122                    /usr/lib/x86_64-linux-gnu/libXtst.so.6.1.0
7ffd6a9ea000-7ffd6a9eb000 rw-p 00005000 fc:01 1319122                    /usr/lib/x86_64-linux-gnu/libXtst.so.6.1.0
7ffd6a9eb000-7ffd6a9f4000 r-xp 00000000 fc:01 1317295                    /usr/lib/x86_64-linux-gnu/libXrender.so.1.3.0
7ffd6a9f4000-7ffd6abf3000 ---p 00009000 fc:01 1317295                    /usr/lib/x86_64-linux-gnu/libXrender.so.1.3.0
7ffd6abf3000-7ffd6abf4000 r--p 00008000 fc:01 1317295                    /usr/lib/x86_64-linux-gnu/libXrender.so.1.3.0
7ffd6abf4000-7ffd6abf5000 rw-p 00009000 fc:01 1317295                    /usr/lib/x86_64-linux-gnu/libXrender.so.1.3.0
7ffd6abf5000-7ffd6ad29000 r-xp 00000000 fc:01 1311898                    /usr/lib/x86_64-linux-gnu/libX11.so.6.3.0
7ffd6ad29000-7ffd6af29000 ---p 00134000 fc:01 1311898                    /usr/lib/x86_64-linux-gnu/libX11.so.6.3.0
7ffd6af29000-7ffd6af2a000 r--p 00134000 fc:01 1311898                    /usr/lib/x86_64-linux-gnu/libX11.so.6.3.0
7ffd6af2a000-7ffd6af2f000 rw-p 00135000 fc:01 1311898                    /usr/lib/x86_64-linux-gnu/libX11.so.6.3.0
7ffd6af2f000-7ffd6af40000 r-xp 00000000 fc:01 1312230                    /usr/lib/x86_64-linux-gnu/libXext.so.6.4.0
7ffd6af40000-7ffd6b13f000 ---p 00011000 fc:01 1312230                    /usr/lib/x86_64-linux-gnu/libXext.so.6.4.0
7ffd6b13f000-7ffd6b140000 r--p 00010000 fc:01 1312230                    /usr/lib/x86_64-linux-gnu/libXext.so.6.4.0
7ffd6b140000-7ffd6b141000 rw-p 00011000 fc:01 1312230                    /usr/lib/x86_64-linux-gnu/libXext.so.6.4.0
7ffd6b141000-7ffd6b191000 r-xp 00000000 fc:01 286180                     /usr/lib/jvm/jdk1.7.0_21/jre/lib/amd64/xawt/libmawt.so
7ffd6b191000-7ffd6b391000 ---p 00050000 fc:01 286180                     /usr/lib/jvm/jdk1.7.0_21/jre/lib/amd64/xawt/libmawt.so
7ffd6b391000-7ffd6b395000 rw-p 00050000 fc:01 286180                     /usr/lib/jvm/jdk1.7.0_21/jre/lib/amd64/xawt/libmawt.so
7ffd6b395000-7ffd6b396000 rw-p 00000000 00:00 0 
7ffd6b396000-7ffd6b438000 r-xp 00000000 fc:01 150350                     /usr/lib/jvm/jdk1.7.0_21/jre/lib/amd64/libawt.so
7ffd6b438000-7ffd6b638000 ---p 000a2000 fc:01 150350                     /usr/lib/jvm/jdk1.7.0_21/jre/lib/amd64/libawt.so
7ffd6b638000-7ffd6b644000 rw-p 000a2000 fc:01 150350                     /usr/lib/jvm/jdk1.7.0_21/jre/lib/amd64/libawt.so
7ffd6b644000-7ffd6b668000 rw-p 00000000 00:00 0 
7ffd6b668000-7ffd6b669000 ---p 00000000 00:00 0 
7ffd6b669000-7ffd6b769000 rw-p 00000000 00:00 0 
7ffd6b769000-7ffd6b76c000 ---p 00000000 00:00 0 
7ffd6b76c000-7ffd6b86a000 rw-p 00000000 00:00 0                          [stack:7895]
7ffd6b86a000-7ffd6b86d000 ---p 00000000 00:00 0 
7ffd6b86d000-7ffd6b96b000 rw-p 00000000 00:00 0                          [stack:7894]
7ffd6b96b000-7ffd6c000000 r--p 00000000 fc:01 1310893                    /usr/lib/locale/locale-archive
7ffd6c000000-7ffd6c021000 rw-p 00000000 00:00 0 
7ffd6c021000-7ffd70000000 ---p 00000000 00:00 0 
7ffd70021000-7ffd70024000 ---p 00000000 00:00 0 
7ffd70024000-7ffd70122000 rw-p 00000000 00:00 0                          [stack:7893]
7ffd70122000-7ffd70125000 ---p 00000000 00:00 0 
7ffd70125000-7ffd70223000 rw-p 00000000 00:00 0                          [stack:7892]
7ffd70223000-7ffd70226000 ---p 00000000 00:00 0 
7ffd70226000-7ffd70324000 rw-p 00000000 00:00 0                          [stack:7891]
7ffd70324000-7ffd70327000 ---p 00000000 00:00 0 
7ffd70327000-7ffd70425000 rw-p 00000000 00:00 0                          [stack:7890]
7ffd70425000-7ffd70426000 ---p 00000000 00:00 0 
7ffd70426000-7ffd74000000 rw-p 00000000 00:00 0 
7ffd74000000-7ffd74021000 rw-p 00000000 00:00 0 
7ffd74021000-7ffd78000000 ---p 00000000 00:00 0 
7ffd78024000-7ffd79000000 rw-p 00000000 00:00 0 
7ffd79000000-7ffd79270000 rwxp 00000000 00:00 0 
7ffd79270000-7ffd7c234000 rw-p 00000000 00:00 0 
7ffd7c234000-7ffd80000000 ---p 00000000 00:00 0 
7ffd8000e000-7ffd80280000 rw-p 00000000 00:00 0 
7ffd80280000-7ffd8043d000 r--s 039de000 fc:01 149776                     /usr/lib/jvm/jdk1.7.0_21/jre/lib/rt.jar
7ffd8043d000-7ffd80465000 rw-p 00000000 00:00 0 
7ffd80465000-7ffd80466000 ---p 00000000 00:00 0 
7ffd80466000-7ffd80566000 rw-p 00000000 00:00 0                          [stack:7888]
7ffd80566000-7ffd80567000 ---p 00000000 00:00 0 
7ffd80567000-7ffd80667000 rw-p 00000000 00:00 0                          [stack:7887]
7ffd80667000-7ffd80668000 ---p 00000000 00:00 0 
7ffd80668000-7ffd80768000 rw-p 00000000 00:00 0                          [stack:7886]
7ffd80768000-7ffd80769000 ---p 00000000 00:00 0 
7ffd80769000-7ffd80874000 rw-p 00000000 00:00 0                          [stack:7885]
7ffd80874000-7ffd80892000 rw-p 00000000 00:00 0 
7ffd80892000-7ffd808b1000 rw-p 00000000 00:00 0 
7ffd808b1000-7ffd80a80000 rw-p 00000000 00:00 0 
7ffd80a80000-7ffd80a8b000 rw-p 00000000 00:00 0 
7ffd80a8b000-7ffd80aa9000 rw-p 00000000 00:00 0 
7ffd80aa9000-7ffd80ac8000 rw-p 00000000 00:00 0 
7ffd80ac8000-7ffd80c96000 rw-p 00000000 00:00 0 
7ffd80c96000-7ffd80ca6000 rw-p 00000000 00:00 0 
7ffd80ca6000-7ffd80d8d000 rw-p 00000000 00:00 0 
7ffd80d8d000-7ffd80d8e000 rw-p 00000000 00:00 0 
7ffd80d8e000-7ffd80da8000 r-xp 00000000 fc:01 150311                     /usr/lib/jvm/jdk1.7.0_21/jre/lib/amd64/libzip.so
7ffd80da8000-7ffd80fa8000 ---p 0001a000 fc:01 150311                     /usr/lib/jvm/jdk1.7.0_21/jre/lib/amd64/libzip.so
7ffd80fa8000-7ffd80fa9000 rw-p 0001a000 fc:01 150311                     /usr/lib/jvm/jdk1.7.0_21/jre/lib/amd64/libzip.so
7ffd80fa9000-7ffd80fb5000 r-xp 00000000 fc:01 393446                     /lib/x86_64-linux-gnu/libnss_files-2.17.so
7ffd80fb5000-7ffd811b4000 ---p 0000c000 fc:01 393446                     /lib/x86_64-linux-gnu/libnss_files-2.17.so
7ffd811b4000-7ffd811b5000 r--p 0000b000 fc:01 393446                     /lib/x86_64-linux-gnu/libnss_files-2.17.so
7ffd811b5000-7ffd811b6000 rw-p 0000c000 fc:01 393446                     /lib/x86_64-linux-gnu/libnss_files-2.17.so
7ffd811b6000-7ffd811c1000 r-xp 00000000 fc:01 393442                     /lib/x86_64-linux-gnu/libnss_nis-2.17.so
7ffd811c1000-7ffd813c0000 ---p 0000b000 fc:01 393442                     /lib/x86_64-linux-gnu/libnss_nis-2.17.so
7ffd813c0000-7ffd813c1000 r--p 0000a000 fc:01 393442                     /lib/x86_64-linux-gnu/libnss_nis-2.17.so
7ffd813c1000-7ffd813c2000 rw-p 0000b000 fc:01 393442                     /lib/x86_64-linux-gnu/libnss_nis-2.17.so
7ffd813c2000-7ffd813d9000 r-xp 00000000 fc:01 393427                     /lib/x86_64-linux-gnu/libnsl-2.17.so
7ffd813d9000-7ffd815d8000 ---p 00017000 fc:01 393427                     /lib/x86_64-linux-gnu/libnsl-2.17.so
7ffd815d8000-7ffd815d9000 r--p 00016000 fc:01 393427                     /lib/x86_64-linux-gnu/libnsl-2.17.so
7ffd815d9000-7ffd815da000 rw-p 00017000 fc:01 393427                     /lib/x86_64-linux-gnu/libnsl-2.17.so
7ffd815da000-7ffd815dc000 rw-p 00000000 00:00 0 
7ffd815dc000-7ffd815e4000 r-xp 00000000 fc:01 393437                     /lib/x86_64-linux-gnu/libnss_compat-2.17.so
7ffd815e4000-7ffd817e3000 ---p 00008000 fc:01 393437                     /lib/x86_64-linux-gnu/libnss_compat-2.17.so
7ffd817e3000-7ffd817e4000 r--p 00007000 fc:01 393437                     /lib/x86_64-linux-gnu/libnss_compat-2.17.so
7ffd817e4000-7ffd817e5000 rw-p 00008000 fc:01 393437                     /lib/x86_64-linux-gnu/libnss_compat-2.17.so
7ffd817e5000-7ffd8180e000 r-xp 00000000 fc:01 150357                     /usr/lib/jvm/jdk1.7.0_21/jre/lib/amd64/libjava.so
7ffd8180e000-7ffd81a0e000 ---p 00029000 fc:01 150357                     /usr/lib/jvm/jdk1.7.0_21/jre/lib/amd64/libjava.so
7ffd81a0e000-7ffd81a10000 rw-p 00029000 fc:01 150357                     /usr/lib/jvm/jdk1.7.0_21/jre/lib/amd64/libjava.so
7ffd81a10000-7ffd81a1d000 r-xp 00000000 fc:01 150324                     /usr/lib/jvm/jdk1.7.0_21/jre/lib/amd64/libverify.so
7ffd81a1d000-7ffd81c1c000 ---p 0000d000 fc:01 150324                     /usr/lib/jvm/jdk1.7.0_21/jre/lib/amd64/libverify.so
7ffd81c1c000-7ffd81c1e000 rw-p 0000c000 fc:01 150324                     /usr/lib/jvm/jdk1.7.0_21/jre/lib/amd64/libverify.so
7ffd81c1e000-7ffd81c25000 r-xp 00000000 fc:01 393424                     /lib/x86_64-linux-gnu/librt-2.17.so
7ffd81c25000-7ffd81e24000 ---p 00007000 fc:01 393424                     /lib/x86_64-linux-gnu/librt-2.17.so
7ffd81e24000-7ffd81e25000 r--p 00006000 fc:01 393424                     /lib/x86_64-linux-gnu/librt-2.17.so
7ffd81e25000-7ffd81e26000 rw-p 00007000 fc:01 393424                     /lib/x86_64-linux-gnu/librt-2.17.so
7ffd81e26000-7ffd81f29000 r-xp 00000000 fc:01 393440                     /lib/x86_64-linux-gnu/libm-2.17.so
7ffd81f29000-7ffd82129000 ---p 00103000 fc:01 393440                     /lib/x86_64-linux-gnu/libm-2.17.so
7ffd82129000-7ffd8212a000 r--p 00103000 fc:01 393440                     /lib/x86_64-linux-gnu/libm-2.17.so
7ffd8212a000-7ffd8212b000 rw-p 00104000 fc:01 393440                     /lib/x86_64-linux-gnu/libm-2.17.so
7ffd8212b000-7ffd82b75000 r-xp 00000000 fc:01 286183                     /usr/lib/jvm/jdk1.7.0_21/jre/lib/amd64/server/libjvm.so
7ffd82b75000-7ffd82d74000 ---p 00a4a000 fc:01 286183                     /usr/lib/jvm/jdk1.7.0_21/jre/lib/amd64/server/libjvm.so
7ffd82d74000-7ffd82e18000 rw-p 00a49000 fc:01 286183                     /usr/lib/jvm/jdk1.7.0_21/jre/lib/amd64/server/libjvm.so
7ffd82e18000-7ffd82e53000 rw-p 00000000 00:00 0 
7ffd82e53000-7ffd83011000 r-xp 00000000 fc:01 393434                     /lib/x86_64-linux-gnu/libc-2.17.so
7ffd83011000-7ffd83210000 ---p 001be000 fc:01 393434                     /lib/x86_64-linux-gnu/libc-2.17.so
7ffd83210000-7ffd83214000 r--p 001bd000 fc:01 393434                     /lib/x86_64-linux-gnu/libc-2.17.so
7ffd83214000-7ffd83216000 rw-p 001c1000 fc:01 393434                     /lib/x86_64-linux-gnu/libc-2.17.so
7ffd83216000-7ffd8321b000 rw-p 00000000 00:00 0 
7ffd8321b000-7ffd8321e000 r-xp 00000000 fc:01 393435                     /lib/x86_64-linux-gnu/libdl-2.17.so
7ffd8321e000-7ffd8341d000 ---p 00003000 fc:01 393435                     /lib/x86_64-linux-gnu/libdl-2.17.so
7ffd8341d000-7ffd8341e000 r--p 00002000 fc:01 393435                     /lib/x86_64-linux-gnu/libdl-2.17.so
7ffd8341e000-7ffd8341f000 rw-p 00003000 fc:01 393435                     /lib/x86_64-linux-gnu/libdl-2.17.so
7ffd8341f000-7ffd83435000 r-xp 00000000 fc:01 286186                     /usr/lib/jvm/jdk1.7.0_21/jre/lib/amd64/jli/libjli.so
7ffd83435000-7ffd83635000 ---p 00016000 fc:01 286186                     /usr/lib/jvm/jdk1.7.0_21/jre/lib/amd64/jli/libjli.so
7ffd83635000-7ffd83636000 rw-p 00016000 fc:01 286186                     /usr/lib/jvm/jdk1.7.0_21/jre/lib/amd64/jli/libjli.so
7ffd83636000-7ffd8364e000 r-xp 00000000 fc:01 393439                     /lib/x86_64-linux-gnu/libpthread-2.17.so
7ffd8364e000-7ffd8384d000 ---p 00018000 fc:01 393439                     /lib/x86_64-linux-gnu/libpthread-2.17.so
7ffd8384d000-7ffd8384e000 r--p 00017000 fc:01 393439                     /lib/x86_64-linux-gnu/libpthread-2.17.so
7ffd8384e000-7ffd8384f000 rw-p 00018000 fc:01 393439                     /lib/x86_64-linux-gnu/libpthread-2.17.so
7ffd8384f000-7ffd83853000 rw-p 00000000 00:00 0 
7ffd83853000-7ffd83876000 r-xp 00000000 fc:01 393430                     /lib/x86_64-linux-gnu/ld-2.17.so
7ffd83883000-7ffd83887000 r--s 0008a000 fc:01 150387                     /usr/lib/jvm/jdk1.7.0_21/jre/lib/jsse.jar
7ffd83887000-7ffd8388c000 r--s 00309000 fc:01 1187824                    /home/hqthao/workspace/FEExamTest/FEExamServer/lib/sqlite-jdbc-3.7.2.jar
7ffd8388c000-7ffd83896000 r--s 00254000 fc:01 149783                     /usr/lib/jvm/jdk1.7.0_21/jre/lib/resources.jar
7ffd83896000-7ffd838a0000 rw-p 00000000 00:00 0 
7ffd838a0000-7ffd83956000 rw-p 00000000 00:00 0 
7ffd83956000-7ffd83959000 ---p 00000000 00:00 0 
7ffd83959000-7ffd83a5b000 rw-p 00000000 00:00 0                          [stack:7884]
7ffd83a5d000-7ffd83a60000 r--s 0001f000 fc:01 1207325                    /home/hqthao/workspace/FEExamTest/FEExamServer/lib/sqlite-jdbc-3.7.2-javadoc.jar
7ffd83a60000-7ffd83a65000 r--s 00309000 fc:01 1207323                    /home/hqthao/workspace/FEExamTest/FEExamDatabase/lib/sqlite-jdbc-3.7.2.jar
7ffd83a65000-7ffd83a68000 r--s 0001f000 fc:01 1207324                    /home/hqthao/workspace/FEExamTest/FEExamDatabase/lib/sqlite-jdbc-3.7.2-javadoc.jar
7ffd83a68000-7ffd83a69000 r--s 00012000 fc:01 1192709                    /home/hqthao/workspace/FEExamTest/FEExamServer/lib/miglayout-4.0-swing.jar
7ffd83a69000-7ffd83a71000 rw-s 00000000 fc:01 657761                     /tmp/hsperfdata_hqthao/7878 (deleted)
7ffd83a71000-7ffd83a72000 rw-p 00000000 00:00 0 
7ffd83a72000-7ffd83a73000 ---p 00000000 00:00 0 
7ffd83a73000-7ffd83a75000 rw-p 00000000 00:00 0 
7ffd83a75000-7ffd83a76000 r--p 00022000 fc:01 393430                     /lib/x86_64-linux-gnu/ld-2.17.so
7ffd83a76000-7ffd83a78000 rw-p 00023000 fc:01 393430                     /lib/x86_64-linux-gnu/ld-2.17.so
7fff3731a000-7fff3733b000 rw-p 00000000 00:00 0                          [stack]
7fff3738c000-7fff3738e000 r-xp 00000000 00:00 0                          [vdso]
ffffffffff600000-ffffffffff601000 r-xp 00000000 00:00 0                  [vsyscall]

VM Arguments:
jvm_args: -Dfile.encoding=UTF-8 
java_command: com.view.MainGui
Launcher Type: SUN_STANDARD

Environment Variables:
PATH=/usr/lib/lightdm/lightdm:/usr/local/sbin:/usr/local/bin:/usr/sbin:/usr/bin:/sbin:/bin:/usr/games:/usr/local/games
SHELL=/bin/bash
DISPLAY=:0

Signal Handlers:
SIGSEGV: [libjvm.so+0x8a80e0], sa_mask[0]=0x7ffbfeff, sa_flags=0x10000004
SIGBUS: [libjvm.so+0x8a80e0], sa_mask[0]=0x7ffbfeff, sa_flags=0x10000004
SIGFPE: [libjvm.so+0x744170], sa_mask[0]=0x7ffbfeff, sa_flags=0x10000004
SIGPIPE: [libjvm.so+0x744170], sa_mask[0]=0x7ffbfeff, sa_flags=0x10000004
SIGXFSZ: [libjvm.so+0x744170], sa_mask[0]=0x7ffbfeff, sa_flags=0x10000004
SIGILL: [libjvm.so+0x744170], sa_mask[0]=0x7ffbfeff, sa_flags=0x10000004
SIGUSR1: SIG_DFL, sa_mask[0]=0x00000000, sa_flags=0x00000000
SIGUSR2: [libjvm.so+0x743ac0], sa_mask[0]=0x00000004, sa_flags=0x10000004
SIGHUP: [libjvm.so+0x745e50], sa_mask[0]=0x7ffbfeff, sa_flags=0x10000004
SIGINT: [libjvm.so+0x745e50], sa_mask[0]=0x7ffbfeff, sa_flags=0x10000004
SIGTERM: [libjvm.so+0x745e50], sa_mask[0]=0x7ffbfeff, sa_flags=0x10000004
SIGQUIT: [libjvm.so+0x745e50], sa_mask[0]=0x7ffbfeff, sa_flags=0x10000004


---------------  S Y S T E M  ---------------

OS:wheezy/sid

uname:Linux 3.8.0-30-generic #44-Ubuntu SMP Thu Aug 22 20:52:24 UTC 2013 x86_64
libc:glibc 2.17 NPTL 2.17 
rlimit: STACK 8192k, CORE 0k, NPROC 47186, NOFILE 4096, AS infinity
load average:0.23 0.54 0.42

/proc/meminfo:
MemTotal:        6059612 kB
MemFree:         1663616 kB
Buffers:          735352 kB
Cached:          1762816 kB
SwapCached:            0 kB
Active:          2085404 kB
Inactive:        2061360 kB
Active(anon):    1624612 kB
Inactive(anon):   686972 kB
Active(file):     460792 kB
Inactive(file):  1374388 kB
Unevictable:         264 kB
Mlocked:             264 kB
SwapTotal:       4095996 kB
SwapFree:        4095996 kB
Dirty:               116 kB
Writeback:             0 kB
AnonPages:       1648936 kB
Mapped:           344900 kB
Shmem:            662988 kB
Slab:             126888 kB
SReclaimable:      81188 kB
SUnreclaim:        45700 kB
KernelStack:        5016 kB
PageTables:        45944 kB
NFS_Unstable:          0 kB
Bounce:                0 kB
WritebackTmp:          0 kB
CommitLimit:     7125800 kB
Committed_AS:    6768352 kB
VmallocTotal:   34359738367 kB
VmallocUsed:      551964 kB
VmallocChunk:   34359181276 kB
HardwareCorrupted:     0 kB
AnonHugePages:         0 kB
HugePages_Total:       0
HugePages_Free:        0
HugePages_Rsvd:        0
HugePages_Surp:        0
Hugepagesize:       2048 kB
DirectMap4k:       69632 kB
DirectMap2M:     6170624 kB


CPU:total 4 (2 cores per cpu, 2 threads per core) family 6 model 42 stepping 7, cmov, cx8, fxsr, mmx, sse, sse2, sse3, ssse3, sse4.1, sse4.2, popcnt, avx, ht, tsc, tscinvbit

/proc/cpuinfo:
processor	: 0
vendor_id	: GenuineIntel
cpu family	: 6
model		: 42
model name	: Intel(R) Core(TM) i5-2430M CPU @ 2.40GHz
stepping	: 7
microcode	: 0x1a
cpu MHz		: 800.000
cache size	: 3072 KB
physical id	: 0
siblings	: 4
core id		: 0
cpu cores	: 2
apicid		: 0
initial apicid	: 0
fpu		: yes
fpu_exception	: yes
cpuid level	: 13
wp		: yes
flags		: fpu vme de pse tsc msr pae mce cx8 apic sep mtrr pge mca cmov pat pse36 clflush dts acpi mmx fxsr sse sse2 ss ht tm pbe syscall nx rdtscp lm constant_tsc arch_perfmon pebs bts rep_good nopl xtopology nonstop_tsc aperfmperf eagerfpu pni pclmulqdq dtes64 monitor ds_cpl vmx est tm2 ssse3 cx16 xtpr pdcm pcid sse4_1 sse4_2 x2apic popcnt tsc_deadline_timer aes xsave avx lahf_lm ida arat epb xsaveopt pln pts dtherm tpr_shadow vnmi flexpriority ept vpid
bogomips	: 4789.08
clflush size	: 64
cache_alignment	: 64
address sizes	: 36 bits physical, 48 bits virtual
power management:

processor	: 1
vendor_id	: GenuineIntel
cpu family	: 6
model		: 42
model name	: Intel(R) Core(TM) i5-2430M CPU @ 2.40GHz
stepping	: 7
microcode	: 0x1a
cpu MHz		: 2401.000
cache size	: 3072 KB
physical id	: 0
siblings	: 4
core id		: 0
cpu cores	: 2
apicid		: 1
initial apicid	: 1
fpu		: yes
fpu_exception	: yes
cpuid level	: 13
wp		: yes
flags		: fpu vme de pse tsc msr pae mce cx8 apic sep mtrr pge mca cmov pat pse36 clflush dts acpi mmx fxsr sse sse2 ss ht tm pbe syscall nx rdtscp lm constant_tsc arch_perfmon pebs bts rep_good nopl xtopology nonstop_tsc aperfmperf eagerfpu pni pclmulqdq dtes64 monitor ds_cpl vmx est tm2 ssse3 cx16 xtpr pdcm pcid sse4_1 sse4_2 x2apic popcnt tsc_deadline_timer aes xsave avx lahf_lm ida arat epb xsaveopt pln pts dtherm tpr_shadow vnmi flexpriority ept vpid
bogomips	: 4789.08
clflush size	: 64
cache_alignment	: 64
address sizes	: 36 bits physical, 48 bits virtual
power management:

processor	: 2
vendor_id	: GenuineIntel
cpu family	: 6
model		: 42
model name	: Intel(R) Core(TM) i5-2430M CPU @ 2.40GHz
stepping	: 7
microcode	: 0x1a
cpu MHz		: 800.000
cache size	: 3072 KB
physical id	: 0
siblings	: 4
core id		: 1
cpu cores	: 2
apicid		: 2
initial apicid	: 2
fpu		: yes
fpu_exception	: yes
cpuid level	: 13
wp		: yes
flags		: fpu vme de pse tsc msr pae mce cx8 apic sep mtrr pge mca cmov pat pse36 clflush dts acpi mmx fxsr sse sse2 ss ht tm pbe syscall nx rdtscp lm constant_tsc arch_perfmon pebs bts rep_good nopl xtopology nonstop_tsc aperfmperf eagerfpu pni pclmulqdq dtes64 monitor ds_cpl vmx est tm2 ssse3 cx16 xtpr pdcm pcid sse4_1 sse4_2 x2apic popcnt tsc_deadline_timer aes xsave avx lahf_lm ida arat epb xsaveopt pln pts dtherm tpr_shadow vnmi flexpriority ept vpid
bogomips	: 4789.08
clflush size	: 64
cache_alignment	: 64
address sizes	: 36 bits physical, 48 bits virtual
power management:

processor	: 3
vendor_id	: GenuineIntel
cpu family	: 6
model		: 42
model name	: Intel(R) Core(TM) i5-2430M CPU @ 2.40GHz
stepping	: 7
microcode	: 0x1a
cpu MHz		: 800.000
cache size	: 3072 KB
physical id	: 0
siblings	: 4
core id		: 1
cpu cores	: 2
apicid		: 3
initial apicid	: 3
fpu		: yes
fpu_exception	: yes
cpuid level	: 13
wp		: yes
flags		: fpu vme de pse tsc msr pae mce cx8 apic sep mtrr pge mca cmov pat pse36 clflush dts acpi mmx fxsr sse sse2 ss ht tm pbe syscall nx rdtscp lm constant_tsc arch_perfmon pebs bts rep_good nopl xtopology nonstop_tsc aperfmperf eagerfpu pni pclmulqdq dtes64 monitor ds_cpl vmx est tm2 ssse3 cx16 xtpr pdcm pcid sse4_1 sse4_2 x2apic popcnt tsc_deadline_timer aes xsave avx lahf_lm ida arat epb xsaveopt pln pts dtherm tpr_shadow vnmi flexpriority ept vpid
bogomips	: 4789.08
clflush size	: 64
cache_alignment	: 64
address sizes	: 36 bits physical, 48 bits virtual
power management:



Memory: 4k page, physical 6059612k(1663616k free), swap 4095996k(4095996k free)

vm_info: Java HotSpot(TM) 64-Bit Server VM (23.21-b01) for linux-amd64 JRE (1.7.0_21-b11), built on Apr  4 2013 04:03:29 by "java_re" with gcc 4.3.0 20080428 (Red Hat 4.3.0-8)

time: Tue Sep 10 10:57:19 2013
elapsed time: 1 seconds

