#
# A fatal error has been detected by the Java Runtime Environment:
#
#  SIGSEGV (0xb) at pc=0x00007f8e8231c880, pid=9211, tid=140251258738432
#
# JRE version: 7.0_21-b11
# Java VM: Java HotSpot(TM) 64-Bit Server VM (23.21-b01 mixed mode linux-amd64 compressed oops)
# Problematic frame:
# C  0x00007f8e8231c880
[error occurred during error reporting (printing problematic frame), id 0xb]

# Failed to write core dump. Core dumps have been disabled. To enable core dumping, try "ulimit -c unlimited" before starting Java again
#
# If you would like to submit a bug report, please visit:
#   http://bugreport.sun.com/bugreport/crash.jsp
#

---------------  T H R E A D  ---------------

Current thread is native thread

siginfo:si_signo=SIGSEGV: si_errno=0, si_code=1 (SEGV_MAPERR), si_addr=0x00007f8e8231c880

Registers:
RAX=0x00007f8e8231c880, RBX=0x00007f8eca74da38, RCX=0x0000000000000001, RDX=0x0000000000000001
RSP=0x00007f8eca74ce68, RBP=0x00007f8eca545308, RSI=0x00007f8eca74d700, RDI=0x00007f8ec423ada0
R8 =0x0000000000000000, R9 =0x00000000000023fe, R10=0x0000000000000008, R11=0x0000000000000206
R12=0x000000000000001e, R13=0x0000000000000000, R14=0x00007f8eca5452e0, R15=0x0000000000000004
RIP=0x00007f8e8231c880, EFLAGS=0x0000000000010202, CSGSFS=0x0000000000000033, ERR=0x0000000000000014
  TRAPNO=0x000000000000000e

Top of Stack: (sp=0x00007f8eca74ce68)
0x00007f8eca74ce68:   00007f8eca334d92 00007f8eca74d700
0x00007f8eca74ce78:   0000000000000000 0000000000000000
0x00007f8eca74ce88:   0000000000000000 00007f8eca76d060
0x00007f8eca74ce98:   00007fff86d4db70 0000000000001000
0x00007f8eca74cea8:   00007f8eca334f9c 0000000000000000
0x00007f8eca74ceb8:   00007f8eca74d700 00007f8eca74d700
0x00007f8eca74cec8:   5c30c21c0f3c4460 0000000000000000
0x00007f8eca74ced8:   00007f8eca76d060 00007fff86d4db70
0x00007f8eca74cee8:   0000000000001000 a32d56f5925c4460
0x00007f8eca74cef8:   a32d567a91924460 0000000000000000
0x00007f8eca74cf08:   0000000000000000 0000000000000000
0x00007f8eca74cf18:   0000000000000000 0000000000000000
0x00007f8eca74cf28:   0000000000000000 0000000000000000
0x00007f8eca74cf38:   0000000000000000 0000000000000000
0x00007f8eca74cf48:   0000000000000000 0000000000000000
0x00007f8eca74cf58:   0000000000000000 0000000000000000
0x00007f8eca74cf68:   0000000000000000 0000000000000000
0x00007f8eca74cf78:   0000000000000000 0000000000000000
0x00007f8eca74cf88:   0000000000000000 0000000000000000
0x00007f8eca74cf98:   0000000000000000 0000000000000000
0x00007f8eca74cfa8:   0000000000000000 00007f8eca74d700
0x00007f8eca74cfb8:   00007f8ec9c43e1d 0000000000000000
0x00007f8eca74cfc8:   0000000000000000 0000000000000000
0x00007f8eca74cfd8:   0000000000000000 0000000000000000
0x00007f8eca74cfe8:   0000000000000000 0000000000000000
0x00007f8eca74cff8:   0000000000000000 0000000000000000
0x00007f8eca74d008:   0000000000000000 0000000000000000
0x00007f8eca74d018:   0000000000000000 0000000000000000
0x00007f8eca74d028:   0000000000000000 0000000000000000
0x00007f8eca74d038:   0000000000000000 0000000000000000
0x00007f8eca74d048:   0000000000000000 0000000000000000
0x00007f8eca74d058:   0000000000000000 0000000000000000 

Instructions: (pc=0x00007f8e8231c880)
0x00007f8e8231c860:   
[error occurred during error reporting (printing registers, top of stack, instructions near pc), id 0xb]

Register to memory mapping:

RAX=0x00007f8e8231c880 is an unknown value
RBX=0x00007f8eca74da38 is an unknown value
RCX=0x0000000000000001 is an unknown value
RDX=0x0000000000000001 is an unknown value
RSP=0x00007f8eca74ce68 is an unknown value
RBP=0x00007f8eca545308: <offset 0x218308> in /lib/x86_64-linux-gnu/libpthread.so.0 at 0x00007f8eca32d000
RSI=0x00007f8eca74d700 is an unknown value
RDI=0x00007f8ec423ada0 is an unknown value
R8 =0x0000000000000000 is an unknown value
R9 =0x00000000000023fe is an unknown value
R10=0x0000000000000008 is an unknown value
R11=0x0000000000000206 is an unknown value
R12=0x000000000000001e is an unknown value
R13=0x0000000000000000 is an unknown value
R14=0x00007f8eca5452e0: <offset 0x2182e0> in /lib/x86_64-linux-gnu/libpthread.so.0 at 0x00007f8eca32d000
R15=0x0000000000000004 is an unknown value


Stack: [0x00007f8eca64d000,0x00007f8eca74e000],  sp=0x00007f8eca74ce68,  free space=1023k
Native frames: (J=compiled Java code, j=interpreted, Vv=VM code, C=native code)
C  0x00007f8e8231c880
[error occurred during error reporting (printing native stack), id 0xb]


---------------  P R O C E S S  ---------------

VM state:at safepoint (shutting down)

VM Mutex/Monitor currently owned by a thread:  ([mutex/lock_event])
[0x00007f8ec4005490] Threads_lock - owner thread: 0x00007f8ec4092000

Heap
 PSYoungGen      total 27648K, used 4274K [0x00000000e12b0000, 0x00000000e3180000, 0x0000000100000000)
  eden space 23744K, 18% used [0x00000000e12b0000,0x00000000e16dcb60,0x00000000e29e0000)
  from space 3904K, 0% used [0x00000000e2db0000,0x00000000e2db0000,0x00000000e3180000)
  to   space 3904K, 0% used [0x00000000e29e0000,0x00000000e29e0000,0x00000000e2db0000)
 ParOldGen       total 63168K, used 0K [0x00000000a3800000, 0x00000000a75b0000, 0x00000000e12b0000)
  object space 63168K, 0% used [0x00000000a3800000,0x00000000a3800000,0x00000000a75b0000)
 PSPermGen       total 21248K, used 6311K [0x000000009e600000, 0x000000009fac0000, 0x00000000a3800000)
  object space 21248K, 29% used [0x000000009e600000,0x000000009ec29e28,0x000000009fac0000)

Card table byte_map: [0x00007f8ec06be000,0x00007f8ec09cc000] byte_map_base: 0x00007f8ec01cb000

Polling page: 0x00007f8eca769000

Code Cache  [0x00007f8ec09cc000, 0x00007f8ec0c3c000, 0x00007f8ec39cc000)
 total_blobs=366 nmethods=27 adapters=292 free_code_cache=48632Kb largest_free_block=49780864

Compilation events (10 events):
Event: 0.266 Thread 0x00007f8ec40eb000 nmethod 22 0x00007f8ec0a46c10 code [0x00007f8ec0a46dc0, 0x00007f8ec0a47350]
Event: 0.278 Thread 0x00007f8ec40eb000   23             sun.security.provider.MD5::implCompress (1508 bytes)
Event: 0.289 Thread 0x00007f8ec40ed800 nmethod 21 0x00007f8ec0a4d9d0 code [0x00007f8ec0a4dc60, 0x00007f8ec0a4eae8]
Event: 0.289 Thread 0x00007f8ec40ed800   24             sun.security.provider.ByteArrayAccess::b2iLittle64 (586 bytes)
Event: 0.292 Thread 0x00007f8ec40ed800 nmethod 24 0x00007f8ec0a4bd50 code [0x00007f8ec0a4be80, 0x00007f8ec0a4c038]
Event: 0.292 Thread 0x00007f8ec40ed800    2 % !         org.sqlite.SQLiteJDBCLoader::md5sum @ 25 (104 bytes)
Event: 0.293 Thread 0x00007f8ec40eb000 nmethod 23 0x00007f8ec0a4cad0 code [0x00007f8ec0a4cc20, 0x00007f8ec0a4d868]
Event: 0.297 Thread 0x00007f8ec40ed800 nmethod 2% 0x00007f8ec0a4c110 code [0x00007f8ec0a4c2e0, 0x00007f8ec0a4c6a0]
Event: 0.311 Thread 0x00007f8ec40eb000   25             java.lang.String::lastIndexOf (52 bytes)
Event: 0.313 Thread 0x00007f8ec40eb000 nmethod 25 0x00007f8ec0a523d0 code [0x00007f8ec0a52520, 0x00007f8ec0a52688]

GC Heap History (0 events):
No events

Deoptimization events (2 events):
Event: 0.255 Thread 0x00007f8ec4227800 Uncommon trap 18 fr.pc 0x00007f8ec0a4804c
Event: 0.255 Thread 0x00007f8ec4227800 Uncommon trap -83 fr.pc 0x00007f8ec0a48cd0

Internal exceptions (10 events):
Event: 0.139 Thread 0x00007f8ec4227800 Threw 0x00000000e1535e58 at /HUDSON/workspace/jdk7u21-2-build-linux-amd64-product/jdk7u21/hotspot/src/share/vm/prims/jvm.cpp:1166
Event: 0.141 Thread 0x00007f8ec4227800 Threw 0x00000000e153ec80 at /HUDSON/workspace/jdk7u21-2-build-linux-amd64-product/jdk7u21/hotspot/src/share/vm/prims/jvm.cpp:1166
Event: 0.255 Thread 0x00007f8ec4227800 Implicit null exception at 0x00007f8ec0a48652 to 0x00007f8ec0a48cad
Event: 0.311 Thread 0x00007f8ec4227800 Threw 0x00000000e157bbc0 at /HUDSON/workspace/jdk7u21-2-build-linux-amd64-product/jdk7u21/hotspot/src/share/vm/prims/jvm.cpp:1166
Event: 0.312 Thread 0x00007f8ec4227800 Threw 0x00000000e1580640 at /HUDSON/workspace/jdk7u21-2-build-linux-amd64-product/jdk7u21/hotspot/src/share/vm/prims/jvm.cpp:1166
Event: 0.312 Thread 0x00007f8ec4227800 Threw 0x00000000e1589e68 at /HUDSON/workspace/jdk7u21-2-build-linux-amd64-product/jdk7u21/hotspot/src/share/vm/prims/jvm.cpp:1166
Event: 0.314 Thread 0x00007f8ec4227800 Threw 0x00000000e1596028 at /HUDSON/workspace/jdk7u21-2-build-linux-amd64-product/jdk7u21/hotspot/src/share/vm/prims/jvm.cpp:1166
Event: 0.316 Thread 0x00007f8ec4227800 Threw 0x00000000e15a2f68 at /HUDSON/workspace/jdk7u21-2-build-linux-amd64-product/jdk7u21/hotspot/src/share/vm/prims/jvm.cpp:1166
Event: 0.320 Thread 0x00007f8ec4227800 Threw 0x00000000e15c61c0 at /HUDSON/workspace/jdk7u21-2-build-linux-amd64-product/jdk7u21/hotspot/src/share/vm/interpreter/linkReso
Event: 0.320 Thread 0x00007f8ec4227800 Threw 0x00000000e15c61c0 at /HUDSON/workspace/jdk7u21-2-build-linux-amd64-product/jdk7u21/hotspot/src/share/vm/prims/jvm.cpp:1170

Events (10 events):
Event: 1.324 loading class 0x00007f8ec42002e0 done
Event: 1.324 Thread 0x00007f8ec422c000 Thread added: 0x00007f8ec422c000
Event: 1.325 loading class 0x00007f8ec417a850
Event: 1.325 loading class 0x00007f8e6c097ed0
Event: 1.325 loading class 0x00007f8e6c097ed0 done
Event: 1.325 loading class 0x00007f8e6c098070
Event: 1.325 loading class 0x00007f8e6c098070 done
Event: 1.325 loading class 0x00007f8ec417a850 done
Event: 1.327 Thread 0x00007f8ec422c000 Thread exited: 0x00007f8ec422c000
Event: 1.327 Thread 0x00007f8ec4009000 Thread exited: 0x00007f8ec4009000


Dynamic libraries:
00400000-00401000 r-xp 00000000 fc:01 1596442                            /usr/lib/jvm/jdk1.7.0_21/bin/java
00600000-00601000 rw-p 00000000 fc:01 1596442                            /usr/lib/jvm/jdk1.7.0_21/bin/java
0179c000-017bd000 rw-p 00000000 00:00 0                                  [heap]
9e600000-9fac0000 rw-p 00000000 00:00 0 
9fac0000-a3800000 rw-p 00000000 00:00 0 
a3800000-a75b0000 rw-p 00000000 00:00 0 
a75b0000-e12b0000 rw-p 00000000 00:00 0 
e12b0000-e3180000 rw-p 00000000 00:00 0 
e3180000-100000000 rw-p 00000000 00:00 0 
7f8e6c000000-7f8e6c0c7000 rw-p 00000000 00:00 0 
7f8e6c0c7000-7f8e70000000 ---p 00000000 00:00 0 
7f8e74000000-7f8e74021000 rw-p 00000000 00:00 0 
7f8e74021000-7f8e78000000 ---p 00000000 00:00 0 
7f8e7b51e000-7f8e7b603000 r-xp 00000000 fc:01 1311072                    /usr/lib/x86_64-linux-gnu/libstdc++.so.6.0.17
7f8e7b603000-7f8e7b802000 ---p 000e5000 fc:01 1311072                    /usr/lib/x86_64-linux-gnu/libstdc++.so.6.0.17
7f8e7b802000-7f8e7b80a000 r--p 000e4000 fc:01 1311072                    /usr/lib/x86_64-linux-gnu/libstdc++.so.6.0.17
7f8e7b80a000-7f8e7b80c000 rw-p 000ec000 fc:01 1311072                    /usr/lib/x86_64-linux-gnu/libstdc++.so.6.0.17
7f8e7b80c000-7f8e7b821000 rw-p 00000000 00:00 0 
7f8e7c000000-7f8e7c021000 rw-p 00000000 00:00 0 
7f8e7c021000-7f8e80000000 ---p 00000000 00:00 0 
7f8e80011000-7f8e80025000 r-xp 00000000 fc:01 397302                     /lib/x86_64-linux-gnu/libgcc_s.so.1
7f8e80025000-7f8e80225000 ---p 00014000 fc:01 397302                     /lib/x86_64-linux-gnu/libgcc_s.so.1
7f8e80225000-7f8e80226000 r--p 00014000 fc:01 397302                     /lib/x86_64-linux-gnu/libgcc_s.so.1
7f8e80226000-7f8e80227000 rw-p 00015000 fc:01 397302                     /lib/x86_64-linux-gnu/libgcc_s.so.1
7f8e84000000-7f8e84021000 rw-p 00000000 00:00 0 
7f8e84021000-7f8e88000000 ---p 00000000 00:00 0 
7f8e88000000-7f8e88021000 rw-p 00000000 00:00 0 
7f8e88021000-7f8e8c000000 ---p 00000000 00:00 0 
7f8e8c000000-7f8e8c21e000 rw-p 00000000 00:00 0 
7f8e8c21e000-7f8e90000000 ---p 00000000 00:00 0 
7f8e90000000-7f8e90021000 rw-p 00000000 00:00 0 
7f8e90021000-7f8e94000000 ---p 00000000 00:00 0 
7f8e94000000-7f8e94021000 rw-p 00000000 00:00 0 
7f8e94021000-7f8e98000000 ---p 00000000 00:00 0 
7f8e98000000-7f8e98021000 rw-p 00000000 00:00 0 
7f8e98021000-7f8e9c000000 ---p 00000000 00:00 0 
7f8e9c000000-7f8e9c021000 rw-p 00000000 00:00 0 
7f8e9c021000-7f8ea0000000 ---p 00000000 00:00 0 
7f8ea0000000-7f8ea0021000 rw-p 00000000 00:00 0 
7f8ea0021000-7f8ea4000000 ---p 00000000 00:00 0 
7f8ea4000000-7f8ea4021000 rw-p 00000000 00:00 0 
7f8ea4021000-7f8ea8000000 ---p 00000000 00:00 0 
7f8ea8000000-7f8ea8319000 rw-p 00000000 00:00 0 
7f8ea8319000-7f8eac000000 ---p 00000000 00:00 0 
7f8eac000000-7f8eac021000 rw-p 00000000 00:00 0 
7f8eac021000-7f8eb0000000 ---p 00000000 00:00 0 
7f8eb01fd000-7f8eb0281000 r-xp 00000000 fc:01 658549                     /tmp/sqlite-3.7.2-libsqlitejdbc.so
7f8eb0281000-7f8eb0481000 ---p 00084000 fc:01 658549                     /tmp/sqlite-3.7.2-libsqlitejdbc.so
7f8eb0481000-7f8eb0482000 r--p 00084000 fc:01 658549                     /tmp/sqlite-3.7.2-libsqlitejdbc.so
7f8eb0482000-7f8eb0485000 rw-p 00085000 fc:01 658549                     /tmp/sqlite-3.7.2-libsqlitejdbc.so
7f8eb0485000-7f8eb0488000 ---p 00000000 00:00 0 
7f8eb0488000-7f8eb0586000 rw-p 00000000 00:00 0 
7f8eb0586000-7f8eb0589000 ---p 00000000 00:00 0 
7f8eb0589000-7f8eb0687000 rw-p 00000000 00:00 0 
7f8eb0687000-7f8eb068a000 ---p 00000000 00:00 0 
7f8eb068a000-7f8eb0788000 rw-p 00000000 00:00 0                          [stack:9230]
7f8eb0788000-7f8eb078d000 r-xp 00000000 fc:01 1316629                    /usr/lib/x86_64-linux-gnu/libXfixes.so.3.1.0
7f8eb078d000-7f8eb098c000 ---p 00005000 fc:01 1316629                    /usr/lib/x86_64-linux-gnu/libXfixes.so.3.1.0
7f8eb098c000-7f8eb098d000 r--p 00004000 fc:01 1316629                    /usr/lib/x86_64-linux-gnu/libXfixes.so.3.1.0
7f8eb098d000-7f8eb098e000 rw-p 00005000 fc:01 1316629                    /usr/lib/x86_64-linux-gnu/libXfixes.so.3.1.0
7f8eb098e000-7f8eb0997000 r-xp 00000000 fc:01 1317297                    /usr/lib/x86_64-linux-gnu/libXcursor.so.1.0.2
7f8eb0997000-7f8eb0b97000 ---p 00009000 fc:01 1317297                    /usr/lib/x86_64-linux-gnu/libXcursor.so.1.0.2
7f8eb0b97000-7f8eb0b98000 r--p 00009000 fc:01 1317297                    /usr/lib/x86_64-linux-gnu/libXcursor.so.1.0.2
7f8eb0b98000-7f8eb0b99000 rw-p 0000a000 fc:01 1317297                    /usr/lib/x86_64-linux-gnu/libXcursor.so.1.0.2
7f8eb0b99000-7f8eb0b9c000 ---p 00000000 00:00 0 
7f8eb0b9c000-7f8eb0c9a000 rw-p 00000000 00:00 0                          [stack:9229]
7f8eb0c9a000-7f8eb0c9f000 r-xp 00000000 fc:01 1319211                    /usr/lib/x86_64-linux-gnu/libXdmcp.so.6.0.0
7f8eb0c9f000-7f8eb0e9e000 ---p 00005000 fc:01 1319211                    /usr/lib/x86_64-linux-gnu/libXdmcp.so.6.0.0
7f8eb0e9e000-7f8eb0e9f000 r--p 00004000 fc:01 1319211                    /usr/lib/x86_64-linux-gnu/libXdmcp.so.6.0.0
7f8eb0e9f000-7f8eb0ea0000 rw-p 00005000 fc:01 1319211                    /usr/lib/x86_64-linux-gnu/libXdmcp.so.6.0.0
7f8eb0ea0000-7f8eb0ea2000 r-xp 00000000 fc:01 1319200                    /usr/lib/x86_64-linux-gnu/libXau.so.6.0.0
7f8eb0ea2000-7f8eb10a2000 ---p 00002000 fc:01 1319200                    /usr/lib/x86_64-linux-gnu/libXau.so.6.0.0
7f8eb10a2000-7f8eb10a3000 r--p 00002000 fc:01 1319200                    /usr/lib/x86_64-linux-gnu/libXau.so.6.0.0
7f8eb10a3000-7f8eb10a4000 rw-p 00003000 fc:01 1319200                    /usr/lib/x86_64-linux-gnu/libXau.so.6.0.0
7f8eb10a4000-7f8eb10c1000 r-xp 00000000 fc:01 1311174                    /usr/lib/x86_64-linux-gnu/libxcb.so.1.1.0
7f8eb10c1000-7f8eb12c0000 ---p 0001d000 fc:01 1311174                    /usr/lib/x86_64-linux-gnu/libxcb.so.1.1.0
7f8eb12c0000-7f8eb12c1000 r--p 0001c000 fc:01 1311174                    /usr/lib/x86_64-linux-gnu/libxcb.so.1.1.0
7f8eb12c1000-7f8eb12c2000 rw-p 0001d000 fc:01 1311174                    /usr/lib/x86_64-linux-gnu/libxcb.so.1.1.0
7f8eb12c2000-7f8eb12d0000 r-xp 00000000 fc:01 1317264                    /usr/lib/x86_64-linux-gnu/libXi.so.6.1.0
7f8eb12d0000-7f8eb14d0000 ---p 0000e000 fc:01 1317264                    /usr/lib/x86_64-linux-gnu/libXi.so.6.1.0
7f8eb14d0000-7f8eb14d1000 r--p 0000e000 fc:01 1317264                    /usr/lib/x86_64-linux-gnu/libXi.so.6.1.0
7f8eb14d1000-7f8eb14d2000 rw-p 0000f000 fc:01 1317264                    /usr/lib/x86_64-linux-gnu/libXi.so.6.1.0
7f8eb14d2000-7f8eb14d7000 r-xp 00000000 fc:01 1319122                    /usr/lib/x86_64-linux-gnu/libXtst.so.6.1.0
7f8eb14d7000-7f8eb16d6000 ---p 00005000 fc:01 1319122                    /usr/lib/x86_64-linux-gnu/libXtst.so.6.1.0
7f8eb16d6000-7f8eb16d7000 r--p 00004000 fc:01 1319122                    /usr/lib/x86_64-linux-gnu/libXtst.so.6.1.0
7f8eb16d7000-7f8eb16d8000 rw-p 00005000 fc:01 1319122                    /usr/lib/x86_64-linux-gnu/libXtst.so.6.1.0
7f8eb16d8000-7f8eb16e1000 r-xp 00000000 fc:01 1317295                    /usr/lib/x86_64-linux-gnu/libXrender.so.1.3.0
7f8eb16e1000-7f8eb18e0000 ---p 00009000 fc:01 1317295                    /usr/lib/x86_64-linux-gnu/libXrender.so.1.3.0
7f8eb18e0000-7f8eb18e1000 r--p 00008000 fc:01 1317295                    /usr/lib/x86_64-linux-gnu/libXrender.so.1.3.0
7f8eb18e1000-7f8eb18e2000 rw-p 00009000 fc:01 1317295                    /usr/lib/x86_64-linux-gnu/libXrender.so.1.3.0
7f8eb18e2000-7f8eb1a16000 r-xp 00000000 fc:01 1311898                    /usr/lib/x86_64-linux-gnu/libX11.so.6.3.0
7f8eb1a16000-7f8eb1c16000 ---p 00134000 fc:01 1311898                    /usr/lib/x86_64-linux-gnu/libX11.so.6.3.0
7f8eb1c16000-7f8eb1c17000 r--p 00134000 fc:01 1311898                    /usr/lib/x86_64-linux-gnu/libX11.so.6.3.0
7f8eb1c17000-7f8eb1c1c000 rw-p 00135000 fc:01 1311898                    /usr/lib/x86_64-linux-gnu/libX11.so.6.3.0
7f8eb1c1c000-7f8eb1c2d000 r-xp 00000000 fc:01 1312230                    /usr/lib/x86_64-linux-gnu/libXext.so.6.4.0
7f8eb1c2d000-7f8eb1e2c000 ---p 00011000 fc:01 1312230                    /usr/lib/x86_64-linux-gnu/libXext.so.6.4.0
7f8eb1e2c000-7f8eb1e2d000 r--p 00010000 fc:01 1312230                    /usr/lib/x86_64-linux-gnu/libXext.so.6.4.0
7f8eb1e2d000-7f8eb1e2e000 rw-p 00011000 fc:01 1312230                    /usr/lib/x86_64-linux-gnu/libXext.so.6.4.0
7f8eb1e2e000-7f8eb1e7e000 r-xp 00000000 fc:01 286180                     /usr/lib/jvm/jdk1.7.0_21/jre/lib/amd64/xawt/libmawt.so
7f8eb1e7e000-7f8eb207e000 ---p 00050000 fc:01 286180                     /usr/lib/jvm/jdk1.7.0_21/jre/lib/amd64/xawt/libmawt.so
7f8eb207e000-7f8eb2082000 rw-p 00050000 fc:01 286180                     /usr/lib/jvm/jdk1.7.0_21/jre/lib/amd64/xawt/libmawt.so
7f8eb2082000-7f8eb2083000 rw-p 00000000 00:00 0 
7f8eb2083000-7f8eb2125000 r-xp 00000000 fc:01 150350                     /usr/lib/jvm/jdk1.7.0_21/jre/lib/amd64/libawt.so
7f8eb2125000-7f8eb2325000 ---p 000a2000 fc:01 150350                     /usr/lib/jvm/jdk1.7.0_21/jre/lib/amd64/libawt.so
7f8eb2325000-7f8eb2331000 rw-p 000a2000 fc:01 150350                     /usr/lib/jvm/jdk1.7.0_21/jre/lib/amd64/libawt.so
7f8eb2331000-7f8eb2355000 rw-p 00000000 00:00 0 
7f8eb2355000-7f8eb2356000 ---p 00000000 00:00 0 
7f8eb2356000-7f8eb2456000 rw-p 00000000 00:00 0 
7f8eb2456000-7f8eb2459000 ---p 00000000 00:00 0 
7f8eb2459000-7f8eb2557000 rw-p 00000000 00:00 0                          [stack:9227]
7f8eb2557000-7f8eb255a000 ---p 00000000 00:00 0 
7f8eb255a000-7f8eb2658000 rw-p 00000000 00:00 0                          [stack:9226]
7f8eb2658000-7f8eb265b000 ---p 00000000 00:00 0 
7f8eb265b000-7f8eb2759000 rw-p 00000000 00:00 0                          [stack:9225]
7f8eb2759000-7f8eb275c000 ---p 00000000 00:00 0 
7f8eb275c000-7f8eb285a000 rw-p 00000000 00:00 0                          [stack:9224]
7f8eb285a000-7f8eb2eef000 r--p 00000000 fc:01 1310893                    /usr/lib/locale/locale-archive
7f8eb2eef000-7f8eb2ef2000 ---p 00000000 00:00 0 
7f8eb2ef2000-7f8eb2ff0000 rw-p 00000000 00:00 0                          [stack:9223]
7f8eb2ff0000-7f8eb2ff3000 ---p 00000000 00:00 0 
7f8eb2ff3000-7f8eb30f1000 rw-p 00000000 00:00 0                          [stack:9222]
7f8eb30f1000-7f8eb30f2000 ---p 00000000 00:00 0 
7f8eb30f2000-7f8eb4000000 rw-p 00000000 00:00 0 
7f8eb4000000-7f8eb4021000 rw-p 00000000 00:00 0 
7f8eb4021000-7f8eb8000000 ---p 00000000 00:00 0 
7f8eb803e000-7f8eb813f000 rw-p 00000000 00:00 0 
7f8eb813f000-7f8eb82fc000 r--s 039de000 fc:01 149776                     /usr/lib/jvm/jdk1.7.0_21/jre/lib/rt.jar
7f8eb82fc000-7f8ebc000000 rw-p 00000000 00:00 0 
7f8ebc000000-7f8ebc021000 rw-p 00000000 00:00 0 
7f8ebc021000-7f8ec0000000 ---p 00000000 00:00 0 
7f8ec001a000-7f8ec00cc000 rw-p 00000000 00:00 0 
7f8ec00cc000-7f8ec00cd000 ---p 00000000 00:00 0 
7f8ec00cd000-7f8ec01cd000 rw-p 00000000 00:00 0                          [stack:9220]
7f8ec01cd000-7f8ec01ce000 ---p 00000000 00:00 0 
7f8ec01ce000-7f8ec02ce000 rw-p 00000000 00:00 0                          [stack:9219]
7f8ec02ce000-7f8ec02cf000 ---p 00000000 00:00 0 
7f8ec02cf000-7f8ec03cf000 rw-p 00000000 00:00 0                          [stack:9218]
7f8ec03cf000-7f8ec03d0000 ---p 00000000 00:00 0 
7f8ec03d0000-7f8ec04ef000 rw-p 00000000 00:00 0                          [stack:9217]
7f8ec04ef000-7f8ec06be000 rw-p 00000000 00:00 0 
7f8ec06be000-7f8ec06c9000 rw-p 00000000 00:00 0 
7f8ec06c9000-7f8ec06e7000 rw-p 00000000 00:00 0 
7f8ec06e7000-7f8ec0706000 rw-p 00000000 00:00 0 
7f8ec0706000-7f8ec08d4000 rw-p 00000000 00:00 0 
7f8ec08d4000-7f8ec08e4000 rw-p 00000000 00:00 0 
7f8ec08e4000-7f8ec09cb000 rw-p 00000000 00:00 0 
7f8ec09cb000-7f8ec09cc000 rw-p 00000000 00:00 0 
7f8ec09cc000-7f8ec0c3c000 rwxp 00000000 00:00 0 
7f8ec0c3c000-7f8ec39cc000 rw-p 00000000 00:00 0 
7f8ec39cc000-7f8ec39e6000 r-xp 00000000 fc:01 150311                     /usr/lib/jvm/jdk1.7.0_21/jre/lib/amd64/libzip.so
7f8ec39e6000-7f8ec3be6000 ---p 0001a000 fc:01 150311                     /usr/lib/jvm/jdk1.7.0_21/jre/lib/amd64/libzip.so
7f8ec3be6000-7f8ec3be7000 rw-p 0001a000 fc:01 150311                     /usr/lib/jvm/jdk1.7.0_21/jre/lib/amd64/libzip.so
7f8ec3be7000-7f8ec3bf3000 r-xp 00000000 fc:01 393446                     /lib/x86_64-linux-gnu/libnss_files-2.17.so
7f8ec3bf3000-7f8ec3df2000 ---p 0000c000 fc:01 393446                     /lib/x86_64-linux-gnu/libnss_files-2.17.so
7f8ec3df2000-7f8ec3df3000 r--p 0000b000 fc:01 393446                     /lib/x86_64-linux-gnu/libnss_files-2.17.so
7f8ec3df3000-7f8ec3df4000 rw-p 0000c000 fc:01 393446                     /lib/x86_64-linux-gnu/libnss_files-2.17.so
7f8ec3df4000-7f8ec3dff000 r-xp 00000000 fc:01 393442                     /lib/x86_64-linux-gnu/libnss_nis-2.17.so
7f8ec3dff000-7f8ec3ffe000 ---p 0000b000 fc:01 393442                     /lib/x86_64-linux-gnu/libnss_nis-2.17.so
7f8ec3ffe000-7f8ec3fff000 r--p 0000a000 fc:01 393442                     /lib/x86_64-linux-gnu/libnss_nis-2.17.so
7f8ec3fff000-7f8ec4000000 rw-p 0000b000 fc:01 393442                     /lib/x86_64-linux-gnu/libnss_nis-2.17.so
7f8ec4000000-7f8ec4246000 rw-p 00000000 00:00 0 
7f8ec4246000-7f8ec8000000 ---p 00000000 00:00 0 
7f8ec8005000-7f8ec809b000 rw-p 00000000 00:00 0 
7f8ec809b000-7f8ec80b9000 rw-p 00000000 00:00 0 
7f8ec80b9000-7f8ec80d0000 r-xp 00000000 fc:01 393427                     /lib/x86_64-linux-gnu/libnsl-2.17.so
7f8ec80d0000-7f8ec82cf000 ---p 00017000 fc:01 393427                     /lib/x86_64-linux-gnu/libnsl-2.17.so
7f8ec82cf000-7f8ec82d0000 r--p 00016000 fc:01 393427                     /lib/x86_64-linux-gnu/libnsl-2.17.so
7f8ec82d0000-7f8ec82d1000 rw-p 00017000 fc:01 393427                     /lib/x86_64-linux-gnu/libnsl-2.17.so
7f8ec82d1000-7f8ec82d3000 rw-p 00000000 00:00 0 
7f8ec82d3000-7f8ec82db000 r-xp 00000000 fc:01 393437                     /lib/x86_64-linux-gnu/libnss_compat-2.17.so
7f8ec82db000-7f8ec84da000 ---p 00008000 fc:01 393437                     /lib/x86_64-linux-gnu/libnss_compat-2.17.so
7f8ec84da000-7f8ec84db000 r--p 00007000 fc:01 393437                     /lib/x86_64-linux-gnu/libnss_compat-2.17.so
7f8ec84db000-7f8ec84dc000 rw-p 00008000 fc:01 393437                     /lib/x86_64-linux-gnu/libnss_compat-2.17.so
7f8ec84dc000-7f8ec8505000 r-xp 00000000 fc:01 150357                     /usr/lib/jvm/jdk1.7.0_21/jre/lib/amd64/libjava.so
7f8ec8505000-7f8ec8705000 ---p 00029000 fc:01 150357                     /usr/lib/jvm/jdk1.7.0_21/jre/lib/amd64/libjava.so
7f8ec8705000-7f8ec8707000 rw-p 00029000 fc:01 150357                     /usr/lib/jvm/jdk1.7.0_21/jre/lib/amd64/libjava.so
7f8ec8707000-7f8ec8714000 r-xp 00000000 fc:01 150324                     /usr/lib/jvm/jdk1.7.0_21/jre/lib/amd64/libverify.so
7f8ec8714000-7f8ec8913000 ---p 0000d000 fc:01 150324                     /usr/lib/jvm/jdk1.7.0_21/jre/lib/amd64/libverify.so
7f8ec8913000-7f8ec8915000 rw-p 0000c000 fc:01 150324                     /usr/lib/jvm/jdk1.7.0_21/jre/lib/amd64/libverify.so
7f8ec8915000-7f8ec891c000 r-xp 00000000 fc:01 393424                     /lib/x86_64-linux-gnu/librt-2.17.so
7f8ec891c000-7f8ec8b1b000 ---p 00007000 fc:01 393424                     /lib/x86_64-linux-gnu/librt-2.17.so
7f8ec8b1b000-7f8ec8b1c000 r--p 00006000 fc:01 393424                     /lib/x86_64-linux-gnu/librt-2.17.so
7f8ec8b1c000-7f8ec8b1d000 rw-p 00007000 fc:01 393424                     /lib/x86_64-linux-gnu/librt-2.17.so
7f8ec8b1d000-7f8ec8c20000 r-xp 00000000 fc:01 393440                     /lib/x86_64-linux-gnu/libm-2.17.so
7f8ec8c20000-7f8ec8e20000 ---p 00103000 fc:01 393440                     /lib/x86_64-linux-gnu/libm-2.17.so
7f8ec8e20000-7f8ec8e21000 r--p 00103000 fc:01 393440                     /lib/x86_64-linux-gnu/libm-2.17.so
7f8ec8e21000-7f8ec8e22000 rw-p 00104000 fc:01 393440                     /lib/x86_64-linux-gnu/libm-2.17.so
7f8ec8e22000-7f8ec986c000 r-xp 00000000 fc:01 286183                     /usr/lib/jvm/jdk1.7.0_21/jre/lib/amd64/server/libjvm.so
7f8ec986c000-7f8ec9a6b000 ---p 00a4a000 fc:01 286183                     /usr/lib/jvm/jdk1.7.0_21/jre/lib/amd64/server/libjvm.so
7f8ec9a6b000-7f8ec9b0f000 rw-p 00a49000 fc:01 286183                     /usr/lib/jvm/jdk1.7.0_21/jre/lib/amd64/server/libjvm.so
7f8ec9b0f000-7f8ec9b4a000 rw-p 00000000 00:00 0 
7f8ec9b4a000-7f8ec9d08000 r-xp 00000000 fc:01 393434                     /lib/x86_64-linux-gnu/libc-2.17.so
7f8ec9d08000-7f8ec9f07000 ---p 001be000 fc:01 393434                     /lib/x86_64-linux-gnu/libc-2.17.so
7f8ec9f07000-7f8ec9f0b000 r--p 001bd000 fc:01 393434                     /lib/x86_64-linux-gnu/libc-2.17.so
7f8ec9f0b000-7f8ec9f0d000 rw-p 001c1000 fc:01 393434                     /lib/x86_64-linux-gnu/libc-2.17.so
7f8ec9f0d000-7f8ec9f12000 rw-p 00000000 00:00 0 
7f8ec9f12000-7f8ec9f15000 r-xp 00000000 fc:01 393435                     /lib/x86_64-linux-gnu/libdl-2.17.so
7f8ec9f15000-7f8eca114000 ---p 00003000 fc:01 393435                     /lib/x86_64-linux-gnu/libdl-2.17.so
7f8eca114000-7f8eca115000 r--p 00002000 fc:01 393435                     /lib/x86_64-linux-gnu/libdl-2.17.so
7f8eca115000-7f8eca116000 rw-p 00003000 fc:01 393435                     /lib/x86_64-linux-gnu/libdl-2.17.so
7f8eca116000-7f8eca12c000 r-xp 00000000 fc:01 286186                     /usr/lib/jvm/jdk1.7.0_21/jre/lib/amd64/jli/libjli.so
7f8eca12c000-7f8eca32c000 ---p 00016000 fc:01 286186                     /usr/lib/jvm/jdk1.7.0_21/jre/lib/amd64/jli/libjli.so
7f8eca32c000-7f8eca32d000 rw-p 00016000 fc:01 286186                     /usr/lib/jvm/jdk1.7.0_21/jre/lib/amd64/jli/libjli.so
7f8eca32d000-7f8eca345000 r-xp 00000000 fc:01 393439                     /lib/x86_64-linux-gnu/libpthread-2.17.so
7f8eca345000-7f8eca544000 ---p 00018000 fc:01 393439                     /lib/x86_64-linux-gnu/libpthread-2.17.so
7f8eca544000-7f8eca545000 r--p 00017000 fc:01 393439                     /lib/x86_64-linux-gnu/libpthread-2.17.so
7f8eca545000-7f8eca546000 rw-p 00018000 fc:01 393439                     /lib/x86_64-linux-gnu/libpthread-2.17.so
7f8eca546000-7f8eca54a000 rw-p 00000000 00:00 0 
7f8eca54a000-7f8eca56d000 r-xp 00000000 fc:01 393430                     /lib/x86_64-linux-gnu/ld-2.17.so
7f8eca57a000-7f8eca57e000 r--s 0008a000 fc:01 150387                     /usr/lib/jvm/jdk1.7.0_21/jre/lib/jsse.jar
7f8eca57e000-7f8eca583000 r--s 00309000 fc:01 1187824                    /home/hqthao/workspace/FEExamTest/FEExamServer/lib/sqlite-jdbc-3.7.2.jar
7f8eca583000-7f8eca58d000 r--s 00254000 fc:01 149783                     /usr/lib/jvm/jdk1.7.0_21/jre/lib/resources.jar
7f8eca58d000-7f8eca597000 rw-p 00000000 00:00 0 
7f8eca597000-7f8eca64d000 rw-p 00000000 00:00 0 
7f8eca64d000-7f8eca650000 ---p 00000000 00:00 0 
7f8eca650000-7f8eca752000 rw-p 00000000 00:00 0                          [stack:9214]
7f8eca754000-7f8eca757000 r--s 0001f000 fc:01 1207325                    /home/hqthao/workspace/FEExamTest/FEExamServer/lib/sqlite-jdbc-3.7.2-javadoc.jar
7f8eca757000-7f8eca75c000 r--s 00309000 fc:01 1207323                    /home/hqthao/workspace/FEExamTest/FEExamDatabase/lib/sqlite-jdbc-3.7.2.jar
7f8eca75c000-7f8eca75f000 r--s 0001f000 fc:01 1207324                    /home/hqthao/workspace/FEExamTest/FEExamDatabase/lib/sqlite-jdbc-3.7.2-javadoc.jar
7f8eca75f000-7f8eca760000 r--s 00012000 fc:01 1192709                    /home/hqthao/workspace/FEExamTest/FEExamServer/lib/miglayout-4.0-swing.jar
7f8eca760000-7f8eca768000 rw-s 00000000 fc:01 657761                     /tmp/hsperfdata_hqthao/9211 (deleted)
7f8eca768000-7f8eca769000 rw-p 00000000 00:00 0 
7f8eca769000-7f8eca76a000 ---p 00000000 00:00 0 
7f8eca76a000-7f8eca76c000 rw-p 00000000 00:00 0 
7f8eca76c000-7f8eca76d000 r--p 00022000 fc:01 393430                     /lib/x86_64-linux-gnu/ld-2.17.so
7f8eca76d000-7f8eca76f000 rw-p 00023000 fc:01 393430                     /lib/x86_64-linux-gnu/ld-2.17.so
7fff86d32000-7fff86d53000 rw-p 00000000 00:00 0                          [stack]
7fff86deb000-7fff86ded000 r-xp 00000000 00:00 0                          [vdso]
ffffffffff600000-ffffffffff601000 r-xp 00000000 00:00 0                  [vsyscall]

VM Arguments:
jvm_args: -Dfile.encoding=UTF-8 
java_command: com.view.MainGui
Launcher Type: SUN_STANDARD

Environment Variables:
PATH=/usr/lib/lightdm/lightdm:/usr/local/sbin:/usr/local/bin:/usr/sbin:/usr/bin:/sbin:/bin:/usr/games:/usr/local/games
SHELL=/bin/bash
DISPLAY=:0

Signal Handlers:
SIGSEGV: [libjvm.so+0x8a80e0], sa_mask[0]=0x7ffbfeff, sa_flags=0x10000004
SIGBUS: [libjvm.so+0x8a80e0], sa_mask[0]=0x7ffbfeff, sa_flags=0x10000004
SIGFPE: [libjvm.so+0x744170], sa_mask[0]=0x7ffbfeff, sa_flags=0x10000004
SIGPIPE: [libjvm.so+0x744170], sa_mask[0]=0x7ffbfeff, sa_flags=0x10000004
SIGXFSZ: [libjvm.so+0x744170], sa_mask[0]=0x7ffbfeff, sa_flags=0x10000004
SIGILL: [libjvm.so+0x744170], sa_mask[0]=0x7ffbfeff, sa_flags=0x10000004
SIGUSR1: SIG_DFL, sa_mask[0]=0x00000000, sa_flags=0x00000000
SIGUSR2: [libjvm.so+0x743ac0], sa_mask[0]=0x00000004, sa_flags=0x10000004
SIGHUP: [libjvm.so+0x745e50], sa_mask[0]=0x7ffbfeff, sa_flags=0x10000004
SIGINT: [libjvm.so+0x745e50], sa_mask[0]=0x7ffbfeff, sa_flags=0x10000004
SIGTERM: [libjvm.so+0x745e50], sa_mask[0]=0x7ffbfeff, sa_flags=0x10000004
SIGQUIT: [libjvm.so+0x745e50], sa_mask[0]=0x7ffbfeff, sa_flags=0x10000004


---------------  S Y S T E M  ---------------

OS:wheezy/sid

uname:Linux 3.8.0-30-generic #44-Ubuntu SMP Thu Aug 22 20:52:24 UTC 2013 x86_64
libc:glibc 2.17 NPTL 2.17 
rlimit: STACK 8192k, CORE 0k, NPROC 47186, NOFILE 4096, AS infinity
load average:0.42 0.34 0.32

/proc/meminfo:
MemTotal:        6059612 kB
MemFree:         1896104 kB
Buffers:          741600 kB
Cached:          1764796 kB
SwapCached:            0 kB
Active:          1870080 kB
Inactive:        2049680 kB
Active(anon):    1401840 kB
Inactive(anon):   628120 kB
Active(file):     468240 kB
Inactive(file):  1421560 kB
Unevictable:         264 kB
Mlocked:             264 kB
SwapTotal:       4095996 kB
SwapFree:        4095996 kB
Dirty:               240 kB
Writeback:             0 kB
AnonPages:       1413600 kB
Mapped:           302876 kB
Shmem:            616596 kB
Slab:             125912 kB
SReclaimable:      80800 kB
SUnreclaim:        45112 kB
KernelStack:        4920 kB
PageTables:        42896 kB
NFS_Unstable:          0 kB
Bounce:                0 kB
WritebackTmp:          0 kB
CommitLimit:     7125800 kB
Committed_AS:    6189724 kB
VmallocTotal:   34359738367 kB
VmallocUsed:      551964 kB
VmallocChunk:   34359181276 kB
HardwareCorrupted:     0 kB
AnonHugePages:         0 kB
HugePages_Total:       0
HugePages_Free:        0
HugePages_Rsvd:        0
HugePages_Surp:        0
Hugepagesize:       2048 kB
DirectMap4k:       69632 kB
DirectMap2M:     6170624 kB


CPU:total 4 (2 cores per cpu, 2 threads per core) family 6 model 42 stepping 7, cmov, cx8, fxsr, mmx, sse, sse2, sse3, ssse3, sse4.1, sse4.2, popcnt, avx, ht, tsc, tscinvbit

/proc/cpuinfo:
processor	: 0
vendor_id	: GenuineIntel
cpu family	: 6
model		: 42
model name	: Intel(R) Core(TM) i5-2430M CPU @ 2.40GHz
stepping	: 7
microcode	: 0x1a
cpu MHz		: 800.000
cache size	: 3072 KB
physical id	: 0
siblings	: 4
core id		: 0
cpu cores	: 2
apicid		: 0
initial apicid	: 0
fpu		: yes
fpu_exception	: yes
cpuid level	: 13
wp		: yes
flags		: fpu vme de pse tsc msr pae mce cx8 apic sep mtrr pge mca cmov pat pse36 clflush dts acpi mmx fxsr sse sse2 ss ht tm pbe syscall nx rdtscp lm constant_tsc arch_perfmon pebs bts rep_good nopl xtopology nonstop_tsc aperfmperf eagerfpu pni pclmulqdq dtes64 monitor ds_cpl vmx est tm2 ssse3 cx16 xtpr pdcm pcid sse4_1 sse4_2 x2apic popcnt tsc_deadline_timer aes xsave avx lahf_lm ida arat epb xsaveopt pln pts dtherm tpr_shadow vnmi flexpriority ept vpid
bogomips	: 4789.08
clflush size	: 64
cache_alignment	: 64
address sizes	: 36 bits physical, 48 bits virtual
power management:

processor	: 1
vendor_id	: GenuineIntel
cpu family	: 6
model		: 42
model name	: Intel(R) Core(TM) i5-2430M CPU @ 2.40GHz
stepping	: 7
microcode	: 0x1a
cpu MHz		: 800.000
cache size	: 3072 KB
physical id	: 0
siblings	: 4
core id		: 0
cpu cores	: 2
apicid		: 1
initial apicid	: 1
fpu		: yes
fpu_exception	: yes
cpuid level	: 13
wp		: yes
flags		: fpu vme de pse tsc msr pae mce cx8 apic sep mtrr pge mca cmov pat pse36 clflush dts acpi mmx fxsr sse sse2 ss ht tm pbe syscall nx rdtscp lm constant_tsc arch_perfmon pebs bts rep_good nopl xtopology nonstop_tsc aperfmperf eagerfpu pni pclmulqdq dtes64 monitor ds_cpl vmx est tm2 ssse3 cx16 xtpr pdcm pcid sse4_1 sse4_2 x2apic popcnt tsc_deadline_timer aes xsave avx lahf_lm ida arat epb xsaveopt pln pts dtherm tpr_shadow vnmi flexpriority ept vpid
bogomips	: 4789.08
clflush size	: 64
cache_alignment	: 64
address sizes	: 36 bits physical, 48 bits virtual
power management:

processor	: 2
vendor_id	: GenuineIntel
cpu family	: 6
model		: 42
model name	: Intel(R) Core(TM) i5-2430M CPU @ 2.40GHz
stepping	: 7
microcode	: 0x1a
cpu MHz		: 800.000
cache size	: 3072 KB
physical id	: 0
siblings	: 4
core id		: 1
cpu cores	: 2
apicid		: 2
initial apicid	: 2
fpu		: yes
fpu_exception	: yes
cpuid level	: 13
wp		: yes
flags		: fpu vme de pse tsc msr pae mce cx8 apic sep mtrr pge mca cmov pat pse36 clflush dts acpi mmx fxsr sse sse2 ss ht tm pbe syscall nx rdtscp lm constant_tsc arch_perfmon pebs bts rep_good nopl xtopology nonstop_tsc aperfmperf eagerfpu pni pclmulqdq dtes64 monitor ds_cpl vmx est tm2 ssse3 cx16 xtpr pdcm pcid sse4_1 sse4_2 x2apic popcnt tsc_deadline_timer aes xsave avx lahf_lm ida arat epb xsaveopt pln pts dtherm tpr_shadow vnmi flexpriority ept vpid
bogomips	: 4789.08
clflush size	: 64
cache_alignment	: 64
address sizes	: 36 bits physical, 48 bits virtual
power management:

processor	: 3
vendor_id	: GenuineIntel
cpu family	: 6
model		: 42
model name	: Intel(R) Core(TM) i5-2430M CPU @ 2.40GHz
stepping	: 7
microcode	: 0x1a
cpu MHz		: 800.000
cache size	: 3072 KB
physical id	: 0
siblings	: 4
core id		: 1
cpu cores	: 2
apicid		: 3
initial apicid	: 3
fpu		: yes
fpu_exception	: yes
cpuid level	: 13
wp		: yes
flags		: fpu vme de pse tsc msr pae mce cx8 apic sep mtrr pge mca cmov pat pse36 clflush dts acpi mmx fxsr sse sse2 ss ht tm pbe syscall nx rdtscp lm constant_tsc arch_perfmon pebs bts rep_good nopl xtopology nonstop_tsc aperfmperf eagerfpu pni pclmulqdq dtes64 monitor ds_cpl vmx est tm2 ssse3 cx16 xtpr pdcm pcid sse4_1 sse4_2 x2apic popcnt tsc_deadline_timer aes xsave avx lahf_lm ida arat epb xsaveopt pln pts dtherm tpr_shadow vnmi flexpriority ept vpid
bogomips	: 4789.08
clflush size	: 64
cache_alignment	: 64
address sizes	: 36 bits physical, 48 bits virtual
power management:



Memory: 4k page, physical 6059612k(1896104k free), swap 4095996k(4095996k free)

vm_info: Java HotSpot(TM) 64-Bit Server VM (23.21-b01) for linux-amd64 JRE (1.7.0_21-b11), built on Apr  4 2013 04:03:29 by "java_re" with gcc 4.3.0 20080428 (Red Hat 4.3.0-8)

time: Tue Sep 10 11:39:32 2013
elapsed time: 1 seconds

